2026-05-14 11:32:20,416 - INFO - Epoch 0, Step:0, Avg Loss: 2.383157968521118 lr:0.0005
2026-05-14 11:32:22,875 - INFO - Epoch 0, Step:100, Avg Loss: 1.989130449295044 lr:0.0005
2026-05-14 11:32:25,276 - INFO - Epoch 0, Step:200, Avg Loss: 1.7929486727714539 lr:0.0005
2026-05-14 11:32:27,611 - INFO - Epoch 0, Step:300, Avg Loss: 1.7059170961380006 lr:0.0005
2026-05-14 11:32:29,799 - INFO - Epoch 0, New best accuracy: 0.3571, model saved
2026-05-14 11:32:29,799 - INFO - Epoch 0, Val Accuracy: 0.3571
2026-05-14 11:32:29,830 - INFO - Epoch 1, Step:0, Avg Loss: 1.6686255931854248 lr:0.0005
2026-05-14 11:32:32,141 - INFO - Epoch 1, Step:100, Avg Loss: 1.7148039078712463 lr:0.0005
2026-05-14 11:32:34,413 - INFO - Epoch 1, Step:200, Avg Loss: 1.6850870764255523 lr:0.0005
2026-05-14 11:32:36,691 - INFO - Epoch 1, Step:300, Avg Loss: 1.615059026479721 lr:0.0005
2026-05-14 11:32:38,824 - INFO - Epoch 1, New best accuracy: 0.3900, model saved
2026-05-14 11:32:38,824 - INFO - Epoch 1, Val Accuracy: 0.3900
2026-05-14 11:32:38,848 - INFO - Epoch 2, Step:0, Avg Loss: 1.5225766897201538 lr:0.0005
2026-05-14 11:32:41,156 - INFO - Epoch 2, Step:100, Avg Loss: 1.5994516444206237 lr:0.0005
2026-05-14 11:32:43,437 - INFO - Epoch 2, Step:200, Avg Loss: 1.570269626379013 lr:0.0005
2026-05-14 11:32:45,719 - INFO - Epoch 2, Step:300, Avg Loss: 1.529603239297867 lr:0.0005
2026-05-14 11:32:47,867 - INFO - Epoch 2, New best accuracy: 0.4350, model saved
2026-05-14 11:32:47,867 - INFO - Epoch 2, Val Accuracy: 0.4350
2026-05-14 11:32:47,891 - INFO - Epoch 3, Step:0, Avg Loss: 1.3058030605316162 lr:0.0005
2026-05-14 11:32:50,199 - INFO - Epoch 3, Step:100, Avg Loss: 1.490817329287529 lr:0.0005
2026-05-14 11:32:52,482 - INFO - Epoch 3, Step:200, Avg Loss: 1.456318246126175 lr:0.0005
2026-05-14 11:32:54,769 - INFO - Epoch 3, Step:300, Avg Loss: 1.4189514374732972 lr:0.0005
2026-05-14 11:32:56,913 - INFO - Epoch 3, New best accuracy: 0.5121, model saved
2026-05-14 11:32:56,913 - INFO - Epoch 3, Val Accuracy: 0.5121
2026-05-14 11:32:56,937 - INFO - Epoch 4, Step:0, Avg Loss: 1.0426557064056396 lr:0.0005
2026-05-14 11:32:59,255 - INFO - Epoch 4, Step:100, Avg Loss: 1.3805550038814545 lr:0.0005
2026-05-14 11:33:01,547 - INFO - Epoch 4, Step:200, Avg Loss: 1.363589836359024 lr:0.0005
2026-05-14 11:33:03,828 - INFO - Epoch 4, Step:300, Avg Loss: 1.3424794936180116 lr:0.0005
2026-05-14 11:33:05,947 - INFO - Epoch 4, Val Accuracy: 0.5014
2026-05-14 11:33:05,972 - INFO - Epoch 5, Step:0, Avg Loss: 1.2899397611618042 lr:0.0005
2026-05-14 11:33:08,273 - INFO - Epoch 5, Step:100, Avg Loss: 1.293217202425003 lr:0.0005
2026-05-14 11:33:10,553 - INFO - Epoch 5, Step:200, Avg Loss: 1.2780369633436204 lr:0.0005
2026-05-14 11:33:12,875 - INFO - Epoch 5, Step:300, Avg Loss: 1.242539138197899 lr:0.0005
2026-05-14 11:33:15,028 - INFO - Epoch 5, New best accuracy: 0.5636, model saved
2026-05-14 11:33:15,028 - INFO - Epoch 5, Val Accuracy: 0.5636
2026-05-14 11:33:15,053 - INFO - Epoch 6, Step:0, Avg Loss: 1.5498194694519043 lr:0.0005
2026-05-14 11:33:17,381 - INFO - Epoch 6, Step:100, Avg Loss: 1.183080602288246 lr:0.0005
2026-05-14 11:33:19,686 - INFO - Epoch 6, Step:200, Avg Loss: 1.1680170911550523 lr:0.0005
2026-05-14 11:33:21,994 - INFO - Epoch 6, Step:300, Avg Loss: 1.2118739607930182 lr:0.0005
2026-05-14 11:33:24,132 - INFO - Epoch 6, Val Accuracy: 0.5536
2026-05-14 11:33:24,155 - INFO - Epoch 7, Step:0, Avg Loss: 1.2481012344360352 lr:0.0005
2026-05-14 11:33:26,456 - INFO - Epoch 7, Step:100, Avg Loss: 1.108248280286789 lr:0.0005
2026-05-14 11:33:28,772 - INFO - Epoch 7, Step:200, Avg Loss: 1.158394740819931 lr:0.0005
2026-05-14 11:33:31,075 - INFO - Epoch 7, Step:300, Avg Loss: 1.0996812611818314 lr:0.0005
2026-05-14 11:33:33,238 - INFO - Epoch 7, New best accuracy: 0.6107, model saved
2026-05-14 11:33:33,239 - INFO - Epoch 7, Val Accuracy: 0.6107
2026-05-14 11:33:33,262 - INFO - Epoch 8, Step:0, Avg Loss: 1.0890811681747437 lr:0.0005
2026-05-14 11:33:35,605 - INFO - Epoch 8, Step:100, Avg Loss: 1.0597412651777267 lr:0.0005
2026-05-14 11:33:37,926 - INFO - Epoch 8, Step:200, Avg Loss: 1.0762517341971398 lr:0.0005
2026-05-14 11:33:40,220 - INFO - Epoch 8, Step:300, Avg Loss: 1.0674612659215927 lr:0.0005
2026-05-14 11:33:42,370 - INFO - Epoch 8, New best accuracy: 0.6150, model saved
2026-05-14 11:33:42,371 - INFO - Epoch 8, Val Accuracy: 0.6150
2026-05-14 11:33:42,395 - INFO - Epoch 9, Step:0, Avg Loss: 1.4963657855987549 lr:0.0005
2026-05-14 11:33:44,798 - INFO - Epoch 9, Step:100, Avg Loss: 1.0063526391983033 lr:0.0005
2026-05-14 11:33:47,200 - INFO - Epoch 9, Step:200, Avg Loss: 0.9925617384910583 lr:0.0005
2026-05-14 11:33:49,588 - INFO - Epoch 9, Step:300, Avg Loss: 0.994631274342537 lr:0.0005
2026-05-14 11:33:51,770 - INFO - Epoch 9, Val Accuracy: 0.5786
2026-05-14 11:33:51,795 - INFO - Epoch 10, Step:0, Avg Loss: 0.8579884767532349 lr:0.0005
2026-05-14 11:33:54,199 - INFO - Epoch 10, Step:100, Avg Loss: 0.9384521299600601 lr:0.0005
2026-05-14 11:33:56,603 - INFO - Epoch 10, Step:200, Avg Loss: 0.9779017296433449 lr:0.0005
2026-05-14 11:33:58,997 - INFO - Epoch 10, Step:300, Avg Loss: 0.9471803846955299 lr:0.0005
2026-05-14 11:34:01,204 - INFO - Epoch 10, New best accuracy: 0.6421, model saved
2026-05-14 11:34:01,204 - INFO - Epoch 10, Val Accuracy: 0.6421
2026-05-14 11:34:01,229 - INFO - Epoch 11, Step:0, Avg Loss: 1.2179315090179443 lr:0.0005
2026-05-14 11:34:03,637 - INFO - Epoch 11, Step:100, Avg Loss: 0.8908491003513336 lr:0.0005
2026-05-14 11:34:06,030 - INFO - Epoch 11, Step:200, Avg Loss: 0.849706309735775 lr:0.0005
2026-05-14 11:34:08,423 - INFO - Epoch 11, Step:300, Avg Loss: 0.8920524102449418 lr:0.0005
2026-05-14 11:34:10,636 - INFO - Epoch 11, New best accuracy: 0.6614, model saved
2026-05-14 11:34:10,636 - INFO - Epoch 11, Val Accuracy: 0.6614
2026-05-14 11:34:10,660 - INFO - Epoch 12, Step:0, Avg Loss: 1.1398818492889404 lr:0.0005
2026-05-14 11:34:13,042 - INFO - Epoch 12, Step:100, Avg Loss: 0.8497974100708962 lr:0.0005
2026-05-14 11:34:15,359 - INFO - Epoch 12, Step:200, Avg Loss: 0.877158163189888 lr:0.0005
2026-05-14 11:34:17,670 - INFO - Epoch 12, Step:300, Avg Loss: 0.8573616462945938 lr:0.0005
2026-05-14 11:34:19,819 - INFO - Epoch 12, New best accuracy: 0.6921, model saved
2026-05-14 11:34:19,820 - INFO - Epoch 12, Val Accuracy: 0.6921
2026-05-14 11:34:19,843 - INFO - Epoch 13, Step:0, Avg Loss: 0.7565120458602905 lr:0.0005
2026-05-14 11:34:22,190 - INFO - Epoch 13, Step:100, Avg Loss: 0.8160751485824584 lr:0.0005
2026-05-14 11:34:24,506 - INFO - Epoch 13, Step:200, Avg Loss: 0.7969905385375022 lr:0.0005
2026-05-14 11:34:26,805 - INFO - Epoch 13, Step:300, Avg Loss: 0.8372760376334191 lr:0.0005
2026-05-14 11:34:28,939 - INFO - Epoch 13, Val Accuracy: 0.6707
2026-05-14 11:34:28,964 - INFO - Epoch 14, Step:0, Avg Loss: 1.182119607925415 lr:0.0005
2026-05-14 11:34:31,294 - INFO - Epoch 14, Step:100, Avg Loss: 0.7551862114667892 lr:0.0005
2026-05-14 11:34:33,607 - INFO - Epoch 14, Step:200, Avg Loss: 0.7848486530780793 lr:0.0005
2026-05-14 11:34:35,910 - INFO - Epoch 14, Step:300, Avg Loss: 0.7553531667590141 lr:0.0005
2026-05-14 11:34:38,079 - INFO - Epoch 14, Val Accuracy: 0.6686
2026-05-14 11:34:38,105 - INFO - Epoch 15, Step:0, Avg Loss: 0.9681693315505981 lr:0.0005
2026-05-14 11:34:40,451 - INFO - Epoch 15, Step:100, Avg Loss: 0.7060765823721886 lr:0.0005
2026-05-14 11:34:42,823 - INFO - Epoch 15, Step:200, Avg Loss: 0.6832864478230476 lr:0.0005
2026-05-14 11:34:45,236 - INFO - Epoch 15, Step:300, Avg Loss: 0.7681289529800415 lr:0.0005
2026-05-14 11:34:47,448 - INFO - Epoch 15, New best accuracy: 0.6993, model saved
2026-05-14 11:34:47,449 - INFO - Epoch 15, Val Accuracy: 0.6993
2026-05-14 11:34:47,473 - INFO - Epoch 16, Step:0, Avg Loss: 0.7207756638526917 lr:0.0005
2026-05-14 11:34:49,929 - INFO - Epoch 16, Step:100, Avg Loss: 0.6484777945280075 lr:0.0005
2026-05-14 11:34:52,453 - INFO - Epoch 16, Step:200, Avg Loss: 0.7264898511767387 lr:0.0005
2026-05-14 11:34:54,928 - INFO - Epoch 16, Step:300, Avg Loss: 0.6980028465390206 lr:0.0005
2026-05-14 11:34:57,552 - INFO - Epoch 16, New best accuracy: 0.7057, model saved
2026-05-14 11:34:57,552 - INFO - Epoch 16, Val Accuracy: 0.7057
2026-05-14 11:34:57,579 - INFO - Epoch 17, Step:0, Avg Loss: 0.4756474196910858 lr:0.0005
2026-05-14 11:35:00,057 - INFO - Epoch 17, Step:100, Avg Loss: 0.6344625648856163 lr:0.0005
2026-05-14 11:35:02,483 - INFO - Epoch 17, Step:200, Avg Loss: 0.7052993738651275 lr:0.0005
2026-05-14 11:35:04,910 - INFO - Epoch 17, Step:300, Avg Loss: 0.6366432166844607 lr:0.0004
2026-05-14 11:35:07,132 - INFO - Epoch 17, Val Accuracy: 0.6600
2026-05-14 11:35:07,158 - INFO - Epoch 18, Step:0, Avg Loss: 1.005112648010254 lr:0.0004
2026-05-14 11:35:09,575 - INFO - Epoch 18, Step:100, Avg Loss: 0.6220471672713757 lr:0.0004
2026-05-14 11:35:11,974 - INFO - Epoch 18, Step:200, Avg Loss: 0.6563528507947922 lr:0.0004
2026-05-14 11:35:14,320 - INFO - Epoch 18, Step:300, Avg Loss: 0.6323630115389824 lr:0.0004
2026-05-14 11:35:16,511 - INFO - Epoch 18, Val Accuracy: 0.6700
2026-05-14 11:35:16,536 - INFO - Epoch 19, Step:0, Avg Loss: 0.8408694267272949 lr:0.0004
2026-05-14 11:35:18,893 - INFO - Epoch 19, Step:100, Avg Loss: 0.5627324415743351 lr:0.0004
2026-05-14 11:35:21,242 - INFO - Epoch 19, Step:200, Avg Loss: 0.5619133841991425 lr:0.0004
2026-05-14 11:35:23,586 - INFO - Epoch 19, Step:300, Avg Loss: 0.6427292689681053 lr:0.0004
2026-05-14 11:35:25,789 - INFO - Epoch 19, New best accuracy: 0.7114, model saved
2026-05-14 11:35:25,789 - INFO - Epoch 19, Val Accuracy: 0.7114
2026-05-14 11:35:25,814 - INFO - Epoch 20, Step:0, Avg Loss: 0.42896050214767456 lr:0.0004
2026-05-14 11:35:28,236 - INFO - Epoch 20, Step:100, Avg Loss: 0.5613891995698214 lr:0.0004
2026-05-14 11:35:30,600 - INFO - Epoch 20, Step:200, Avg Loss: 0.54762371301651 lr:0.0004
2026-05-14 11:35:33,028 - INFO - Epoch 20, Step:300, Avg Loss: 0.5128418350219727 lr:0.0004
2026-05-14 11:35:35,551 - INFO - Epoch 20, Val Accuracy: 0.6464
2026-05-14 11:35:35,579 - INFO - Epoch 21, Step:0, Avg Loss: 0.864775538444519 lr:0.0004
2026-05-14 11:35:38,174 - INFO - Epoch 21, Step:100, Avg Loss: 0.5087166355550289 lr:0.0004
2026-05-14 11:35:40,750 - INFO - Epoch 21, Step:200, Avg Loss: 0.5191813693195582 lr:0.0004
2026-05-14 11:35:43,276 - INFO - Epoch 21, Step:300, Avg Loss: 0.5216050174832344 lr:0.0004
2026-05-14 11:35:45,643 - INFO - Epoch 21, New best accuracy: 0.7143, model saved
2026-05-14 11:35:45,643 - INFO - Epoch 21, Val Accuracy: 0.7143
2026-05-14 11:35:45,671 - INFO - Epoch 22, Step:0, Avg Loss: 0.36498895287513733 lr:0.0004
2026-05-14 11:35:48,368 - INFO - Epoch 22, Step:100, Avg Loss: 0.46215957418084147 lr:0.0004
2026-05-14 11:35:50,775 - INFO - Epoch 22, Step:200, Avg Loss: 0.4407542869448662 lr:0.0004
2026-05-14 11:35:53,152 - INFO - Epoch 22, Step:300, Avg Loss: 0.46299330227077007 lr:0.0004
2026-05-14 11:35:55,374 - INFO - Epoch 22, New best accuracy: 0.7221, model saved
2026-05-14 11:35:55,374 - INFO - Epoch 22, Val Accuracy: 0.7221
2026-05-14 11:35:55,399 - INFO - Epoch 23, Step:0, Avg Loss: 0.6244178414344788 lr:0.0004
2026-05-14 11:35:57,823 - INFO - Epoch 23, Step:100, Avg Loss: 0.42592783078551294 lr:0.0004
2026-05-14 11:36:00,210 - INFO - Epoch 23, Step:200, Avg Loss: 0.44869311682879925 lr:0.0004
2026-05-14 11:36:02,638 - INFO - Epoch 23, Step:300, Avg Loss: 0.46359040319919587 lr:0.0004
2026-05-14 11:36:04,822 - INFO - Epoch 23, Val Accuracy: 0.7157
2026-05-14 11:36:04,848 - INFO - Epoch 24, Step:0, Avg Loss: 0.20694118738174438 lr:0.0004
2026-05-14 11:36:07,228 - INFO - Epoch 24, Step:100, Avg Loss: 0.3591052561439574 lr:0.0004
2026-05-14 11:36:09,618 - INFO - Epoch 24, Step:200, Avg Loss: 0.4759406703710556 lr:0.0004
2026-05-14 11:36:11,974 - INFO - Epoch 24, Step:300, Avg Loss: 0.44453959122300146 lr:0.0004
2026-05-14 11:36:14,162 - INFO - Epoch 24, New best accuracy: 0.7286, model saved
2026-05-14 11:36:14,162 - INFO - Epoch 24, Val Accuracy: 0.7286
2026-05-14 11:36:14,189 - INFO - Epoch 25, Step:0, Avg Loss: 0.23528510332107544 lr:0.0004
2026-05-14 11:36:16,684 - INFO - Epoch 25, Step:100, Avg Loss: 0.34449652293697 lr:0.0004
2026-05-14 11:36:19,059 - INFO - Epoch 25, Step:200, Avg Loss: 0.3754795815050602 lr:0.0004
2026-05-14 11:36:21,432 - INFO - Epoch 25, Step:300, Avg Loss: 0.37893430702388287 lr:0.0004
2026-05-14 11:36:23,618 - INFO - Epoch 25, Val Accuracy: 0.6979
2026-05-14 11:36:23,643 - INFO - Epoch 26, Step:0, Avg Loss: 0.7588634490966797 lr:0.0004
2026-05-14 11:36:26,024 - INFO - Epoch 26, Step:100, Avg Loss: 0.34870853047817946 lr:0.0004
2026-05-14 11:36:28,385 - INFO - Epoch 26, Step:200, Avg Loss: 0.3391406640410423 lr:0.0004
2026-05-14 11:36:30,745 - INFO - Epoch 26, Step:300, Avg Loss: 0.30818055795505644 lr:0.0004
2026-05-14 11:36:32,927 - INFO - Epoch 26, Val Accuracy: 0.7129
2026-05-14 11:36:32,951 - INFO - Epoch 27, Step:0, Avg Loss: 0.11006046086549759 lr:0.0004
2026-05-14 11:36:35,311 - INFO - Epoch 27, Step:100, Avg Loss: 0.2854490431025624 lr:0.0004
2026-05-14 11:36:37,673 - INFO - Epoch 27, Step:200, Avg Loss: 0.3225262650474906 lr:0.0004
2026-05-14 11:36:40,058 - INFO - Epoch 27, Step:300, Avg Loss: 0.33922915237024426 lr:0.0004
2026-05-14 11:36:42,239 - INFO - Epoch 27, Val Accuracy: 0.7200
2026-05-14 11:36:42,264 - INFO - Epoch 28, Step:0, Avg Loss: 0.44743242859840393 lr:0.0004
2026-05-14 11:36:44,591 - INFO - Epoch 28, Step:100, Avg Loss: 0.2880139646306634 lr:0.0004
2026-05-14 11:36:46,960 - INFO - Epoch 28, Step:200, Avg Loss: 0.3096250306814909 lr:0.0004
2026-05-14 11:36:49,335 - INFO - Epoch 28, Step:300, Avg Loss: 0.30889586728066204 lr:0.0004
2026-05-14 11:36:51,578 - INFO - Epoch 28, Val Accuracy: 0.7207
2026-05-14 11:36:51,603 - INFO - Epoch 29, Step:0, Avg Loss: 0.14065513014793396 lr:0.0004
2026-05-14 11:36:53,945 - INFO - Epoch 29, Step:100, Avg Loss: 0.24844529394060375 lr:0.0004
2026-05-14 11:36:56,291 - INFO - Epoch 29, Step:200, Avg Loss: 0.25558596398681405 lr:0.0004
2026-05-14 11:36:58,629 - INFO - Epoch 29, Step:300, Avg Loss: 0.26439911741763356 lr:0.0004
2026-05-14 11:37:00,842 - INFO - Epoch 29, New best accuracy: 0.7350, model saved
2026-05-14 11:37:00,842 - INFO - Epoch 29, Val Accuracy: 0.7350
2026-05-14 11:37:00,869 - INFO - Epoch 30, Step:0, Avg Loss: 0.18107342720031738 lr:0.0004
2026-05-14 11:37:03,295 - INFO - Epoch 30, Step:100, Avg Loss: 0.2267079017870128 lr:0.0004
2026-05-14 11:37:05,640 - INFO - Epoch 30, Step:200, Avg Loss: 0.24479972856119275 lr:0.0004
2026-05-14 11:37:07,977 - INFO - Epoch 30, Step:300, Avg Loss: 0.24610167130827904 lr:0.0004
2026-05-14 11:37:10,173 - INFO - Epoch 30, New best accuracy: 0.7393, model saved
2026-05-14 11:37:10,174 - INFO - Epoch 30, Val Accuracy: 0.7393
2026-05-14 11:37:10,200 - INFO - Epoch 31, Step:0, Avg Loss: 0.21691615879535675 lr:0.0004
2026-05-14 11:37:12,636 - INFO - Epoch 31, Step:100, Avg Loss: 0.19625971967354416 lr:0.0004
2026-05-14 11:37:14,984 - INFO - Epoch 31, Step:200, Avg Loss: 0.25898105593398213 lr:0.0004
2026-05-14 11:37:17,325 - INFO - Epoch 31, Step:300, Avg Loss: 0.20238482803106309 lr:0.0004
2026-05-14 11:37:19,505 - INFO - Epoch 31, Val Accuracy: 0.7157
2026-05-14 11:37:19,532 - INFO - Epoch 32, Step:0, Avg Loss: 0.6255270838737488 lr:0.0003
2026-05-14 11:37:21,878 - INFO - Epoch 32, Step:100, Avg Loss: 0.20496105760335923 lr:0.0003
2026-05-14 11:37:24,212 - INFO - Epoch 32, Step:200, Avg Loss: 0.20340558277443052 lr:0.0003
2026-05-14 11:37:26,555 - INFO - Epoch 32, Step:300, Avg Loss: 0.1932401807513088 lr:0.0003
2026-05-14 11:37:28,727 - INFO - Epoch 32, Val Accuracy: 0.7193
2026-05-14 11:37:28,751 - INFO - Epoch 33, Step:0, Avg Loss: 0.27439284324645996 lr:0.0003
2026-05-14 11:37:31,088 - INFO - Epoch 33, Step:100, Avg Loss: 0.18295414867810905 lr:0.0003
2026-05-14 11:37:33,435 - INFO - Epoch 33, Step:200, Avg Loss: 0.2253765930701047 lr:0.0003
2026-05-14 11:37:35,813 - INFO - Epoch 33, Step:300, Avg Loss: 0.1926391813904047 lr:0.0003
2026-05-14 11:37:38,236 - INFO - Epoch 33, New best accuracy: 0.7414, model saved
2026-05-14 11:37:38,237 - INFO - Epoch 33, Val Accuracy: 0.7414
2026-05-14 11:37:38,267 - INFO - Epoch 34, Step:0, Avg Loss: 0.10124236345291138 lr:0.0003
2026-05-14 11:37:40,757 - INFO - Epoch 34, Step:100, Avg Loss: 0.14839268972165884 lr:0.0003
2026-05-14 11:37:43,161 - INFO - Epoch 34, Step:200, Avg Loss: 0.17286489490419626 lr:0.0003
2026-05-14 11:37:45,532 - INFO - Epoch 34, Step:300, Avg Loss: 0.22407135335728526 lr:0.0003
2026-05-14 11:37:47,730 - INFO - Epoch 34, Val Accuracy: 0.7393
2026-05-14 11:37:47,754 - INFO - Epoch 35, Step:0, Avg Loss: 0.1976635754108429 lr:0.0003
2026-05-14 11:37:50,133 - INFO - Epoch 35, Step:100, Avg Loss: 0.13205717949196696 lr:0.0003
2026-05-14 11:37:52,573 - INFO - Epoch 35, Step:200, Avg Loss: 0.1381369049521163 lr:0.0003
2026-05-14 11:37:54,971 - INFO - Epoch 35, Step:300, Avg Loss: 0.15567569568753242 lr:0.0003
2026-05-14 11:37:57,182 - INFO - Epoch 35, Val Accuracy: 0.7321
2026-05-14 11:37:57,206 - INFO - Epoch 36, Step:0, Avg Loss: 0.28362512588500977 lr:0.0003
2026-05-14 11:37:59,575 - INFO - Epoch 36, Step:100, Avg Loss: 0.11488915354479104 lr:0.0003
2026-05-14 11:38:01,990 - INFO - Epoch 36, Step:200, Avg Loss: 0.12535044331569226 lr:0.0003
2026-05-14 11:38:04,396 - INFO - Epoch 36, Step:300, Avg Loss: 0.1265756137203425 lr:0.0003
2026-05-14 11:38:06,592 - INFO - Epoch 36, Val Accuracy: 0.7257
2026-05-14 11:38:06,617 - INFO - Epoch 37, Step:0, Avg Loss: 0.202029749751091 lr:0.0003
2026-05-14 11:38:08,973 - INFO - Epoch 37, Step:100, Avg Loss: 0.1279588773055002 lr:0.0003
2026-05-14 11:38:11,348 - INFO - Epoch 37, Step:200, Avg Loss: 0.18887447895482182 lr:0.0003
2026-05-14 11:38:13,680 - INFO - Epoch 37, Step:300, Avg Loss: 0.10371969749219716 lr:0.0003
2026-05-14 11:38:15,868 - INFO - Epoch 37, New best accuracy: 0.7521, model saved
2026-05-14 11:38:15,869 - INFO - Epoch 37, Val Accuracy: 0.7521
2026-05-14 11:38:15,894 - INFO - Epoch 38, Step:0, Avg Loss: 0.2533525228500366 lr:0.0003
2026-05-14 11:38:18,306 - INFO - Epoch 38, Step:100, Avg Loss: 0.10117048952262848 lr:0.0003
2026-05-14 11:38:20,659 - INFO - Epoch 38, Step:200, Avg Loss: 0.1442120998632163 lr:0.0003
2026-05-14 11:38:22,984 - INFO - Epoch 38, Step:300, Avg Loss: 0.13212287452071905 lr:0.0003
2026-05-14 11:38:25,152 - INFO - Epoch 38, Val Accuracy: 0.7279
2026-05-14 11:38:25,176 - INFO - Epoch 39, Step:0, Avg Loss: 0.10009600222110748 lr:0.0003
2026-05-14 11:38:27,516 - INFO - Epoch 39, Step:100, Avg Loss: 0.09578762718243525 lr:0.0003
2026-05-14 11:38:29,855 - INFO - Epoch 39, Step:200, Avg Loss: 0.14950626036938047 lr:0.0003
2026-05-14 11:38:32,174 - INFO - Epoch 39, Step:300, Avg Loss: 0.11057219875161536 lr:0.0003
2026-05-14 11:38:34,346 - INFO - Epoch 39, Val Accuracy: 0.7436
2026-05-14 11:38:34,370 - INFO - Epoch 40, Step:0, Avg Loss: 0.08237680792808533 lr:0.0003
2026-05-14 11:38:36,705 - INFO - Epoch 40, Step:100, Avg Loss: 0.0665004951809533 lr:0.0003
2026-05-14 11:38:39,034 - INFO - Epoch 40, Step:200, Avg Loss: 0.08327969419769943 lr:0.0003
2026-05-14 11:38:41,360 - INFO - Epoch 40, Step:300, Avg Loss: 0.10047830293187872 lr:0.0003
2026-05-14 11:38:43,538 - INFO - Epoch 40, Val Accuracy: 0.7221
2026-05-14 11:38:43,563 - INFO - Epoch 41, Step:0, Avg Loss: 0.10822252184152603 lr:0.0003
2026-05-14 11:38:45,895 - INFO - Epoch 41, Step:100, Avg Loss: 0.06648499141156208 lr:0.0003
2026-05-14 11:38:48,226 - INFO - Epoch 41, Step:200, Avg Loss: 0.09270079125766642 lr:0.0003
2026-05-14 11:38:50,561 - INFO - Epoch 41, Step:300, Avg Loss: 0.07142152314539998 lr:0.0003
2026-05-14 11:38:52,732 - INFO - Epoch 41, Val Accuracy: 0.7343
2026-05-14 11:38:52,757 - INFO - Epoch 42, Step:0, Avg Loss: 0.05528045445680618 lr:0.0003
2026-05-14 11:38:55,094 - INFO - Epoch 42, Step:100, Avg Loss: 0.08407588777830824 lr:0.0003
2026-05-14 11:38:57,450 - INFO - Epoch 42, Step:200, Avg Loss: 0.10438355950522236 lr:0.0003
2026-05-14 11:38:59,822 - INFO - Epoch 42, Step:300, Avg Loss: 0.07376495173608419 lr:0.0003
2026-05-14 11:39:02,009 - INFO - Epoch 42, Val Accuracy: 0.7229
2026-05-14 11:39:02,034 - INFO - Epoch 43, Step:0, Avg Loss: 0.018765561282634735 lr:0.0003
2026-05-14 11:39:04,379 - INFO - Epoch 43, Step:100, Avg Loss: 0.07494854261924047 lr:0.0003
2026-05-14 11:39:06,736 - INFO - Epoch 43, Step:200, Avg Loss: 0.05554614933673292 lr:0.0002
2026-05-14 11:39:09,077 - INFO - Epoch 43, Step:300, Avg Loss: 0.09224171921610833 lr:0.0002
2026-05-14 11:39:11,246 - INFO - Epoch 43, Val Accuracy: 0.7271
2026-05-14 11:39:11,271 - INFO - Epoch 44, Step:0, Avg Loss: 0.053566671907901764 lr:0.0002
2026-05-14 11:39:13,620 - INFO - Epoch 44, Step:100, Avg Loss: 0.05011652487679385 lr:0.0002
2026-05-14 11:39:15,959 - INFO - Epoch 44, Step:200, Avg Loss: 0.04479648059990723 lr:0.0002
2026-05-14 11:39:18,302 - INFO - Epoch 44, Step:300, Avg Loss: 0.059284568905713965 lr:0.0002
2026-05-14 11:39:20,482 - INFO - Epoch 44, Val Accuracy: 0.7429
2026-05-14 11:39:20,506 - INFO - Epoch 45, Step:0, Avg Loss: 0.06567490845918655 lr:0.0002
2026-05-14 11:39:22,854 - INFO - Epoch 45, Step:100, Avg Loss: 0.04948873611778254 lr:0.0002
2026-05-14 11:39:25,191 - INFO - Epoch 45, Step:200, Avg Loss: 0.06028831983509008 lr:0.0002
2026-05-14 11:39:27,534 - INFO - Epoch 45, Step:300, Avg Loss: 0.06822018052218481 lr:0.0002
2026-05-14 11:39:29,718 - INFO - Epoch 45, Val Accuracy: 0.7393
2026-05-14 11:39:29,742 - INFO - Epoch 46, Step:0, Avg Loss: 0.3693169057369232 lr:0.0002
2026-05-14 11:39:32,084 - INFO - Epoch 46, Step:100, Avg Loss: 0.0841926338209305 lr:0.0002
2026-05-14 11:39:34,426 - INFO - Epoch 46, Step:200, Avg Loss: 0.05760892447957303 lr:0.0002
2026-05-14 11:39:36,776 - INFO - Epoch 46, Step:300, Avg Loss: 0.07417090094531886 lr:0.0002
2026-05-14 11:39:38,958 - INFO - Epoch 46, Val Accuracy: 0.7457
2026-05-14 11:39:38,982 - INFO - Epoch 47, Step:0, Avg Loss: 0.0011663575423881412 lr:0.0002
2026-05-14 11:39:41,325 - INFO - Epoch 47, Step:100, Avg Loss: 0.060914134968188594 lr:0.0002
2026-05-14 11:39:43,759 - INFO - Epoch 47, Step:200, Avg Loss: 0.044735434519679984 lr:0.0002
2026-05-14 11:39:46,197 - INFO - Epoch 47, Step:300, Avg Loss: 0.04659912576164061 lr:0.0002
2026-05-14 11:39:48,408 - INFO - Epoch 47, New best accuracy: 0.7536, model saved
2026-05-14 11:39:48,408 - INFO - Epoch 47, Val Accuracy: 0.7536
2026-05-14 11:39:48,433 - INFO - Epoch 48, Step:0, Avg Loss: 0.02046959474682808 lr:0.0002
2026-05-14 11:39:50,917 - INFO - Epoch 48, Step:100, Avg Loss: 0.03524372009938816 lr:0.0002
2026-05-14 11:39:53,380 - INFO - Epoch 48, Step:200, Avg Loss: 0.022889407261973246 lr:0.0002
2026-05-14 11:39:55,861 - INFO - Epoch 48, Step:300, Avg Loss: 0.07036176375724608 lr:0.0002
2026-05-14 11:39:58,068 - INFO - Epoch 48, Val Accuracy: 0.7471
2026-05-14 11:39:58,094 - INFO - Epoch 49, Step:0, Avg Loss: 0.11903667449951172 lr:0.0002
2026-05-14 11:40:00,535 - INFO - Epoch 49, Step:100, Avg Loss: 0.07547614010632969 lr:0.0002
2026-05-14 11:40:02,955 - INFO - Epoch 49, Step:200, Avg Loss: 0.0374653828056762 lr:0.0002
2026-05-14 11:40:05,390 - INFO - Epoch 49, Step:300, Avg Loss: 0.025587874282646226 lr:0.0002
2026-05-14 11:40:07,687 - INFO - Epoch 49, Val Accuracy: 0.7421
2026-05-14 11:40:07,712 - INFO - Epoch 50, Step:0, Avg Loss: 0.04569146782159805 lr:0.0002
2026-05-14 11:40:10,215 - INFO - Epoch 50, Step:100, Avg Loss: 0.03011052075191401 lr:0.0002
2026-05-14 11:40:12,657 - INFO - Epoch 50, Step:200, Avg Loss: 0.03288161410466273 lr:0.0002
2026-05-14 11:40:15,027 - INFO - Epoch 50, Step:300, Avg Loss: 0.048842629092468996 lr:0.0002
2026-05-14 11:40:17,191 - INFO - Epoch 50, Val Accuracy: 0.7514
2026-05-14 11:40:17,216 - INFO - Epoch 51, Step:0, Avg Loss: 0.002904625842347741 lr:0.0002
2026-05-14 11:40:19,543 - INFO - Epoch 51, Step:100, Avg Loss: 0.045425269591651156 lr:0.0002
2026-05-14 11:40:21,877 - INFO - Epoch 51, Step:200, Avg Loss: 0.03357712261371489 lr:0.0002
2026-05-14 11:40:24,209 - INFO - Epoch 51, Step:300, Avg Loss: 0.04350608834578452 lr:0.0002
2026-05-14 11:40:26,374 - INFO - Epoch 51, Val Accuracy: 0.7300
2026-05-14 11:40:26,398 - INFO - Epoch 52, Step:0, Avg Loss: 0.004401080776005983 lr:0.0002
2026-05-14 11:40:28,733 - INFO - Epoch 52, Step:100, Avg Loss: 0.028691261033382032 lr:0.0002
2026-05-14 11:40:31,065 - INFO - Epoch 52, Step:200, Avg Loss: 0.03572133559799113 lr:0.0002
2026-05-14 11:40:33,395 - INFO - Epoch 52, Step:300, Avg Loss: 0.03083499717631639 lr:0.0002
2026-05-14 11:40:35,564 - INFO - Epoch 52, Val Accuracy: 0.7407
2026-05-14 11:40:35,592 - INFO - Epoch 53, Step:0, Avg Loss: 0.0028286634478718042 lr:0.0002
2026-05-14 11:40:37,932 - INFO - Epoch 53, Step:100, Avg Loss: 0.025411511988422716 lr:0.0002
2026-05-14 11:40:40,269 - INFO - Epoch 53, Step:200, Avg Loss: 0.028052657553271274 lr:0.0002
2026-05-14 11:40:42,646 - INFO - Epoch 53, Step:300, Avg Loss: 0.029099678363127168 lr:0.0002
2026-05-14 11:40:44,840 - INFO - Epoch 53, Val Accuracy: 0.7479
2026-05-14 11:40:44,866 - INFO - Epoch 54, Step:0, Avg Loss: 0.0008085108129307628 lr:0.0002
2026-05-14 11:40:47,276 - INFO - Epoch 54, Step:100, Avg Loss: 0.02106801444577286 lr:0.0002
2026-05-14 11:40:49,690 - INFO - Epoch 54, Step:200, Avg Loss: 0.01838696831386187 lr:0.0002
2026-05-14 11:40:52,092 - INFO - Epoch 54, Step:300, Avg Loss: 0.017929203092026 lr:0.0002
2026-05-14 11:40:54,320 - INFO - Epoch 54, Val Accuracy: 0.7471
2026-05-14 11:40:54,345 - INFO - Epoch 55, Step:0, Avg Loss: 0.009075568057596684 lr:0.0001
2026-05-14 11:40:56,758 - INFO - Epoch 55, Step:100, Avg Loss: 0.024863872779187658 lr:0.0001
2026-05-14 11:40:59,174 - INFO - Epoch 55, Step:200, Avg Loss: 0.04638049519853667 lr:0.0001
2026-05-14 11:41:01,610 - INFO - Epoch 55, Step:300, Avg Loss: 0.01471945848847099 lr:0.0001
2026-05-14 11:41:03,836 - INFO - Epoch 55, Val Accuracy: 0.7436
2026-05-14 11:41:03,861 - INFO - Epoch 56, Step:0, Avg Loss: 0.019691018387675285 lr:0.0001
2026-05-14 11:41:06,266 - INFO - Epoch 56, Step:100, Avg Loss: 0.029815634433361993 lr:0.0001
2026-05-14 11:41:08,673 - INFO - Epoch 56, Step:200, Avg Loss: 0.02376062608189386 lr:0.0001
2026-05-14 11:41:11,114 - INFO - Epoch 56, Step:300, Avg Loss: 0.020302043882838915 lr:0.0001
2026-05-14 11:41:13,314 - INFO - Epoch 56, Val Accuracy: 0.7450
2026-05-14 11:41:13,341 - INFO - Epoch 57, Step:0, Avg Loss: 0.001113457721658051 lr:0.0001
2026-05-14 11:41:15,677 - INFO - Epoch 57, Step:100, Avg Loss: 0.018727802150187926 lr:0.0001
2026-05-14 11:41:18,012 - INFO - Epoch 57, Step:200, Avg Loss: 0.009137280236609513 lr:0.0001
2026-05-14 11:41:20,356 - INFO - Epoch 57, Step:300, Avg Loss: 0.027125494115848595 lr:0.0001
2026-05-14 11:41:22,534 - INFO - Epoch 57, Val Accuracy: 0.7279
2026-05-14 11:41:22,559 - INFO - Epoch 58, Step:0, Avg Loss: 0.0827116072177887 lr:0.0001
2026-05-14 11:41:24,907 - INFO - Epoch 58, Step:100, Avg Loss: 0.017395908697217237 lr:0.0001
2026-05-14 11:41:27,254 - INFO - Epoch 58, Step:200, Avg Loss: 0.02344925455850898 lr:0.0001
2026-05-14 11:41:29,608 - INFO - Epoch 58, Step:300, Avg Loss: 0.009478336201864295 lr:0.0001
2026-05-14 11:41:31,786 - INFO - Epoch 58, Val Accuracy: 0.7479
2026-05-14 11:41:31,813 - INFO - Epoch 59, Step:0, Avg Loss: 8.825509576126933e-05 lr:0.0001
2026-05-14 11:41:34,155 - INFO - Epoch 59, Step:100, Avg Loss: 0.020937750595967374 lr:0.0001
2026-05-14 11:41:36,497 - INFO - Epoch 59, Step:200, Avg Loss: 0.012462512301135575 lr:0.0001
2026-05-14 11:41:38,841 - INFO - Epoch 59, Step:300, Avg Loss: 0.010759573624618497 lr:0.0001
2026-05-14 11:41:41,016 - INFO - Epoch 59, Val Accuracy: 0.7436
2026-05-14 11:41:41,041 - INFO - Epoch 60, Step:0, Avg Loss: 0.015278423205018044 lr:0.0001
2026-05-14 11:41:43,411 - INFO - Epoch 60, Step:100, Avg Loss: 0.006145544117898681 lr:0.0001
2026-05-14 11:41:45,783 - INFO - Epoch 60, Step:200, Avg Loss: 0.006582356218250425 lr:0.0001
2026-05-14 11:41:48,159 - INFO - Epoch 60, Step:300, Avg Loss: 0.006714889646691518 lr:0.0001
2026-05-14 11:41:50,372 - INFO - Epoch 60, New best accuracy: 0.7593, model saved
2026-05-14 11:41:50,372 - INFO - Epoch 60, Val Accuracy: 0.7593
2026-05-14 11:41:50,397 - INFO - Epoch 61, Step:0, Avg Loss: 0.00041799162863753736 lr:0.0001
2026-05-14 11:41:52,823 - INFO - Epoch 61, Step:100, Avg Loss: 0.0036656675494350565 lr:0.0001
2026-05-14 11:41:55,213 - INFO - Epoch 61, Step:200, Avg Loss: 0.026606492453413465 lr:0.0001
2026-05-14 11:41:57,618 - INFO - Epoch 61, Step:300, Avg Loss: 0.015365504007277195 lr:0.0001
2026-05-14 11:41:59,813 - INFO - Epoch 61, Val Accuracy: 0.7464
2026-05-14 11:41:59,837 - INFO - Epoch 62, Step:0, Avg Loss: 0.0011348528787493706 lr:0.0001
2026-05-14 11:42:02,203 - INFO - Epoch 62, Step:100, Avg Loss: 0.014072281847620615 lr:0.0001
2026-05-14 11:42:04,588 - INFO - Epoch 62, Step:200, Avg Loss: 0.012419246624085644 lr:0.0001
2026-05-14 11:42:06,972 - INFO - Epoch 62, Step:300, Avg Loss: 0.021392185537624755 lr:0.0001
2026-05-14 11:42:09,156 - INFO - Epoch 62, Val Accuracy: 0.7464
2026-05-14 11:42:09,181 - INFO - Epoch 63, Step:0, Avg Loss: 0.0026058831717818975 lr:0.0001
2026-05-14 11:42:11,562 - INFO - Epoch 63, Step:100, Avg Loss: 0.006399109316225804 lr:0.0001
2026-05-14 11:42:13,938 - INFO - Epoch 63, Step:200, Avg Loss: 0.012653030396764962 lr:0.0001
2026-05-14 11:42:16,309 - INFO - Epoch 63, Step:300, Avg Loss: 0.009414797852973606 lr:0.0001
2026-05-14 11:42:18,504 - INFO - Epoch 63, Val Accuracy: 0.7464
2026-05-14 11:42:18,529 - INFO - Epoch 64, Step:0, Avg Loss: 0.0004220812697894871 lr:0.0001
2026-05-14 11:42:20,908 - INFO - Epoch 64, Step:100, Avg Loss: 0.006225957513811409 lr:0.0001
2026-05-14 11:42:23,275 - INFO - Epoch 64, Step:200, Avg Loss: 0.004993347774989161 lr:0.0001
2026-05-14 11:42:25,632 - INFO - Epoch 64, Step:300, Avg Loss: 0.008083789111610713 lr:0.0001
2026-05-14 11:42:27,825 - INFO - Epoch 64, Val Accuracy: 0.7521
2026-05-14 11:42:27,849 - INFO - Epoch 65, Step:0, Avg Loss: 0.00012757345393765718 lr:0.0001
2026-05-14 11:42:30,238 - INFO - Epoch 65, Step:100, Avg Loss: 0.009104012765337757 lr:0.0001
2026-05-14 11:42:32,582 - INFO - Epoch 65, Step:200, Avg Loss: 0.012191616398758924 lr:0.0001
2026-05-14 11:42:34,962 - INFO - Epoch 65, Step:300, Avg Loss: 0.0023341775147127917 lr:0.0001
2026-05-14 11:42:37,154 - INFO - Epoch 65, Val Accuracy: 0.7457
2026-05-14 11:42:37,180 - INFO - Epoch 66, Step:0, Avg Loss: 0.0004682485305238515 lr:0.0001
2026-05-14 11:42:39,539 - INFO - Epoch 66, Step:100, Avg Loss: 0.008990138705330502 lr:0.0001
2026-05-14 11:42:41,903 - INFO - Epoch 66, Step:200, Avg Loss: 0.011627158846317797 lr:0.0001
2026-05-14 11:42:44,252 - INFO - Epoch 66, Step:300, Avg Loss: 0.005318589834130308 lr:0.0001
2026-05-14 11:42:46,423 - INFO - Epoch 66, Val Accuracy: 0.7429
2026-05-14 11:42:46,448 - INFO - Epoch 67, Step:0, Avg Loss: 0.002306964946910739 lr:0.0001
2026-05-14 11:42:48,781 - INFO - Epoch 67, Step:100, Avg Loss: 0.0029637613670570316 lr:0.0001
2026-05-14 11:42:51,119 - INFO - Epoch 67, Step:200, Avg Loss: 0.007882397403159302 lr:0.0001
2026-05-14 11:42:53,477 - INFO - Epoch 67, Step:300, Avg Loss: 0.006706466035047924 lr:0.0001
2026-05-14 11:42:55,647 - INFO - Epoch 67, Val Accuracy: 0.7393
2026-05-14 11:42:55,672 - INFO - Epoch 68, Step:0, Avg Loss: 0.002602743450552225 lr:0.0001
2026-05-14 11:42:58,008 - INFO - Epoch 68, Step:100, Avg Loss: 0.009446627181521308 lr:0.0001
2026-05-14 11:43:00,361 - INFO - Epoch 68, Step:200, Avg Loss: 0.004203906854509114 lr:0.0001
2026-05-14 11:43:02,698 - INFO - Epoch 68, Step:300, Avg Loss: 0.002502501251805995 lr:0.0001
2026-05-14 11:43:04,860 - INFO - Epoch 68, Val Accuracy: 0.7493
2026-05-14 11:43:04,885 - INFO - Epoch 69, Step:0, Avg Loss: 4.067306508659385e-05 lr:0.0001
2026-05-14 11:43:07,235 - INFO - Epoch 69, Step:100, Avg Loss: 0.003622256654125522 lr:0.0001
2026-05-14 11:43:09,582 - INFO - Epoch 69, Step:200, Avg Loss: 0.006708320719508265 lr:0.0001
2026-05-14 11:43:11,914 - INFO - Epoch 69, Step:300, Avg Loss: 0.0030717270700097287 lr:0.0001
2026-05-14 11:43:14,088 - INFO - Epoch 69, Val Accuracy: 0.7471
2026-05-14 11:43:14,114 - INFO - Epoch 70, Step:0, Avg Loss: 0.01280396431684494 lr:0.0000
2026-05-14 11:43:16,451 - INFO - Epoch 70, Step:100, Avg Loss: 0.0017566304803904131 lr:0.0000
2026-05-14 11:43:18,780 - INFO - Epoch 70, Step:200, Avg Loss: 0.0024139052884083866 lr:0.0000
2026-05-14 11:43:21,131 - INFO - Epoch 70, Step:300, Avg Loss: 0.0009326271426493804 lr:0.0000
2026-05-14 11:43:23,328 - INFO - Epoch 70, Val Accuracy: 0.7529
2026-05-14 11:43:23,354 - INFO - Epoch 71, Step:0, Avg Loss: 0.027039214968681335 lr:0.0000
2026-05-14 11:43:25,723 - INFO - Epoch 71, Step:100, Avg Loss: 0.0048198266225381306 lr:0.0000
2026-05-14 11:43:28,070 - INFO - Epoch 71, Step:200, Avg Loss: 0.0029863307196114873 lr:0.0000
2026-05-14 11:43:30,405 - INFO - Epoch 71, Step:300, Avg Loss: 0.0021053206984061033 lr:0.0000
2026-05-14 11:43:32,562 - INFO - Epoch 71, Val Accuracy: 0.7571
2026-05-14 11:43:32,588 - INFO - Epoch 72, Step:0, Avg Loss: 0.0010032390709966421 lr:0.0000
2026-05-14 11:43:34,923 - INFO - Epoch 72, Step:100, Avg Loss: 0.002389071355401029 lr:0.0000
2026-05-14 11:43:37,259 - INFO - Epoch 72, Step:200, Avg Loss: 0.0014570939764615787 lr:0.0000
2026-05-14 11:43:39,603 - INFO - Epoch 72, Step:300, Avg Loss: 0.0009452665207322753 lr:0.0000
2026-05-14 11:43:41,779 - INFO - Epoch 72, Val Accuracy: 0.7521
2026-05-14 11:43:41,802 - INFO - Epoch 73, Step:0, Avg Loss: 9.797576058190316e-05 lr:0.0000
2026-05-14 11:43:44,182 - INFO - Epoch 73, Step:100, Avg Loss: 0.0021063700462536873 lr:0.0000
2026-05-14 11:43:46,579 - INFO - Epoch 73, Step:200, Avg Loss: 0.00659790641165273 lr:0.0000
2026-05-14 11:43:48,948 - INFO - Epoch 73, Step:300, Avg Loss: 0.0029822055791873937 lr:0.0000
2026-05-14 11:43:51,144 - INFO - Epoch 73, New best accuracy: 0.7621, model saved
2026-05-14 11:43:51,144 - INFO - Epoch 73, Val Accuracy: 0.7621
2026-05-14 11:43:51,170 - INFO - Epoch 74, Step:0, Avg Loss: 3.2931316127360333e-06 lr:0.0000
2026-05-14 11:43:53,615 - INFO - Epoch 74, Step:100, Avg Loss: 0.0021378963321706124 lr:0.0000
2026-05-14 11:43:56,013 - INFO - Epoch 74, Step:200, Avg Loss: 0.0018604920361212861 lr:0.0000
2026-05-14 11:43:58,370 - INFO - Epoch 74, Step:300, Avg Loss: 0.0038687802804633973 lr:0.0000
2026-05-14 11:44:00,580 - INFO - Epoch 74, Val Accuracy: 0.7586
2026-05-14 11:44:00,605 - INFO - Epoch 75, Step:0, Avg Loss: 0.0013852930860593915 lr:0.0000
2026-05-14 11:44:03,008 - INFO - Epoch 75, Step:100, Avg Loss: 0.0030843654647151196 lr:0.0000
2026-05-14 11:44:05,358 - INFO - Epoch 75, Step:200, Avg Loss: 0.001930080539896153 lr:0.0000
2026-05-14 11:44:07,750 - INFO - Epoch 75, Step:300, Avg Loss: 0.0030487627527054427 lr:0.0000
2026-05-14 11:44:09,931 - INFO - Epoch 75, Val Accuracy: 0.7579
2026-05-14 11:44:09,957 - INFO - Epoch 76, Step:0, Avg Loss: 0.0009111553663387895 lr:0.0000
2026-05-14 11:44:12,321 - INFO - Epoch 76, Step:100, Avg Loss: 0.0022170741588729472 lr:0.0000
2026-05-14 11:44:14,660 - INFO - Epoch 76, Step:200, Avg Loss: 0.0024440992885092785 lr:0.0000
2026-05-14 11:44:16,997 - INFO - Epoch 76, Step:300, Avg Loss: 0.00195901892713664 lr:0.0000
2026-05-14 11:44:19,164 - INFO - Epoch 76, Val Accuracy: 0.7579
2026-05-14 11:44:19,188 - INFO - Epoch 77, Step:0, Avg Loss: 6.329794268822297e-05 lr:0.0000
2026-05-14 11:44:21,520 - INFO - Epoch 77, Step:100, Avg Loss: 0.002158555957414592 lr:0.0000
2026-05-14 11:44:23,858 - INFO - Epoch 77, Step:200, Avg Loss: 0.0005370631406708526 lr:0.0000
2026-05-14 11:44:26,195 - INFO - Epoch 77, Step:300, Avg Loss: 0.0041766233826811576 lr:0.0000
2026-05-14 11:44:28,397 - INFO - Epoch 77, Val Accuracy: 0.7586
2026-05-14 11:44:28,424 - INFO - Epoch 78, Step:0, Avg Loss: 0.00013688922626897693 lr:0.0000
2026-05-14 11:44:30,799 - INFO - Epoch 78, Step:100, Avg Loss: 0.0011640237031662081 lr:0.0000
2026-05-14 11:44:33,145 - INFO - Epoch 78, Step:200, Avg Loss: 0.0026995732713339746 lr:0.0000
2026-05-14 11:44:35,484 - INFO - Epoch 78, Step:300, Avg Loss: 0.0008272733312151104 lr:0.0000
2026-05-14 11:44:37,658 - INFO - Epoch 78, Val Accuracy: 0.7571
2026-05-14 11:44:37,683 - INFO - Epoch 79, Step:0, Avg Loss: 0.0005296935560181737 lr:0.0000
2026-05-14 11:44:40,034 - INFO - Epoch 79, Step:100, Avg Loss: 0.0015663232994836563 lr:0.0000
2026-05-14 11:44:42,371 - INFO - Epoch 79, Step:200, Avg Loss: 0.0007511083626172877 lr:0.0000
2026-05-14 11:44:44,736 - INFO - Epoch 79, Step:300, Avg Loss: 0.001275040411999271 lr:0.0000
2026-05-14 11:44:46,917 - INFO - Epoch 79, Val Accuracy: 0.7521
2026-05-14 11:44:46,942 - INFO - Epoch 80, Step:0, Avg Loss: 3.767325688386336e-05 lr:0.0000
2026-05-14 11:44:49,283 - INFO - Epoch 80, Step:100, Avg Loss: 0.0008209809254492484 lr:0.0000
2026-05-14 11:44:51,618 - INFO - Epoch 80, Step:200, Avg Loss: 0.0004921245555306086 lr:0.0000
2026-05-14 11:44:53,980 - INFO - Epoch 80, Step:300, Avg Loss: 0.0006486662043263891 lr:0.0000
2026-05-14 11:44:56,186 - INFO - Epoch 80, Val Accuracy: 0.7543
2026-05-14 11:44:56,212 - INFO - Epoch 81, Step:0, Avg Loss: 1.533239264972508e-05 lr:0.0000
2026-05-14 11:44:58,743 - INFO - Epoch 81, Step:100, Avg Loss: 0.0006421447230979993 lr:0.0000
2026-05-14 11:45:01,179 - INFO - Epoch 81, Step:200, Avg Loss: 0.0006290047086852723 lr:0.0000
2026-05-14 11:45:03,528 - INFO - Epoch 81, Step:300, Avg Loss: 0.0015124708336963976 lr:0.0000
2026-05-14 11:45:05,704 - INFO - Epoch 81, Val Accuracy: 0.7564
2026-05-14 11:45:05,730 - INFO - Epoch 82, Step:0, Avg Loss: 9.7971369541483e-06 lr:0.0000
2026-05-14 11:45:08,077 - INFO - Epoch 82, Step:100, Avg Loss: 0.0024675025745426638 lr:0.0000
2026-05-14 11:45:10,437 - INFO - Epoch 82, Step:200, Avg Loss: 0.0005438860937007916 lr:0.0000
2026-05-14 11:45:12,786 - INFO - Epoch 82, Step:300, Avg Loss: 0.001369921320072649 lr:0.0000
2026-05-14 11:45:14,960 - INFO - Epoch 82, Val Accuracy: 0.7536
2026-05-14 11:45:14,987 - INFO - Epoch 83, Step:0, Avg Loss: 5.0411712436471134e-05 lr:0.0000
2026-05-14 11:45:17,337 - INFO - Epoch 83, Step:100, Avg Loss: 0.0007239539924398741 lr:0.0000
2026-05-14 11:45:19,695 - INFO - Epoch 83, Step:200, Avg Loss: 0.00030267342515017504 lr:0.0000
2026-05-14 11:45:22,042 - INFO - Epoch 83, Step:300, Avg Loss: 0.0004726449247402797 lr:0.0000
2026-05-14 11:45:24,223 - INFO - Epoch 83, Val Accuracy: 0.7571
2026-05-14 11:45:24,250 - INFO - Epoch 84, Step:0, Avg Loss: 3.224964893888682e-05 lr:0.0000
2026-05-14 11:45:26,602 - INFO - Epoch 84, Step:100, Avg Loss: 0.00046086690522241015 lr:0.0000
2026-05-14 11:45:28,947 - INFO - Epoch 84, Step:200, Avg Loss: 0.001970494916903931 lr:0.0000
2026-05-14 11:45:31,317 - INFO - Epoch 84, Step:300, Avg Loss: 0.0011878391969935365 lr:0.0000
2026-05-14 11:45:33,516 - INFO - Epoch 84, Val Accuracy: 0.7550
2026-05-14 11:45:33,540 - INFO - Epoch 85, Step:0, Avg Loss: 3.532570553943515e-05 lr:0.0000
2026-05-14 11:45:35,925 - INFO - Epoch 85, Step:100, Avg Loss: 0.0008098150312389408 lr:0.0000
2026-05-14 11:45:38,277 - INFO - Epoch 85, Step:200, Avg Loss: 0.0019442846445119244 lr:0.0000
2026-05-14 11:45:40,625 - INFO - Epoch 85, Step:300, Avg Loss: 0.0022661876548397686 lr:0.0000
2026-05-14 11:45:42,805 - INFO - Epoch 85, Val Accuracy: 0.7550
2026-05-14 11:45:42,830 - INFO - Epoch 86, Step:0, Avg Loss: 8.221495227189735e-05 lr:0.0000
2026-05-14 11:45:45,246 - INFO - Epoch 86, Step:100, Avg Loss: 0.0009094265753844865 lr:0.0000
2026-05-14 11:45:47,675 - INFO - Epoch 86, Step:200, Avg Loss: 0.00043015072806767307 lr:0.0000
2026-05-14 11:45:50,112 - INFO - Epoch 86, Step:300, Avg Loss: 0.0004480210710102028 lr:0.0000
2026-05-14 11:45:52,309 - INFO - Epoch 86, Val Accuracy: 0.7607
2026-05-14 11:45:52,334 - INFO - Epoch 87, Step:0, Avg Loss: 9.432167644263245e-06 lr:0.0000
2026-05-14 11:45:54,756 - INFO - Epoch 87, Step:100, Avg Loss: 0.0005545319171517349 lr:0.0000
2026-05-14 11:45:57,181 - INFO - Epoch 87, Step:200, Avg Loss: 0.00040875076074371465 lr:0.0000
2026-05-14 11:45:59,608 - INFO - Epoch 87, Step:300, Avg Loss: 0.0012204691766351061 lr:0.0000
2026-05-14 11:46:01,804 - INFO - Epoch 87, Val Accuracy: 0.7493
2026-05-14 11:46:01,828 - INFO - Epoch 88, Step:0, Avg Loss: 0.0001362297625746578 lr:0.0000
2026-05-14 11:46:04,260 - INFO - Epoch 88, Step:100, Avg Loss: 0.0013552452081535193 lr:0.0000
2026-05-14 11:46:06,694 - INFO - Epoch 88, Step:200, Avg Loss: 0.0016273803972983814 lr:0.0000
2026-05-14 11:46:09,107 - INFO - Epoch 88, Step:300, Avg Loss: 0.0010341928069180994 lr:0.0000
2026-05-14 11:46:11,306 - INFO - Epoch 88, Val Accuracy: 0.7436
2026-05-14 11:46:11,330 - INFO - Epoch 89, Step:0, Avg Loss: 4.713167072623037e-05 lr:0.0000
2026-05-14 11:46:13,673 - INFO - Epoch 89, Step:100, Avg Loss: 0.0018565307777680484 lr:0.0000
2026-05-14 11:46:16,007 - INFO - Epoch 89, Step:200, Avg Loss: 0.0005287158572821227 lr:0.0000
2026-05-14 11:46:18,338 - INFO - Epoch 89, Step:300, Avg Loss: 0.0003935214747585292 lr:0.0000
2026-05-14 11:46:20,503 - INFO - Epoch 89, Val Accuracy: 0.7607
2026-05-14 11:46:20,529 - INFO - Epoch 90, Step:0, Avg Loss: 0.0001101203597499989 lr:0.0000
2026-05-14 11:46:22,876 - INFO - Epoch 90, Step:100, Avg Loss: 0.00044045337309057687 lr:0.0000
2026-05-14 11:46:25,207 - INFO - Epoch 90, Step:200, Avg Loss: 0.0009104060904024891 lr:0.0000
2026-05-14 11:46:27,537 - INFO - Epoch 90, Step:300, Avg Loss: 0.0013192910511992295 lr:0.0000
2026-05-14 11:46:29,701 - INFO - Epoch 90, Val Accuracy: 0.7586
2026-05-14 11:46:29,726 - INFO - Epoch 91, Step:0, Avg Loss: 0.0005881736287847161 lr:0.0000
2026-05-14 11:46:32,042 - INFO - Epoch 91, Step:100, Avg Loss: 0.0008313897594575792 lr:0.0000
2026-05-14 11:46:34,371 - INFO - Epoch 91, Step:200, Avg Loss: 0.0012029557209524454 lr:0.0000
2026-05-14 11:46:36,699 - INFO - Epoch 91, Step:300, Avg Loss: 0.002348206245559368 lr:0.0000
2026-05-14 11:46:38,872 - INFO - Epoch 91, Val Accuracy: 0.7536
2026-05-14 11:46:38,897 - INFO - Epoch 92, Step:0, Avg Loss: 5.528124802367529e-06 lr:0.0000
2026-05-14 11:46:41,254 - INFO - Epoch 92, Step:100, Avg Loss: 0.0010923282938301781 lr:0.0000
2026-05-14 11:46:43,666 - INFO - Epoch 92, Step:200, Avg Loss: 0.0005852375136498722 lr:0.0000
2026-05-14 11:46:46,069 - INFO - Epoch 92, Step:300, Avg Loss: 0.00165485839195469 lr:0.0000
2026-05-14 11:46:48,255 - INFO - Epoch 92, Val Accuracy: 0.7529
2026-05-14 11:46:48,280 - INFO - Epoch 93, Step:0, Avg Loss: 0.0016777662094682455 lr:0.0000
2026-05-14 11:46:50,699 - INFO - Epoch 93, Step:100, Avg Loss: 0.0025740356989581415 lr:0.0000
2026-05-14 11:46:53,109 - INFO - Epoch 93, Step:200, Avg Loss: 0.00042494025787497946 lr:0.0000
2026-05-14 11:46:55,539 - INFO - Epoch 93, Step:300, Avg Loss: 0.00042497765431334325 lr:0.0000
2026-05-14 11:46:57,732 - INFO - Epoch 93, Val Accuracy: 0.7621
2026-05-14 11:46:57,756 - INFO - Epoch 94, Step:0, Avg Loss: 0.0005856518400833011 lr:0.0000
2026-05-14 11:47:00,181 - INFO - Epoch 94, Step:100, Avg Loss: 0.0004924020350119918 lr:0.0000
2026-05-14 11:47:02,598 - INFO - Epoch 94, Step:200, Avg Loss: 0.002406750393158177 lr:0.0000
2026-05-14 11:47:04,999 - INFO - Epoch 94, Step:300, Avg Loss: 0.005009742872432526 lr:0.0000
2026-05-14 11:47:07,212 - INFO - Epoch 94, New best accuracy: 0.7636, model saved
2026-05-14 11:47:07,212 - INFO - Epoch 94, Val Accuracy: 0.7636
2026-05-14 11:47:07,239 - INFO - Epoch 95, Step:0, Avg Loss: 9.814336954150349e-05 lr:0.0000
2026-05-14 11:47:09,716 - INFO - Epoch 95, Step:100, Avg Loss: 0.0016877705922274798 lr:0.0000
2026-05-14 11:47:12,099 - INFO - Epoch 95, Step:200, Avg Loss: 0.0018644212506398361 lr:0.0000
2026-05-14 11:47:14,438 - INFO - Epoch 95, Step:300, Avg Loss: 0.0018980819876219357 lr:0.0000
2026-05-14 11:47:16,616 - INFO - Epoch 95, Val Accuracy: 0.7550
2026-05-14 11:47:16,639 - INFO - Epoch 96, Step:0, Avg Loss: 0.00044190080370754004 lr:0.0000
2026-05-14 11:47:18,982 - INFO - Epoch 96, Step:100, Avg Loss: 0.0006335132987192083 lr:0.0000
2026-05-14 11:47:21,314 - INFO - Epoch 96, Step:200, Avg Loss: 0.0010875367037564844 lr:0.0000
2026-05-14 11:47:23,655 - INFO - Epoch 96, Step:300, Avg Loss: 0.004985004631671757 lr:0.0000
2026-05-14 11:47:25,825 - INFO - Epoch 96, Val Accuracy: 0.7550
2026-05-14 11:47:25,849 - INFO - Epoch 97, Step:0, Avg Loss: 7.674064477214415e-07 lr:0.0000
2026-05-14 11:47:28,189 - INFO - Epoch 97, Step:100, Avg Loss: 0.000980874378506087 lr:0.0000
2026-05-14 11:47:30,539 - INFO - Epoch 97, Step:200, Avg Loss: 0.0005832023055549484 lr:0.0000
2026-05-14 11:47:32,881 - INFO - Epoch 97, Step:300, Avg Loss: 0.01000268544797251 lr:0.0000
2026-05-14 11:47:35,046 - INFO - Epoch 97, Val Accuracy: 0.7579
2026-05-14 11:47:35,072 - INFO - Epoch 98, Step:0, Avg Loss: 1.4006248420628253e-05 lr:0.0000
2026-05-14 11:47:37,415 - INFO - Epoch 98, Step:100, Avg Loss: 0.0017308397071474247 lr:0.0000
2026-05-14 11:47:39,762 - INFO - Epoch 98, Step:200, Avg Loss: 0.0014578017348889816 lr:0.0000
2026-05-14 11:47:42,111 - INFO - Epoch 98, Step:300, Avg Loss: 0.006870286206743685 lr:0.0000
2026-05-14 11:47:44,309 - INFO - Epoch 98, Val Accuracy: 0.7600
2026-05-14 11:47:44,333 - INFO - Epoch 99, Step:0, Avg Loss: 1.397619053022936e-05 lr:0.0000
2026-05-14 11:47:46,758 - INFO - Epoch 99, Step:100, Avg Loss: 0.0016641207004704484 lr:0.0000
2026-05-14 11:47:49,166 - INFO - Epoch 99, Step:200, Avg Loss: 0.000700621071016485 lr:0.0000
2026-05-14 11:47:51,560 - INFO - Epoch 99, Step:300, Avg Loss: 0.0022751212190007665 lr:0.0000
2026-05-14 11:47:53,762 - INFO - Epoch 99, Val Accuracy: 0.7471
