2026-05-11 11:32:34,302 - INFO - Epoch 0, Step:0, Avg Loss: 2.350926399230957
2026-05-11 11:32:34,959 - INFO - Epoch 0, Step:100, Avg Loss: 2.1856807601451873
2026-05-11 11:32:35,639 - INFO - Epoch 0, Step:200, Avg Loss: 2.0123805844783784
2026-05-11 11:32:36,352 - INFO - Epoch 0, Step:300, Avg Loss: 1.917321833372116
2026-05-11 11:32:37,039 - INFO - Epoch 0, Step:400, Avg Loss: 1.8749466168880462
2026-05-11 11:32:37,771 - INFO - Epoch 0, Step:500, Avg Loss: 1.872211776971817
2026-05-11 11:32:38,525 - INFO - Epoch 0, Step:600, Avg Loss: 1.9040553545951844
2026-05-11 11:32:40,087 - INFO - Epoch 0, New best accuracy: 0.3371, model saved
2026-05-11 11:32:40,087 - INFO - Epoch 0, Val Accuracy: 0.3371
2026-05-11 11:32:40,101 - INFO - Epoch 1, Step:0, Avg Loss: 1.4750516414642334
2026-05-11 11:32:40,707 - INFO - Epoch 1, Step:100, Avg Loss: 1.820063999891281
2026-05-11 11:32:41,330 - INFO - Epoch 1, Step:200, Avg Loss: 1.7578077924251556
2026-05-11 11:32:41,936 - INFO - Epoch 1, Step:300, Avg Loss: 1.6575638163089752
2026-05-11 11:32:42,543 - INFO - Epoch 1, Step:400, Avg Loss: 1.6456398820877076
2026-05-11 11:32:43,147 - INFO - Epoch 1, Step:500, Avg Loss: 1.6067605888843537
2026-05-11 11:32:43,748 - INFO - Epoch 1, Step:600, Avg Loss: 1.58374436378479
2026-05-11 11:32:45,307 - INFO - Epoch 1, New best accuracy: 0.3771, model saved
2026-05-11 11:32:45,307 - INFO - Epoch 1, Val Accuracy: 0.3771
2026-05-11 11:32:45,315 - INFO - Epoch 2, Step:0, Avg Loss: 1.5098345279693604
2026-05-11 11:32:46,197 - INFO - Epoch 2, Step:100, Avg Loss: 1.533864113688469
2026-05-11 11:32:48,051 - INFO - Epoch 2, Step:200, Avg Loss: 1.5904218113422395
2026-05-11 11:32:49,959 - INFO - Epoch 2, Step:300, Avg Loss: 1.5700443303585052
2026-05-11 11:32:52,284 - INFO - Epoch 2, Step:400, Avg Loss: 1.5899548715353011
2026-05-11 11:32:54,530 - INFO - Epoch 2, Step:500, Avg Loss: 1.532762920856476
2026-05-11 11:32:56,350 - INFO - Epoch 2, Step:600, Avg Loss: 1.4530791807174683
2026-05-11 11:32:59,710 - INFO - Epoch 2, New best accuracy: 0.4107, model saved
2026-05-11 11:32:59,710 - INFO - Epoch 2, Val Accuracy: 0.4107
2026-05-11 11:32:59,725 - INFO - Epoch 3, Step:0, Avg Loss: 1.3290221691131592
2026-05-11 11:33:01,309 - INFO - Epoch 3, Step:100, Avg Loss: 1.4620821380615234
2026-05-11 11:33:03,267 - INFO - Epoch 3, Step:200, Avg Loss: 1.4386942833662033
2026-05-11 11:33:04,990 - INFO - Epoch 3, Step:300, Avg Loss: 1.4528242671489715
2026-05-11 11:33:06,981 - INFO - Epoch 3, Step:400, Avg Loss: 1.4425968515872956
2026-05-11 11:33:09,103 - INFO - Epoch 3, Step:500, Avg Loss: 1.400928955078125
2026-05-11 11:33:10,911 - INFO - Epoch 3, Step:600, Avg Loss: 1.4200020676851273
2026-05-11 11:33:15,130 - INFO - Epoch 3, New best accuracy: 0.4550, model saved
2026-05-11 11:33:15,130 - INFO - Epoch 3, Val Accuracy: 0.4550
2026-05-11 11:33:15,140 - INFO - Epoch 4, Step:0, Avg Loss: 1.2317336797714233
2026-05-11 11:33:15,980 - INFO - Epoch 4, Step:100, Avg Loss: 1.3471065855026245
2026-05-11 11:33:16,665 - INFO - Epoch 4, Step:200, Avg Loss: 1.3309807378053664
2026-05-11 11:33:17,307 - INFO - Epoch 4, Step:300, Avg Loss: 1.33522503554821
2026-05-11 11:33:17,916 - INFO - Epoch 4, Step:400, Avg Loss: 1.3637388396263121
2026-05-11 11:33:18,537 - INFO - Epoch 4, Step:500, Avg Loss: 1.2800769370794296
2026-05-11 11:33:19,148 - INFO - Epoch 4, Step:600, Avg Loss: 1.244891352057457
2026-05-11 11:33:20,641 - INFO - Epoch 4, New best accuracy: 0.5171, model saved
2026-05-11 11:33:20,641 - INFO - Epoch 4, Val Accuracy: 0.5171
2026-05-11 11:33:20,649 - INFO - Epoch 5, Step:0, Avg Loss: 1.317033290863037
2026-05-11 11:33:21,267 - INFO - Epoch 5, Step:100, Avg Loss: 1.2227283763885497
2026-05-11 11:33:21,873 - INFO - Epoch 5, Step:200, Avg Loss: 1.2443920928239822
2026-05-11 11:33:22,475 - INFO - Epoch 5, Step:300, Avg Loss: 1.278878285884857
2026-05-11 11:33:23,085 - INFO - Epoch 5, Step:400, Avg Loss: 1.189706722199917
2026-05-11 11:33:23,710 - INFO - Epoch 5, Step:500, Avg Loss: 1.1985299533605576
2026-05-11 11:33:24,306 - INFO - Epoch 5, Step:600, Avg Loss: 1.168477045893669
2026-05-11 11:33:25,853 - INFO - Epoch 5, New best accuracy: 0.5350, model saved
2026-05-11 11:33:25,853 - INFO - Epoch 5, Val Accuracy: 0.5350
2026-05-11 11:33:25,861 - INFO - Epoch 6, Step:0, Avg Loss: 0.9960399866104126
2026-05-11 11:33:26,525 - INFO - Epoch 6, Step:100, Avg Loss: 1.1490020433068275
2026-05-11 11:33:27,195 - INFO - Epoch 6, Step:200, Avg Loss: 1.1564933556318282
2026-05-11 11:33:27,878 - INFO - Epoch 6, Step:300, Avg Loss: 1.1127465337514877
2026-05-11 11:33:28,544 - INFO - Epoch 6, Step:400, Avg Loss: 1.1473653906583785
2026-05-11 11:33:29,210 - INFO - Epoch 6, Step:500, Avg Loss: 1.1232080972194671
2026-05-11 11:33:29,884 - INFO - Epoch 6, Step:600, Avg Loss: 1.1383793720602988
2026-05-11 11:33:31,426 - INFO - Epoch 6, New best accuracy: 0.5379, model saved
2026-05-11 11:33:31,426 - INFO - Epoch 6, Val Accuracy: 0.5379
2026-05-11 11:33:31,437 - INFO - Epoch 7, Step:0, Avg Loss: 1.3765032291412354
2026-05-11 11:33:32,100 - INFO - Epoch 7, Step:100, Avg Loss: 1.1166082072257995
2026-05-11 11:33:32,750 - INFO - Epoch 7, Step:200, Avg Loss: 1.1504120272397995
2026-05-11 11:33:33,410 - INFO - Epoch 7, Step:300, Avg Loss: 1.1223756062984467
2026-05-11 11:33:34,075 - INFO - Epoch 7, Step:400, Avg Loss: 1.1247135245800017
2026-05-11 11:33:34,715 - INFO - Epoch 7, Step:500, Avg Loss: 1.1633555129170419
2026-05-11 11:33:35,375 - INFO - Epoch 7, Step:600, Avg Loss: 1.0990267461538314
2026-05-11 11:33:36,938 - INFO - Epoch 7, New best accuracy: 0.5421, model saved
2026-05-11 11:33:36,938 - INFO - Epoch 7, Val Accuracy: 0.5421
2026-05-11 11:33:36,945 - INFO - Epoch 8, Step:0, Avg Loss: 0.47967565059661865
2026-05-11 11:33:37,645 - INFO - Epoch 8, Step:100, Avg Loss: 1.1727271842956544
2026-05-11 11:33:38,312 - INFO - Epoch 8, Step:200, Avg Loss: 1.1393219384551048
2026-05-11 11:33:38,991 - INFO - Epoch 8, Step:300, Avg Loss: 1.126479285657406
2026-05-11 11:33:39,658 - INFO - Epoch 8, Step:400, Avg Loss: 1.1343599379062652
2026-05-11 11:33:40,311 - INFO - Epoch 8, Step:500, Avg Loss: 1.1752366799116134
2026-05-11 11:33:40,970 - INFO - Epoch 8, Step:600, Avg Loss: 1.1848514825105667
2026-05-11 11:33:42,495 - INFO - Epoch 8, Val Accuracy: 0.5379
2026-05-11 11:33:42,501 - INFO - Epoch 9, Step:0, Avg Loss: 1.1386682987213135
2026-05-11 11:33:43,171 - INFO - Epoch 9, Step:100, Avg Loss: 1.1142490372061729
2026-05-11 11:33:43,829 - INFO - Epoch 9, Step:200, Avg Loss: 1.141155042052269
2026-05-11 11:33:44,495 - INFO - Epoch 9, Step:300, Avg Loss: 1.1719194370508195
2026-05-11 11:33:45,177 - INFO - Epoch 9, Step:400, Avg Loss: 1.215865740776062
2026-05-11 11:33:45,841 - INFO - Epoch 9, Step:500, Avg Loss: 1.178179260492325
2026-05-11 11:33:46,509 - INFO - Epoch 9, Step:600, Avg Loss: 1.1747353813052177
2026-05-11 11:33:48,071 - INFO - Epoch 9, Val Accuracy: 0.5229
2026-05-11 11:33:48,075 - INFO - Epoch 10, Step:0, Avg Loss: 0.7840285301208496
2026-05-11 11:33:48,745 - INFO - Epoch 10, Step:100, Avg Loss: 1.1945563316345216
2026-05-11 11:33:49,411 - INFO - Epoch 10, Step:200, Avg Loss: 1.1478896322846412
2026-05-11 11:33:50,065 - INFO - Epoch 10, Step:300, Avg Loss: 1.195922931432724
2026-05-11 11:33:50,734 - INFO - Epoch 10, Step:400, Avg Loss: 1.1849319213628768
2026-05-11 11:33:51,380 - INFO - Epoch 10, Step:500, Avg Loss: 1.1780941021442413
2026-05-11 11:33:52,030 - INFO - Epoch 10, Step:600, Avg Loss: 1.1763842672109603
2026-05-11 11:33:53,570 - INFO - Epoch 10, Val Accuracy: 0.5257
2026-05-11 11:33:53,581 - INFO - Epoch 11, Step:0, Avg Loss: 1.7856061458587646
2026-05-11 11:33:54,255 - INFO - Epoch 11, Step:100, Avg Loss: 1.2345634013414384
2026-05-11 11:33:54,931 - INFO - Epoch 11, Step:200, Avg Loss: 1.127985417842865
2026-05-11 11:33:55,571 - INFO - Epoch 11, Step:300, Avg Loss: 1.1954973238706588
2026-05-11 11:33:56,215 - INFO - Epoch 11, Step:400, Avg Loss: 1.1770910665392875
2026-05-11 11:33:56,846 - INFO - Epoch 11, Step:500, Avg Loss: 1.2039713656902313
2026-05-11 11:33:57,495 - INFO - Epoch 11, Step:600, Avg Loss: 1.1873947569727898
2026-05-11 11:33:59,000 - INFO - Epoch 11, Val Accuracy: 0.5114
2026-05-11 11:33:59,006 - INFO - Epoch 12, Step:0, Avg Loss: 1.0329355001449585
2026-05-11 11:33:59,641 - INFO - Epoch 12, Step:100, Avg Loss: 1.1567939633131028
2026-05-11 11:34:00,265 - INFO - Epoch 12, Step:200, Avg Loss: 1.2275473308563232
2026-05-11 11:34:00,880 - INFO - Epoch 12, Step:300, Avg Loss: 1.1384020960330963
2026-05-11 11:34:01,486 - INFO - Epoch 12, Step:400, Avg Loss: 1.19143866866827
2026-05-11 11:34:02,100 - INFO - Epoch 12, Step:500, Avg Loss: 1.157622556090355
2026-05-11 11:34:02,725 - INFO - Epoch 12, Step:600, Avg Loss: 1.2233346617221832
2026-05-11 11:34:04,191 - INFO - Epoch 12, Val Accuracy: 0.5250
2026-05-11 11:34:04,198 - INFO - Epoch 13, Step:0, Avg Loss: 1.0795100927352905
2026-05-11 11:34:04,825 - INFO - Epoch 13, Step:100, Avg Loss: 1.1586900758743286
2026-05-11 11:34:05,445 - INFO - Epoch 13, Step:200, Avg Loss: 1.1122348201274872
2026-05-11 11:34:06,053 - INFO - Epoch 13, Step:300, Avg Loss: 1.1046665793657302
2026-05-11 11:34:06,651 - INFO - Epoch 13, Step:400, Avg Loss: 1.1809629678726197
2026-05-11 11:34:07,254 - INFO - Epoch 13, Step:500, Avg Loss: 1.1545077353715896
2026-05-11 11:34:07,866 - INFO - Epoch 13, Step:600, Avg Loss: 1.1377598017454147
2026-05-11 11:34:09,346 - INFO - Epoch 13, New best accuracy: 0.5514, model saved
2026-05-11 11:34:09,346 - INFO - Epoch 13, Val Accuracy: 0.5514
2026-05-11 11:34:09,352 - INFO - Epoch 14, Step:0, Avg Loss: 0.6192631721496582
2026-05-11 11:34:09,993 - INFO - Epoch 14, Step:100, Avg Loss: 1.0513746854662895
2026-05-11 11:34:10,621 - INFO - Epoch 14, Step:200, Avg Loss: 1.0599125999212264
2026-05-11 11:34:11,248 - INFO - Epoch 14, Step:300, Avg Loss: 1.0903923550248147
2026-05-11 11:34:11,887 - INFO - Epoch 14, Step:400, Avg Loss: 1.0858635422587395
2026-05-11 11:34:12,542 - INFO - Epoch 14, Step:500, Avg Loss: 1.1140200954675674
2026-05-11 11:34:13,165 - INFO - Epoch 14, Step:600, Avg Loss: 1.125434686243534
2026-05-11 11:34:14,650 - INFO - Epoch 14, Val Accuracy: 0.5514
2026-05-11 11:34:14,655 - INFO - Epoch 15, Step:0, Avg Loss: 0.8116308450698853
2026-05-11 11:34:15,285 - INFO - Epoch 15, Step:100, Avg Loss: 1.0484103110432625
2026-05-11 11:34:15,905 - INFO - Epoch 15, Step:200, Avg Loss: 1.0003230941295624
2026-05-11 11:34:16,531 - INFO - Epoch 15, Step:300, Avg Loss: 1.02793875426054
2026-05-11 11:34:17,137 - INFO - Epoch 15, Step:400, Avg Loss: 1.032335645854473
2026-05-11 11:34:17,755 - INFO - Epoch 15, Step:500, Avg Loss: 1.0252117228507995
2026-05-11 11:34:18,395 - INFO - Epoch 15, Step:600, Avg Loss: 0.9922610914707184
2026-05-11 11:34:19,895 - INFO - Epoch 15, New best accuracy: 0.5979, model saved
2026-05-11 11:34:19,895 - INFO - Epoch 15, Val Accuracy: 0.5979
2026-05-11 11:34:19,902 - INFO - Epoch 16, Step:0, Avg Loss: 2.0134048461914062
2026-05-11 11:34:20,536 - INFO - Epoch 16, Step:100, Avg Loss: 0.9267767363786698
2026-05-11 11:34:21,175 - INFO - Epoch 16, Step:200, Avg Loss: 0.9580789165198803
2026-05-11 11:34:21,776 - INFO - Epoch 16, Step:300, Avg Loss: 0.9174708893895149
2026-05-11 11:34:22,385 - INFO - Epoch 16, Step:400, Avg Loss: 0.9370804917812348
2026-05-11 11:34:22,997 - INFO - Epoch 16, Step:500, Avg Loss: 0.9704931208491325
2026-05-11 11:34:23,612 - INFO - Epoch 16, Step:600, Avg Loss: 0.9232954235374927
2026-05-11 11:34:25,109 - INFO - Epoch 16, New best accuracy: 0.6379, model saved
2026-05-11 11:34:25,109 - INFO - Epoch 16, Val Accuracy: 0.6379
2026-05-11 11:34:25,117 - INFO - Epoch 17, Step:0, Avg Loss: 0.8033127784729004
2026-05-11 11:34:25,790 - INFO - Epoch 17, Step:100, Avg Loss: 0.8339540809392929
2026-05-11 11:34:26,446 - INFO - Epoch 17, Step:200, Avg Loss: 0.8053751510381698
2026-05-11 11:34:27,094 - INFO - Epoch 17, Step:300, Avg Loss: 0.8038925614953041
2026-05-11 11:34:27,755 - INFO - Epoch 17, Step:400, Avg Loss: 0.8061540168523789
2026-05-11 11:34:28,399 - INFO - Epoch 17, Step:500, Avg Loss: 0.8218961861729622
2026-05-11 11:34:29,058 - INFO - Epoch 17, Step:600, Avg Loss: 0.814335470199585
2026-05-11 11:34:30,567 - INFO - Epoch 17, New best accuracy: 0.6614, model saved
2026-05-11 11:34:30,568 - INFO - Epoch 17, Val Accuracy: 0.6614
2026-05-11 11:34:30,575 - INFO - Epoch 18, Step:0, Avg Loss: 0.772500216960907
2026-05-11 11:34:31,232 - INFO - Epoch 18, Step:100, Avg Loss: 0.7347968125343323
2026-05-11 11:34:31,890 - INFO - Epoch 18, Step:200, Avg Loss: 0.7508781719207763
2026-05-11 11:34:32,535 - INFO - Epoch 18, Step:300, Avg Loss: 0.7627330083400011
2026-05-11 11:34:33,183 - INFO - Epoch 18, Step:400, Avg Loss: 0.7111376479268074
2026-05-11 11:34:33,825 - INFO - Epoch 18, Step:500, Avg Loss: 0.628323659747839
2026-05-11 11:34:34,488 - INFO - Epoch 18, Step:600, Avg Loss: 0.7112360637634992
2026-05-11 11:34:36,028 - INFO - Epoch 18, Val Accuracy: 0.6357
2026-05-11 11:34:36,037 - INFO - Epoch 19, Step:0, Avg Loss: 0.6132762432098389
2026-05-11 11:34:36,705 - INFO - Epoch 19, Step:100, Avg Loss: 0.6375470764189959
2026-05-11 11:34:37,367 - INFO - Epoch 19, Step:200, Avg Loss: 0.6123432993143797
2026-05-11 11:34:38,018 - INFO - Epoch 19, Step:300, Avg Loss: 0.63977410197258
2026-05-11 11:34:38,690 - INFO - Epoch 19, Step:400, Avg Loss: 0.6451306827366352
2026-05-11 11:34:39,495 - INFO - Epoch 19, Step:500, Avg Loss: 0.6025829943269492
2026-05-11 11:34:41,260 - INFO - Epoch 19, Step:600, Avg Loss: 0.5861155773699284
2026-05-11 11:34:45,650 - INFO - Epoch 19, New best accuracy: 0.6750, model saved
2026-05-11 11:34:45,652 - INFO - Epoch 19, Val Accuracy: 0.6750
2026-05-11 11:34:45,672 - INFO - Epoch 20, Step:0, Avg Loss: 0.5487240552902222
2026-05-11 11:34:47,263 - INFO - Epoch 20, Step:100, Avg Loss: 0.5109627822041511
2026-05-11 11:34:48,510 - INFO - Epoch 20, Step:200, Avg Loss: 0.5415688669681549
2026-05-11 11:34:49,835 - INFO - Epoch 20, Step:300, Avg Loss: 0.5219656817615033
2026-05-11 11:34:51,477 - INFO - Epoch 20, Step:400, Avg Loss: 0.5629062110185623
2026-05-11 11:34:53,266 - INFO - Epoch 20, Step:500, Avg Loss: 0.5490686538815498
2026-05-11 11:34:55,295 - INFO - Epoch 20, Step:600, Avg Loss: 0.5949466462433338
2026-05-11 11:35:00,588 - INFO - Epoch 20, Val Accuracy: 0.6750
2026-05-11 11:35:00,609 - INFO - Epoch 21, Step:0, Avg Loss: 0.2019568234682083
2026-05-11 11:35:01,997 - INFO - Epoch 21, Step:100, Avg Loss: 0.5470316638797521
2026-05-11 11:35:02,699 - INFO - Epoch 21, Step:200, Avg Loss: 0.524400125220418
2026-05-11 11:35:03,394 - INFO - Epoch 21, Step:300, Avg Loss: 0.5608380040526391
2026-05-11 11:35:04,050 - INFO - Epoch 21, Step:400, Avg Loss: 0.5471098047494888
2026-05-11 11:35:04,690 - INFO - Epoch 21, Step:500, Avg Loss: 0.5105536257475615
2026-05-11 11:35:05,305 - INFO - Epoch 21, Step:600, Avg Loss: 0.49394231490790846
2026-05-11 11:35:06,790 - INFO - Epoch 21, Val Accuracy: 0.6743
2026-05-11 11:35:06,796 - INFO - Epoch 22, Step:0, Avg Loss: 1.0122299194335938
2026-05-11 11:35:07,426 - INFO - Epoch 22, Step:100, Avg Loss: 0.5310712853074073
2026-05-11 11:35:08,065 - INFO - Epoch 22, Step:200, Avg Loss: 0.511551417708397
2026-05-11 11:35:08,709 - INFO - Epoch 22, Step:300, Avg Loss: 0.5485061802342535
2026-05-11 11:35:09,335 - INFO - Epoch 22, Step:400, Avg Loss: 0.5410315290093421
2026-05-11 11:35:09,973 - INFO - Epoch 22, Step:500, Avg Loss: 0.5336534560844303
2026-05-11 11:35:10,615 - INFO - Epoch 22, Step:600, Avg Loss: 0.5666269616782665
2026-05-11 11:35:12,105 - INFO - Epoch 22, Val Accuracy: 0.6729
2026-05-11 11:35:12,110 - INFO - Epoch 23, Step:0, Avg Loss: 0.5569790601730347
2026-05-11 11:35:12,742 - INFO - Epoch 23, Step:100, Avg Loss: 0.526159210987389
2026-05-11 11:35:13,367 - INFO - Epoch 23, Step:200, Avg Loss: 0.580436502546072
2026-05-11 11:35:13,998 - INFO - Epoch 23, Step:300, Avg Loss: 0.5284500380977988
2026-05-11 11:35:14,618 - INFO - Epoch 23, Step:400, Avg Loss: 0.5853444601595402
2026-05-11 11:35:15,245 - INFO - Epoch 23, Step:500, Avg Loss: 0.5874250457435847
2026-05-11 11:35:15,896 - INFO - Epoch 23, Step:600, Avg Loss: 0.6452928169071674
2026-05-11 11:35:17,405 - INFO - Epoch 23, Val Accuracy: 0.6571
2026-05-11 11:35:17,416 - INFO - Epoch 24, Step:0, Avg Loss: 0.5580776929855347
2026-05-11 11:35:18,039 - INFO - Epoch 24, Step:100, Avg Loss: 0.5375567992031575
2026-05-11 11:35:18,659 - INFO - Epoch 24, Step:200, Avg Loss: 0.5698357333242893
2026-05-11 11:35:19,292 - INFO - Epoch 24, Step:300, Avg Loss: 0.5984391811490058
2026-05-11 11:35:19,935 - INFO - Epoch 24, Step:400, Avg Loss: 0.6431059823185206
2026-05-11 11:35:20,554 - INFO - Epoch 24, Step:500, Avg Loss: 0.6458825132250786
2026-05-11 11:35:21,180 - INFO - Epoch 24, Step:600, Avg Loss: 0.6766230674088001
2026-05-11 11:35:22,675 - INFO - Epoch 24, Val Accuracy: 0.6614
2026-05-11 11:35:22,681 - INFO - Epoch 25, Step:0, Avg Loss: 0.7559957504272461
2026-05-11 11:35:23,304 - INFO - Epoch 25, Step:100, Avg Loss: 0.5664580841362477
2026-05-11 11:35:23,928 - INFO - Epoch 25, Step:200, Avg Loss: 0.6257194082811475
2026-05-11 11:35:24,565 - INFO - Epoch 25, Step:300, Avg Loss: 0.6742920018732548
2026-05-11 11:35:25,242 - INFO - Epoch 25, Step:400, Avg Loss: 0.6716602458059788
2026-05-11 11:35:25,904 - INFO - Epoch 25, Step:500, Avg Loss: 0.7393181315809488
2026-05-11 11:35:26,565 - INFO - Epoch 25, Step:600, Avg Loss: 0.6783331906050444
2026-05-11 11:35:28,101 - INFO - Epoch 25, Val Accuracy: 0.6457
2026-05-11 11:35:28,106 - INFO - Epoch 26, Step:0, Avg Loss: 1.2893891334533691
2026-05-11 11:35:28,770 - INFO - Epoch 26, Step:100, Avg Loss: 0.6296849240362644
2026-05-11 11:35:29,435 - INFO - Epoch 26, Step:200, Avg Loss: 0.6269879907369613
2026-05-11 11:35:30,091 - INFO - Epoch 26, Step:300, Avg Loss: 0.7331060772389173
2026-05-11 11:35:30,742 - INFO - Epoch 26, Step:400, Avg Loss: 0.6433637304976583
2026-05-11 11:35:31,396 - INFO - Epoch 26, Step:500, Avg Loss: 0.6228224208950996
2026-05-11 11:35:32,056 - INFO - Epoch 26, Step:600, Avg Loss: 0.7068132402002811
2026-05-11 11:35:33,595 - INFO - Epoch 26, Val Accuracy: 0.5943
2026-05-11 11:35:33,602 - INFO - Epoch 27, Step:0, Avg Loss: 1.17853581905365
2026-05-11 11:35:34,265 - INFO - Epoch 27, Step:100, Avg Loss: 0.6279447512328624
2026-05-11 11:35:34,915 - INFO - Epoch 27, Step:200, Avg Loss: 0.7201846612989903
2026-05-11 11:35:35,575 - INFO - Epoch 27, Step:300, Avg Loss: 0.5697778375446796
2026-05-11 11:35:36,240 - INFO - Epoch 27, Step:400, Avg Loss: 0.7177851907163858
2026-05-11 11:35:36,895 - INFO - Epoch 27, Step:500, Avg Loss: 0.69356444388628
2026-05-11 11:35:37,553 - INFO - Epoch 27, Step:600, Avg Loss: 0.614230546578765
2026-05-11 11:35:39,090 - INFO - Epoch 27, Val Accuracy: 0.6286
2026-05-11 11:35:39,096 - INFO - Epoch 28, Step:0, Avg Loss: 0.5806100368499756
2026-05-11 11:35:39,766 - INFO - Epoch 28, Step:100, Avg Loss: 0.6300685097277164
2026-05-11 11:35:40,425 - INFO - Epoch 28, Step:200, Avg Loss: 0.6660889586806298
2026-05-11 11:35:41,090 - INFO - Epoch 28, Step:300, Avg Loss: 0.6389875124394894
2026-05-11 11:35:41,749 - INFO - Epoch 28, Step:400, Avg Loss: 0.6336677403748036
2026-05-11 11:35:42,415 - INFO - Epoch 28, Step:500, Avg Loss: 0.694781491458416
2026-05-11 11:35:43,080 - INFO - Epoch 28, Step:600, Avg Loss: 0.6410666072368622
2026-05-11 11:35:44,635 - INFO - Epoch 28, Val Accuracy: 0.5814
2026-05-11 11:35:44,640 - INFO - Epoch 29, Step:0, Avg Loss: 0.4766096770763397
2026-05-11 11:35:45,308 - INFO - Epoch 29, Step:100, Avg Loss: 0.5316229256987571
2026-05-11 11:35:45,960 - INFO - Epoch 29, Step:200, Avg Loss: 0.5589397803321481
2026-05-11 11:35:46,610 - INFO - Epoch 29, Step:300, Avg Loss: 0.5743033156730235
2026-05-11 11:35:47,252 - INFO - Epoch 29, Step:400, Avg Loss: 0.5321137132495641
2026-05-11 11:35:47,906 - INFO - Epoch 29, Step:500, Avg Loss: 0.6671876029670238
2026-05-11 11:35:48,560 - INFO - Epoch 29, Step:600, Avg Loss: 0.6315094070881605
2026-05-11 11:35:50,096 - INFO - Epoch 29, Val Accuracy: 0.6164
2026-05-11 11:35:50,099 - INFO - Epoch 30, Step:0, Avg Loss: 0.36121729016304016
2026-05-11 11:35:50,780 - INFO - Epoch 30, Step:100, Avg Loss: 0.46243780583143235
2026-05-11 11:35:51,446 - INFO - Epoch 30, Step:200, Avg Loss: 0.49189576201140883
2026-05-11 11:35:52,112 - INFO - Epoch 30, Step:300, Avg Loss: 0.5137213880568743
2026-05-11 11:35:52,766 - INFO - Epoch 30, Step:400, Avg Loss: 0.5153530055843294
2026-05-11 11:35:53,421 - INFO - Epoch 30, Step:500, Avg Loss: 0.5831184077635407
2026-05-11 11:35:54,095 - INFO - Epoch 30, Step:600, Avg Loss: 0.490078965947032
2026-05-11 11:35:55,605 - INFO - Epoch 30, Val Accuracy: 0.6507
2026-05-11 11:35:55,616 - INFO - Epoch 31, Step:0, Avg Loss: 0.28825682401657104
2026-05-11 11:35:56,270 - INFO - Epoch 31, Step:100, Avg Loss: 0.40296014795079826
2026-05-11 11:35:56,922 - INFO - Epoch 31, Step:200, Avg Loss: 0.43150995709933343
2026-05-11 11:35:57,578 - INFO - Epoch 31, Step:300, Avg Loss: 0.34420615941286087
2026-05-11 11:35:58,235 - INFO - Epoch 31, Step:400, Avg Loss: 0.38278364850208163
2026-05-11 11:35:58,905 - INFO - Epoch 31, Step:500, Avg Loss: 0.4186798129789531
2026-05-11 11:35:59,570 - INFO - Epoch 31, Step:600, Avg Loss: 0.3720965325459838
2026-05-11 11:36:01,096 - INFO - Epoch 31, New best accuracy: 0.6757, model saved
2026-05-11 11:36:01,096 - INFO - Epoch 31, Val Accuracy: 0.6757
2026-05-11 11:36:01,103 - INFO - Epoch 32, Step:0, Avg Loss: 0.28748226165771484
2026-05-11 11:36:01,773 - INFO - Epoch 32, Step:100, Avg Loss: 0.2947177578788251
2026-05-11 11:36:02,437 - INFO - Epoch 32, Step:200, Avg Loss: 0.24155227651819586
2026-05-11 11:36:03,092 - INFO - Epoch 32, Step:300, Avg Loss: 0.24354215475730598
2026-05-11 11:36:03,740 - INFO - Epoch 32, Step:400, Avg Loss: 0.2922069810144603
2026-05-11 11:36:04,406 - INFO - Epoch 32, Step:500, Avg Loss: 0.2731500768754631
2026-05-11 11:36:05,070 - INFO - Epoch 32, Step:600, Avg Loss: 0.2807862552534789
2026-05-11 11:36:06,609 - INFO - Epoch 32, New best accuracy: 0.6964, model saved
2026-05-11 11:36:06,610 - INFO - Epoch 32, Val Accuracy: 0.6964
2026-05-11 11:36:06,618 - INFO - Epoch 33, Step:0, Avg Loss: 0.20037120580673218
2026-05-11 11:36:07,299 - INFO - Epoch 33, Step:100, Avg Loss: 0.18022916077636184
2026-05-11 11:36:07,957 - INFO - Epoch 33, Step:200, Avg Loss: 0.19362037129234522
2026-05-11 11:36:08,627 - INFO - Epoch 33, Step:300, Avg Loss: 0.19193697238340973
2026-05-11 11:36:09,297 - INFO - Epoch 33, Step:400, Avg Loss: 0.15615513505763373
2026-05-11 11:36:09,955 - INFO - Epoch 33, Step:500, Avg Loss: 0.19889806013554334
2026-05-11 11:36:10,624 - INFO - Epoch 33, Step:600, Avg Loss: 0.15484180091880262
2026-05-11 11:36:12,143 - INFO - Epoch 33, Val Accuracy: 0.6950
2026-05-11 11:36:12,149 - INFO - Epoch 34, Step:0, Avg Loss: 0.07944883406162262
2026-05-11 11:36:12,827 - INFO - Epoch 34, Step:100, Avg Loss: 0.13549605620559305
2026-05-11 11:36:13,490 - INFO - Epoch 34, Step:200, Avg Loss: 0.13858027084730565
2026-05-11 11:36:14,147 - INFO - Epoch 34, Step:300, Avg Loss: 0.11317353637423366
2026-05-11 11:36:14,807 - INFO - Epoch 34, Step:400, Avg Loss: 0.11997899969108403
2026-05-11 11:36:15,478 - INFO - Epoch 34, Step:500, Avg Loss: 0.1265520585339982
2026-05-11 11:36:16,139 - INFO - Epoch 34, Step:600, Avg Loss: 0.11005347188096494
2026-05-11 11:36:17,690 - INFO - Epoch 34, New best accuracy: 0.7021, model saved
2026-05-11 11:36:17,690 - INFO - Epoch 34, Val Accuracy: 0.7021
2026-05-11 11:36:17,697 - INFO - Epoch 35, Step:0, Avg Loss: 0.038411401212215424
2026-05-11 11:36:18,384 - INFO - Epoch 35, Step:100, Avg Loss: 0.09343200924806297
2026-05-11 11:36:19,047 - INFO - Epoch 35, Step:200, Avg Loss: 0.1174647315783659
2026-05-11 11:36:19,709 - INFO - Epoch 35, Step:300, Avg Loss: 0.1075906230113469
2026-05-11 11:36:20,356 - INFO - Epoch 35, Step:400, Avg Loss: 0.09126599946706847
2026-05-11 11:36:21,015 - INFO - Epoch 35, Step:500, Avg Loss: 0.1001226469487301
2026-05-11 11:36:21,668 - INFO - Epoch 35, Step:600, Avg Loss: 0.10191492631332949
2026-05-11 11:36:23,167 - INFO - Epoch 35, Val Accuracy: 0.7021
2026-05-11 11:36:23,171 - INFO - Epoch 36, Step:0, Avg Loss: 0.12162581086158752
2026-05-11 11:36:23,840 - INFO - Epoch 36, Step:100, Avg Loss: 0.10950091246515513
2026-05-11 11:36:24,492 - INFO - Epoch 36, Step:200, Avg Loss: 0.11227148462552577
2026-05-11 11:36:25,134 - INFO - Epoch 36, Step:300, Avg Loss: 0.10149382951902225
2026-05-11 11:36:25,777 - INFO - Epoch 36, Step:400, Avg Loss: 0.09703193667053711
2026-05-11 11:36:26,434 - INFO - Epoch 36, Step:500, Avg Loss: 0.10079254063777626
2026-05-11 11:36:27,074 - INFO - Epoch 36, Step:600, Avg Loss: 0.08772288583917544
2026-05-11 11:36:28,555 - INFO - Epoch 36, Val Accuracy: 0.6986
2026-05-11 11:36:28,557 - INFO - Epoch 37, Step:0, Avg Loss: 0.07612982392311096
2026-05-11 11:36:29,187 - INFO - Epoch 37, Step:100, Avg Loss: 0.11405174761544913
2026-05-11 11:36:29,819 - INFO - Epoch 37, Step:200, Avg Loss: 0.1298807541304268
2026-05-11 11:36:30,462 - INFO - Epoch 37, Step:300, Avg Loss: 0.13519823548034765
2026-05-11 11:36:31,109 - INFO - Epoch 37, Step:400, Avg Loss: 0.11026064775884152
2026-05-11 11:36:31,748 - INFO - Epoch 37, Step:500, Avg Loss: 0.11630791319068522
2026-05-11 11:36:32,399 - INFO - Epoch 37, Step:600, Avg Loss: 0.12789704052032902
2026-05-11 11:36:33,930 - INFO - Epoch 37, New best accuracy: 0.7036, model saved
2026-05-11 11:36:33,930 - INFO - Epoch 37, Val Accuracy: 0.7036
2026-05-11 11:36:33,939 - INFO - Epoch 38, Step:0, Avg Loss: 0.20287372171878815
2026-05-11 11:36:34,589 - INFO - Epoch 38, Step:100, Avg Loss: 0.11869267114205286
2026-05-11 11:36:35,245 - INFO - Epoch 38, Step:200, Avg Loss: 0.1528256121801678
2026-05-11 11:36:35,897 - INFO - Epoch 38, Step:300, Avg Loss: 0.17513229517266155
2026-05-11 11:36:36,564 - INFO - Epoch 38, Step:400, Avg Loss: 0.2599888473469764
2026-05-11 11:36:37,206 - INFO - Epoch 38, Step:500, Avg Loss: 0.2574836806952953
2026-05-11 11:36:37,847 - INFO - Epoch 38, Step:600, Avg Loss: 0.23941800170578062
2026-05-11 11:36:39,347 - INFO - Epoch 38, Val Accuracy: 0.6814
2026-05-11 11:36:39,357 - INFO - Epoch 39, Step:0, Avg Loss: 0.1691710650920868
2026-05-11 11:36:40,008 - INFO - Epoch 39, Step:100, Avg Loss: 0.1691542646009475
2026-05-11 11:36:40,638 - INFO - Epoch 39, Step:200, Avg Loss: 0.18157511355821043
2026-05-11 11:36:41,297 - INFO - Epoch 39, Step:300, Avg Loss: 0.21525956773431973
2026-05-11 11:36:41,947 - INFO - Epoch 39, Step:400, Avg Loss: 0.2224428541585803
2026-05-11 11:36:42,596 - INFO - Epoch 39, Step:500, Avg Loss: 0.31965767724439503
2026-05-11 11:36:43,247 - INFO - Epoch 39, Step:600, Avg Loss: 0.3909692567773163
2026-05-11 11:36:44,767 - INFO - Epoch 39, Val Accuracy: 0.6657
2026-05-11 11:36:44,777 - INFO - Epoch 40, Step:0, Avg Loss: 0.10657867789268494
2026-05-11 11:36:45,431 - INFO - Epoch 40, Step:100, Avg Loss: 0.18138457886409015
2026-05-11 11:36:46,083 - INFO - Epoch 40, Step:200, Avg Loss: 0.3036977099999785
2026-05-11 11:36:46,737 - INFO - Epoch 40, Step:300, Avg Loss: 0.3164654305763543
2026-05-11 11:36:47,380 - INFO - Epoch 40, Step:400, Avg Loss: 0.3402029288560152
2026-05-11 11:36:48,025 - INFO - Epoch 40, Step:500, Avg Loss: 0.26239279048517344
2026-05-11 11:36:48,666 - INFO - Epoch 40, Step:600, Avg Loss: 0.23467220259830357
2026-05-11 11:36:50,207 - INFO - Epoch 40, Val Accuracy: 0.6450
2026-05-11 11:36:50,217 - INFO - Epoch 41, Step:0, Avg Loss: 0.29601526260375977
2026-05-11 11:36:50,877 - INFO - Epoch 41, Step:100, Avg Loss: 0.2158803846221417
2026-05-11 11:36:51,527 - INFO - Epoch 41, Step:200, Avg Loss: 0.24336369780823588
2026-05-11 11:36:52,182 - INFO - Epoch 41, Step:300, Avg Loss: 0.5217342028580606
2026-05-11 11:36:52,848 - INFO - Epoch 41, Step:400, Avg Loss: 0.3023569747875445
2026-05-11 11:36:53,491 - INFO - Epoch 41, Step:500, Avg Loss: 0.31816117724403736
2026-05-11 11:36:54,124 - INFO - Epoch 41, Step:600, Avg Loss: 0.2319277817197144
2026-05-11 11:36:55,597 - INFO - Epoch 41, Val Accuracy: 0.6707
2026-05-11 11:36:55,607 - INFO - Epoch 42, Step:0, Avg Loss: 0.15231797099113464
2026-05-11 11:36:56,267 - INFO - Epoch 42, Step:100, Avg Loss: 0.22567973379977047
2026-05-11 11:36:56,906 - INFO - Epoch 42, Step:200, Avg Loss: 0.28848639338859355
2026-05-11 11:36:57,527 - INFO - Epoch 42, Step:300, Avg Loss: 0.37772811779752374
2026-05-11 11:36:58,161 - INFO - Epoch 42, Step:400, Avg Loss: 0.25399644956341944
2026-05-11 11:36:58,797 - INFO - Epoch 42, Step:500, Avg Loss: 0.3467882249801187
2026-05-11 11:36:59,462 - INFO - Epoch 42, Step:600, Avg Loss: 0.2875319918617606
2026-05-11 11:37:00,967 - INFO - Epoch 42, Val Accuracy: 0.6700
2026-05-11 11:37:00,974 - INFO - Epoch 43, Step:0, Avg Loss: 0.10116695612668991
2026-05-11 11:37:01,605 - INFO - Epoch 43, Step:100, Avg Loss: 0.1875847166031599
2026-05-11 11:37:02,226 - INFO - Epoch 43, Step:200, Avg Loss: 0.1649584101117216
2026-05-11 11:37:02,847 - INFO - Epoch 43, Step:300, Avg Loss: 0.2214475481887348
2026-05-11 11:37:03,492 - INFO - Epoch 43, Step:400, Avg Loss: 0.3768210943043232
2026-05-11 11:37:04,109 - INFO - Epoch 43, Step:500, Avg Loss: 0.28528722868300976
2026-05-11 11:37:04,737 - INFO - Epoch 43, Step:600, Avg Loss: 0.2520305827097036
2026-05-11 11:37:06,215 - INFO - Epoch 43, Val Accuracy: 0.6793
2026-05-11 11:37:06,220 - INFO - Epoch 44, Step:0, Avg Loss: 0.09155884385108948
2026-05-11 11:37:06,875 - INFO - Epoch 44, Step:100, Avg Loss: 0.20096659642178566
2026-05-11 11:37:07,517 - INFO - Epoch 44, Step:200, Avg Loss: 0.17682169667445125
2026-05-11 11:37:08,159 - INFO - Epoch 44, Step:300, Avg Loss: 0.11177283885655925
2026-05-11 11:37:08,802 - INFO - Epoch 44, Step:400, Avg Loss: 0.09368594412808307
2026-05-11 11:37:09,432 - INFO - Epoch 44, Step:500, Avg Loss: 0.19799067287473007
2026-05-11 11:37:10,067 - INFO - Epoch 44, Step:600, Avg Loss: 0.1691523864713963
2026-05-11 11:37:11,530 - INFO - Epoch 44, Val Accuracy: 0.6386
2026-05-11 11:37:11,536 - INFO - Epoch 45, Step:0, Avg Loss: 0.5139544010162354
2026-05-11 11:37:12,181 - INFO - Epoch 45, Step:100, Avg Loss: 0.09716106828767807
2026-05-11 11:37:12,801 - INFO - Epoch 45, Step:200, Avg Loss: 0.11137857570429333
2026-05-11 11:37:13,429 - INFO - Epoch 45, Step:300, Avg Loss: 0.12732670619647252
2026-05-11 11:37:14,066 - INFO - Epoch 45, Step:400, Avg Loss: 0.10104784377967008
2026-05-11 11:37:14,680 - INFO - Epoch 45, Step:500, Avg Loss: 0.13609771424438805
2026-05-11 11:37:15,310 - INFO - Epoch 45, Step:600, Avg Loss: 0.09794225366145838
2026-05-11 11:37:16,820 - INFO - Epoch 45, Val Accuracy: 0.6707
2026-05-11 11:37:16,828 - INFO - Epoch 46, Step:0, Avg Loss: 0.032712243497371674
2026-05-11 11:37:17,462 - INFO - Epoch 46, Step:100, Avg Loss: 0.03559449580614455
2026-05-11 11:37:18,090 - INFO - Epoch 46, Step:200, Avg Loss: 0.04660747396992519
2026-05-11 11:37:18,710 - INFO - Epoch 46, Step:300, Avg Loss: 0.03851236971815524
2026-05-11 11:37:19,328 - INFO - Epoch 46, Step:400, Avg Loss: 0.01525509237551887
2026-05-11 11:37:19,960 - INFO - Epoch 46, Step:500, Avg Loss: 0.026003985492861828
2026-05-11 11:37:20,596 - INFO - Epoch 46, Step:600, Avg Loss: 0.030132172232406447
2026-05-11 11:37:22,086 - INFO - Epoch 46, Val Accuracy: 0.6943
2026-05-11 11:37:22,091 - INFO - Epoch 47, Step:0, Avg Loss: 0.060693491250276566
2026-05-11 11:37:22,730 - INFO - Epoch 47, Step:100, Avg Loss: 0.01179383943828725
2026-05-11 11:37:23,366 - INFO - Epoch 47, Step:200, Avg Loss: 0.008282307350782503
2026-05-11 11:37:24,006 - INFO - Epoch 47, Step:300, Avg Loss: 0.007429148184310179
2026-05-11 11:37:24,640 - INFO - Epoch 47, Step:400, Avg Loss: 0.007434115994765306
2026-05-11 11:37:25,310 - INFO - Epoch 47, Step:500, Avg Loss: 0.007476174651430938
2026-05-11 11:37:25,979 - INFO - Epoch 47, Step:600, Avg Loss: 0.008828610929977004
2026-05-11 11:37:27,527 - INFO - Epoch 47, Val Accuracy: 0.6986
2026-05-11 11:37:27,535 - INFO - Epoch 48, Step:0, Avg Loss: 0.0002001133980229497
2026-05-11 11:37:28,199 - INFO - Epoch 48, Step:100, Avg Loss: 0.004310357286922226
2026-05-11 11:37:28,865 - INFO - Epoch 48, Step:200, Avg Loss: 0.0036466373477014712
2026-05-11 11:37:29,520 - INFO - Epoch 48, Step:300, Avg Loss: 0.003212006475587259
2026-05-11 11:37:30,198 - INFO - Epoch 48, Step:400, Avg Loss: 0.003778867380983684
2026-05-11 11:37:30,868 - INFO - Epoch 48, Step:500, Avg Loss: 0.00438725090243679
2026-05-11 11:37:31,528 - INFO - Epoch 48, Step:600, Avg Loss: 0.0037614295966409373
2026-05-11 11:37:33,058 - INFO - Epoch 48, New best accuracy: 0.7043, model saved
2026-05-11 11:37:33,058 - INFO - Epoch 48, Val Accuracy: 0.7043
2026-05-11 11:37:33,068 - INFO - Epoch 49, Step:0, Avg Loss: 0.007202010601758957
2026-05-11 11:37:33,725 - INFO - Epoch 49, Step:100, Avg Loss: 0.0029338730300514726
2026-05-11 11:37:34,406 - INFO - Epoch 49, Step:200, Avg Loss: 0.004192646029778189
2026-05-11 11:37:35,066 - INFO - Epoch 49, Step:300, Avg Loss: 0.002796454217759674
2026-05-11 11:37:35,727 - INFO - Epoch 49, Step:400, Avg Loss: 0.0028325344490258433
2026-05-11 11:37:36,396 - INFO - Epoch 49, Step:500, Avg Loss: 0.002942645051225554
2026-05-11 11:37:37,064 - INFO - Epoch 49, Step:600, Avg Loss: 0.002572875056866906
2026-05-11 11:37:38,589 - INFO - Epoch 49, Val Accuracy: 0.7014
2026-05-11 11:37:38,596 - INFO - Epoch 50, Step:0, Avg Loss: 3.540392572176643e-05
2026-05-11 11:37:39,266 - INFO - Epoch 50, Step:100, Avg Loss: 0.0032213912366933074
2026-05-11 11:37:39,926 - INFO - Epoch 50, Step:200, Avg Loss: 0.0028886650689310045
2026-05-11 11:37:40,581 - INFO - Epoch 50, Step:300, Avg Loss: 0.0024663436288119554
2026-05-11 11:37:41,257 - INFO - Epoch 50, Step:400, Avg Loss: 0.002943660747873764
2026-05-11 11:37:41,921 - INFO - Epoch 50, Step:500, Avg Loss: 0.002666268659017987
2026-05-11 11:37:42,588 - INFO - Epoch 50, Step:600, Avg Loss: 0.0031114313402031257
2026-05-11 11:37:44,127 - INFO - Epoch 50, Val Accuracy: 0.7021
2026-05-11 11:37:44,131 - INFO - Epoch 51, Step:0, Avg Loss: 0.0033086040057241917
2026-05-11 11:37:44,799 - INFO - Epoch 51, Step:100, Avg Loss: 0.0033581757312640547
2026-05-11 11:37:45,470 - INFO - Epoch 51, Step:200, Avg Loss: 0.003350866703367501
2026-05-11 11:37:46,139 - INFO - Epoch 51, Step:300, Avg Loss: 0.0025180218908630535
2026-05-11 11:37:46,796 - INFO - Epoch 51, Step:400, Avg Loss: 0.003086474644987902
2026-05-11 11:37:47,449 - INFO - Epoch 51, Step:500, Avg Loss: 0.0022393044387354166
2026-05-11 11:37:48,136 - INFO - Epoch 51, Step:600, Avg Loss: 0.0032727193184746285
2026-05-11 11:37:49,756 - INFO - Epoch 51, Val Accuracy: 0.6914
2026-05-11 11:37:49,767 - INFO - Epoch 52, Step:0, Avg Loss: 0.004092208109796047
2026-05-11 11:37:50,452 - INFO - Epoch 52, Step:100, Avg Loss: 0.06321894307173352
2026-05-11 11:37:51,124 - INFO - Epoch 52, Step:200, Avg Loss: 0.05444904347561533
2026-05-11 11:37:51,777 - INFO - Epoch 52, Step:300, Avg Loss: 0.10240021871053613
2026-05-11 11:37:52,382 - INFO - Epoch 52, Step:400, Avg Loss: 0.03411285986985604
2026-05-11 11:37:53,038 - INFO - Epoch 52, Step:500, Avg Loss: 0.015315458069671876
2026-05-11 11:37:53,665 - INFO - Epoch 52, Step:600, Avg Loss: 0.014435437843421823
2026-05-11 11:37:55,186 - INFO - Epoch 52, Val Accuracy: 0.6957
2026-05-11 11:37:55,196 - INFO - Epoch 53, Step:0, Avg Loss: 0.014528937637805939
2026-05-11 11:37:55,826 - INFO - Epoch 53, Step:100, Avg Loss: 0.005258878321255906
2026-05-11 11:37:56,437 - INFO - Epoch 53, Step:200, Avg Loss: 0.004223340215648932
2026-05-11 11:37:57,045 - INFO - Epoch 53, Step:300, Avg Loss: 0.002392103344827774
2026-05-11 11:37:57,667 - INFO - Epoch 53, Step:400, Avg Loss: 0.0037787340431350456
2026-05-11 11:37:58,286 - INFO - Epoch 53, Step:500, Avg Loss: 0.06467461406363327
2026-05-11 11:37:58,903 - INFO - Epoch 53, Step:600, Avg Loss: 0.5152991574411863
2026-05-11 11:38:00,378 - INFO - Epoch 53, Val Accuracy: 0.6550
2026-05-11 11:38:00,386 - INFO - Epoch 54, Step:0, Avg Loss: 0.18345531821250916
2026-05-11 11:38:01,040 - INFO - Epoch 54, Step:100, Avg Loss: 0.12702566298888995
2026-05-11 11:38:01,680 - INFO - Epoch 54, Step:200, Avg Loss: 0.11628157280792947
2026-05-11 11:38:02,301 - INFO - Epoch 54, Step:300, Avg Loss: 0.15797107910038904
2026-05-11 11:38:02,960 - INFO - Epoch 54, Step:400, Avg Loss: 0.1868496095779119
2026-05-11 11:38:03,567 - INFO - Epoch 54, Step:500, Avg Loss: 0.1885976867971476
2026-05-11 11:38:04,228 - INFO - Epoch 54, Step:600, Avg Loss: 0.18959059453074587
2026-05-11 11:38:05,745 - INFO - Epoch 54, Val Accuracy: 0.6636
2026-05-11 11:38:05,749 - INFO - Epoch 55, Step:0, Avg Loss: 0.011736977845430374
2026-05-11 11:38:06,396 - INFO - Epoch 55, Step:100, Avg Loss: 0.12848144283052534
2026-05-11 11:38:07,038 - INFO - Epoch 55, Step:200, Avg Loss: 0.14208832254167647
2026-05-11 11:38:07,657 - INFO - Epoch 55, Step:300, Avg Loss: 0.2007845673453994
2026-05-11 11:38:08,281 - INFO - Epoch 55, Step:400, Avg Loss: 0.10901488690287806
2026-05-11 11:38:08,913 - INFO - Epoch 55, Step:500, Avg Loss: 0.19196984979731496
2026-05-11 11:38:09,596 - INFO - Epoch 55, Step:600, Avg Loss: 0.25709399780957026
2026-05-11 11:38:11,146 - INFO - Epoch 55, Val Accuracy: 0.6571
2026-05-11 11:38:11,153 - INFO - Epoch 56, Step:0, Avg Loss: 0.41185614466667175
2026-05-11 11:38:12,522 - INFO - Epoch 56, Step:100, Avg Loss: 0.16261187567084562
2026-05-11 11:38:13,998 - INFO - Epoch 56, Step:200, Avg Loss: 0.14993107212474568
2026-05-11 11:38:15,543 - INFO - Epoch 56, Step:300, Avg Loss: 0.06684926897112746
2026-05-11 11:38:17,242 - INFO - Epoch 56, Step:400, Avg Loss: 0.06844786968526023
2026-05-11 11:38:18,859 - INFO - Epoch 56, Step:500, Avg Loss: 0.05018446041212883
2026-05-11 11:38:20,430 - INFO - Epoch 56, Step:600, Avg Loss: 0.35217638220870867
2026-05-11 11:38:22,316 - INFO - Epoch 56, Val Accuracy: 0.6536
2026-05-11 11:38:22,323 - INFO - Epoch 57, Step:0, Avg Loss: 0.6192471385002136
2026-05-11 11:38:22,968 - INFO - Epoch 57, Step:100, Avg Loss: 0.1499637018609792
2026-05-11 11:38:23,658 - INFO - Epoch 57, Step:200, Avg Loss: 0.08675057971384376
2026-05-11 11:38:24,306 - INFO - Epoch 57, Step:300, Avg Loss: 0.10304701614193618
2026-05-11 11:38:24,938 - INFO - Epoch 57, Step:400, Avg Loss: 0.09722954763361485
2026-05-11 11:38:25,578 - INFO - Epoch 57, Step:500, Avg Loss: 0.14289774263073923
2026-05-11 11:38:26,217 - INFO - Epoch 57, Step:600, Avg Loss: 0.22184783387230708
2026-05-11 11:38:27,720 - INFO - Epoch 57, Val Accuracy: 0.6314
2026-05-11 11:38:27,726 - INFO - Epoch 58, Step:0, Avg Loss: 0.13170799612998962
2026-05-11 11:38:28,364 - INFO - Epoch 58, Step:100, Avg Loss: 0.10808540543337586
2026-05-11 11:38:29,008 - INFO - Epoch 58, Step:200, Avg Loss: 0.045425244973739606
2026-05-11 11:38:29,647 - INFO - Epoch 58, Step:300, Avg Loss: 0.0256060027127387
2026-05-11 11:38:30,291 - INFO - Epoch 58, Step:400, Avg Loss: 0.029209968327268142
2026-05-11 11:38:30,921 - INFO - Epoch 58, Step:500, Avg Loss: 0.05357929564568622
2026-05-11 11:38:31,557 - INFO - Epoch 58, Step:600, Avg Loss: 0.09487342990381877
2026-05-11 11:38:33,082 - INFO - Epoch 58, Val Accuracy: 0.6357
2026-05-11 11:38:33,092 - INFO - Epoch 59, Step:0, Avg Loss: 0.029503686353564262
2026-05-11 11:38:33,749 - INFO - Epoch 59, Step:100, Avg Loss: 0.12988142349524423
2026-05-11 11:38:34,397 - INFO - Epoch 59, Step:200, Avg Loss: 0.09063161429716274
2026-05-11 11:38:35,033 - INFO - Epoch 59, Step:300, Avg Loss: 0.09775668490765384
2026-05-11 11:38:35,677 - INFO - Epoch 59, Step:400, Avg Loss: 0.09075432230776642
2026-05-11 11:38:36,309 - INFO - Epoch 59, Step:500, Avg Loss: 0.05145286081067752
2026-05-11 11:38:36,956 - INFO - Epoch 59, Step:600, Avg Loss: 0.0810852512481506
2026-05-11 11:38:38,476 - INFO - Epoch 59, Val Accuracy: 0.6993
2026-05-11 11:38:38,478 - INFO - Epoch 60, Step:0, Avg Loss: 0.00016225271974690259
2026-05-11 11:38:39,137 - INFO - Epoch 60, Step:100, Avg Loss: 0.012954359691902936
2026-05-11 11:38:39,808 - INFO - Epoch 60, Step:200, Avg Loss: 0.008366431732138153
2026-05-11 11:38:40,456 - INFO - Epoch 60, Step:300, Avg Loss: 0.003964918362398749
2026-05-11 11:38:41,123 - INFO - Epoch 60, Step:400, Avg Loss: 0.0043895065833203266
2026-05-11 11:38:41,768 - INFO - Epoch 60, Step:500, Avg Loss: 0.0035936940454030265
2026-05-11 11:38:42,420 - INFO - Epoch 60, Step:600, Avg Loss: 0.0034788060113078246
2026-05-11 11:38:43,912 - INFO - Epoch 60, New best accuracy: 0.7164, model saved
2026-05-11 11:38:43,912 - INFO - Epoch 60, Val Accuracy: 0.7164
2026-05-11 11:38:43,917 - INFO - Epoch 61, Step:0, Avg Loss: 0.001914127147756517
2026-05-11 11:38:44,589 - INFO - Epoch 61, Step:100, Avg Loss: 0.003690405204833951
2026-05-11 11:38:45,251 - INFO - Epoch 61, Step:200, Avg Loss: 0.0023698028975286433
2026-05-11 11:38:45,893 - INFO - Epoch 61, Step:300, Avg Loss: 0.0014087754833462896
2026-05-11 11:38:46,525 - INFO - Epoch 61, Step:400, Avg Loss: 0.0013760648756215232
2026-05-11 11:38:47,159 - INFO - Epoch 61, Step:500, Avg Loss: 0.0011687915910988521
2026-05-11 11:38:47,797 - INFO - Epoch 61, Step:600, Avg Loss: 0.0012035073323704638
2026-05-11 11:38:49,319 - INFO - Epoch 61, Val Accuracy: 0.7129
2026-05-11 11:38:49,327 - INFO - Epoch 62, Step:0, Avg Loss: 0.001389926765114069
2026-05-11 11:38:49,977 - INFO - Epoch 62, Step:100, Avg Loss: 0.000871716161373115
2026-05-11 11:38:50,638 - INFO - Epoch 62, Step:200, Avg Loss: 0.0009571568922820006
2026-05-11 11:38:51,287 - INFO - Epoch 62, Step:300, Avg Loss: 0.0007784548099152744
2026-05-11 11:38:51,922 - INFO - Epoch 62, Step:400, Avg Loss: 0.000900628874846916
2026-05-11 11:38:52,567 - INFO - Epoch 62, Step:500, Avg Loss: 0.0006579921192769689
2026-05-11 11:38:53,213 - INFO - Epoch 62, Step:600, Avg Loss: 0.0008348955380097322
2026-05-11 11:38:54,730 - INFO - Epoch 62, Val Accuracy: 0.7143
2026-05-11 11:38:54,740 - INFO - Epoch 63, Step:0, Avg Loss: 0.0024331200402230024
2026-05-11 11:38:55,371 - INFO - Epoch 63, Step:100, Avg Loss: 0.0006613515849585383
2026-05-11 11:38:56,009 - INFO - Epoch 63, Step:200, Avg Loss: 0.0008021923267733655
2026-05-11 11:38:56,636 - INFO - Epoch 63, Step:300, Avg Loss: 0.0007502832864702214
2026-05-11 11:38:57,259 - INFO - Epoch 63, Step:400, Avg Loss: 0.0007066368912637699
2026-05-11 11:38:57,894 - INFO - Epoch 63, Step:500, Avg Loss: 0.0006224659122131015
2026-05-11 11:38:58,510 - INFO - Epoch 63, Step:600, Avg Loss: 0.0007984750099308258
2026-05-11 11:38:59,992 - INFO - Epoch 63, Val Accuracy: 0.7150
2026-05-11 11:38:59,999 - INFO - Epoch 64, Step:0, Avg Loss: 0.0012632322032004595
2026-05-11 11:39:00,662 - INFO - Epoch 64, Step:100, Avg Loss: 0.000613272046016391
2026-05-11 11:39:01,287 - INFO - Epoch 64, Step:200, Avg Loss: 0.0008712099445256172
2026-05-11 11:39:01,917 - INFO - Epoch 64, Step:300, Avg Loss: 0.0006458166804827669
2026-05-11 11:39:02,546 - INFO - Epoch 64, Step:400, Avg Loss: 0.0006679066173046522
2026-05-11 11:39:03,171 - INFO - Epoch 64, Step:500, Avg Loss: 0.0007410776436302058
2026-05-11 11:39:03,783 - INFO - Epoch 64, Step:600, Avg Loss: 0.0006565176097365111
2026-05-11 11:39:05,287 - INFO - Epoch 64, New best accuracy: 0.7186, model saved
2026-05-11 11:39:05,287 - INFO - Epoch 64, Val Accuracy: 0.7186
2026-05-11 11:39:05,293 - INFO - Epoch 65, Step:0, Avg Loss: 0.0008975827950052917
2026-05-11 11:39:05,932 - INFO - Epoch 65, Step:100, Avg Loss: 0.0007355193390048954
2026-05-11 11:39:06,543 - INFO - Epoch 65, Step:200, Avg Loss: 0.0007799828441420687
2026-05-11 11:39:07,163 - INFO - Epoch 65, Step:300, Avg Loss: 0.0005970305963410283
2026-05-11 11:39:07,797 - INFO - Epoch 65, Step:400, Avg Loss: 0.0006497301789863741
2026-05-11 11:39:08,431 - INFO - Epoch 65, Step:500, Avg Loss: 0.000616341092240873
2026-05-11 11:39:09,058 - INFO - Epoch 65, Step:600, Avg Loss: 0.0005354687189424112
2026-05-11 11:39:10,537 - INFO - Epoch 65, Val Accuracy: 0.7143
2026-05-11 11:39:10,549 - INFO - Epoch 66, Step:0, Avg Loss: 0.0001554645859869197
2026-05-11 11:39:11,200 - INFO - Epoch 66, Step:100, Avg Loss: 0.0005083164732468503
2026-05-11 11:39:11,826 - INFO - Epoch 66, Step:200, Avg Loss: 0.0005446473580605016
2026-05-11 11:39:12,461 - INFO - Epoch 66, Step:300, Avg Loss: 0.00046077175528012047
2026-05-11 11:39:13,110 - INFO - Epoch 66, Step:400, Avg Loss: 0.0004745807074095865
2026-05-11 11:39:13,734 - INFO - Epoch 66, Step:500, Avg Loss: 0.0006129923879734634
2026-05-11 11:39:14,358 - INFO - Epoch 66, Step:600, Avg Loss: 0.0007959258568735095
2026-05-11 11:39:15,859 - INFO - Epoch 66, Val Accuracy: 0.7150
2026-05-11 11:39:15,870 - INFO - Epoch 67, Step:0, Avg Loss: 0.00025977438781410456
2026-05-11 11:39:16,513 - INFO - Epoch 67, Step:100, Avg Loss: 0.00033763092055089317
2026-05-11 11:39:17,146 - INFO - Epoch 67, Step:200, Avg Loss: 0.0003643937364040539
2026-05-11 11:39:17,777 - INFO - Epoch 67, Step:300, Avg Loss: 0.00032630449620683064
2026-05-11 11:39:18,414 - INFO - Epoch 67, Step:400, Avg Loss: 0.0003232378674770331
2026-05-11 11:39:19,047 - INFO - Epoch 67, Step:500, Avg Loss: 0.00031948670418216804
2026-05-11 11:39:19,674 - INFO - Epoch 67, Step:600, Avg Loss: 0.000482631434493328
2026-05-11 11:39:21,153 - INFO - Epoch 67, Val Accuracy: 0.6300
2026-05-11 11:39:21,157 - INFO - Epoch 68, Step:0, Avg Loss: 0.90885329246521
2026-05-11 11:39:21,777 - INFO - Epoch 68, Step:100, Avg Loss: 0.28631306311814114
2026-05-11 11:39:22,400 - INFO - Epoch 68, Step:200, Avg Loss: 0.13882672022707992
2026-05-11 11:39:23,032 - INFO - Epoch 68, Step:300, Avg Loss: 0.12355655361432583
2026-05-11 11:39:23,662 - INFO - Epoch 68, Step:400, Avg Loss: 0.14198291152482853
2026-05-11 11:39:24,280 - INFO - Epoch 68, Step:500, Avg Loss: 0.08138493368311174
2026-05-11 11:39:24,952 - INFO - Epoch 68, Step:600, Avg Loss: 0.14149640648683998
2026-05-11 11:39:26,474 - INFO - Epoch 68, Val Accuracy: 0.6857
2026-05-11 11:39:26,476 - INFO - Epoch 69, Step:0, Avg Loss: 0.012415872886776924
2026-05-11 11:39:27,147 - INFO - Epoch 69, Step:100, Avg Loss: 0.014542651162628317
2026-05-11 11:39:27,816 - INFO - Epoch 69, Step:200, Avg Loss: 0.006784707469741988
2026-05-11 11:39:28,485 - INFO - Epoch 69, Step:300, Avg Loss: 0.006386928422280107
2026-05-11 11:39:29,128 - INFO - Epoch 69, Step:400, Avg Loss: 0.087685683194577
2026-05-11 11:39:29,790 - INFO - Epoch 69, Step:500, Avg Loss: 0.359961517243064
2026-05-11 11:39:30,456 - INFO - Epoch 69, Step:600, Avg Loss: 0.23627943623811007
2026-05-11 11:39:31,979 - INFO - Epoch 69, Val Accuracy: 0.6579
2026-05-11 11:39:31,987 - INFO - Epoch 70, Step:0, Avg Loss: 0.007615841459482908
2026-05-11 11:39:32,670 - INFO - Epoch 70, Step:100, Avg Loss: 0.15144908030342777
2026-05-11 11:39:33,310 - INFO - Epoch 70, Step:200, Avg Loss: 0.0528030116960872
2026-05-11 11:39:33,967 - INFO - Epoch 70, Step:300, Avg Loss: 0.11872745725922869
2026-05-11 11:39:34,639 - INFO - Epoch 70, Step:400, Avg Loss: 0.06760243876851746
2026-05-11 11:39:35,290 - INFO - Epoch 70, Step:500, Avg Loss: 0.09926229052973212
2026-05-11 11:39:35,970 - INFO - Epoch 70, Step:600, Avg Loss: 0.10143805282685207
2026-05-11 11:39:37,536 - INFO - Epoch 70, Val Accuracy: 0.6093
2026-05-11 11:39:37,543 - INFO - Epoch 71, Step:0, Avg Loss: 0.3640982508659363
2026-05-11 11:39:38,228 - INFO - Epoch 71, Step:100, Avg Loss: 0.1678050624660682
2026-05-11 11:39:38,899 - INFO - Epoch 71, Step:200, Avg Loss: 0.1966662590141641
2026-05-11 11:39:39,569 - INFO - Epoch 71, Step:300, Avg Loss: 0.09730902688199422
2026-05-11 11:39:40,239 - INFO - Epoch 71, Step:400, Avg Loss: 0.09102080422206199
2026-05-11 11:39:40,902 - INFO - Epoch 71, Step:500, Avg Loss: 0.17258472514222375
2026-05-11 11:39:41,573 - INFO - Epoch 71, Step:600, Avg Loss: 0.07069177468074486
2026-05-11 11:39:43,091 - INFO - Epoch 71, Val Accuracy: 0.6686
2026-05-11 11:39:43,099 - INFO - Epoch 72, Step:0, Avg Loss: 0.005251816939562559
2026-05-11 11:39:43,770 - INFO - Epoch 72, Step:100, Avg Loss: 0.0754489758033742
2026-05-11 11:39:44,444 - INFO - Epoch 72, Step:200, Avg Loss: 0.045637194997443654
2026-05-11 11:39:45,109 - INFO - Epoch 72, Step:300, Avg Loss: 0.10102438415953657
2026-05-11 11:39:45,779 - INFO - Epoch 72, Step:400, Avg Loss: 0.15651679581351347
2026-05-11 11:39:46,459 - INFO - Epoch 72, Step:500, Avg Loss: 0.05077051456850313
2026-05-11 11:39:47,119 - INFO - Epoch 72, Step:600, Avg Loss: 0.06947749538056086
2026-05-11 11:39:48,668 - INFO - Epoch 72, Val Accuracy: 0.6793
2026-05-11 11:39:48,672 - INFO - Epoch 73, Step:0, Avg Loss: 0.0019640326499938965
2026-05-11 11:39:49,350 - INFO - Epoch 73, Step:100, Avg Loss: 0.05687962813211925
2026-05-11 11:39:50,006 - INFO - Epoch 73, Step:200, Avg Loss: 0.07913001697306754
2026-05-11 11:39:50,681 - INFO - Epoch 73, Step:300, Avg Loss: 0.08113109167679795
2026-05-11 11:39:51,350 - INFO - Epoch 73, Step:400, Avg Loss: 0.09863323508470785
2026-05-11 11:39:52,023 - INFO - Epoch 73, Step:500, Avg Loss: 0.01815905514435144
2026-05-11 11:39:52,689 - INFO - Epoch 73, Step:600, Avg Loss: 0.03110234731091623
2026-05-11 11:39:54,236 - INFO - Epoch 73, Val Accuracy: 0.6786
2026-05-11 11:39:54,240 - INFO - Epoch 74, Step:0, Avg Loss: 0.0018540427554398775
2026-05-11 11:39:54,896 - INFO - Epoch 74, Step:100, Avg Loss: 0.03424312276285491
2026-05-11 11:39:55,546 - INFO - Epoch 74, Step:200, Avg Loss: 0.01819724412382129
2026-05-11 11:39:56,186 - INFO - Epoch 74, Step:300, Avg Loss: 0.009385416521654406
2026-05-11 11:39:56,820 - INFO - Epoch 74, Step:400, Avg Loss: 0.01723340645625285
2026-05-11 11:39:57,474 - INFO - Epoch 74, Step:500, Avg Loss: 0.03054513390212378
2026-05-11 11:39:58,126 - INFO - Epoch 74, Step:600, Avg Loss: 0.061379403022765476
2026-05-11 11:39:59,599 - INFO - Epoch 74, Val Accuracy: 0.6721
2026-05-11 11:39:59,607 - INFO - Epoch 75, Step:0, Avg Loss: 0.0012873465893790126
2026-05-11 11:40:00,241 - INFO - Epoch 75, Step:100, Avg Loss: 0.01268920232381788
2026-05-11 11:40:00,880 - INFO - Epoch 75, Step:200, Avg Loss: 0.005730142500624424
2026-05-11 11:40:01,515 - INFO - Epoch 75, Step:300, Avg Loss: 0.0026807320981970407
2026-05-11 11:40:02,150 - INFO - Epoch 75, Step:400, Avg Loss: 0.0016923310333481823
2026-05-11 11:40:02,794 - INFO - Epoch 75, Step:500, Avg Loss: 0.001245964049343229
2026-05-11 11:40:03,429 - INFO - Epoch 75, Step:600, Avg Loss: 0.002097217816949524
2026-05-11 11:40:04,966 - INFO - Epoch 75, Val Accuracy: 0.6986
2026-05-11 11:40:04,969 - INFO - Epoch 76, Step:0, Avg Loss: 0.0016247177263721824
2026-05-11 11:40:05,604 - INFO - Epoch 76, Step:100, Avg Loss: 0.0006466099154022231
2026-05-11 11:40:06,259 - INFO - Epoch 76, Step:200, Avg Loss: 0.0007349611442020887
2026-05-11 11:40:06,915 - INFO - Epoch 76, Step:300, Avg Loss: 0.0006750589260474271
2026-05-11 11:40:07,556 - INFO - Epoch 76, Step:400, Avg Loss: 0.0005117231171038838
2026-05-11 11:40:08,177 - INFO - Epoch 76, Step:500, Avg Loss: 0.00055256413883626
2026-05-11 11:40:08,816 - INFO - Epoch 76, Step:600, Avg Loss: 0.000588013900369333
2026-05-11 11:40:10,310 - INFO - Epoch 76, Val Accuracy: 0.6986
2026-05-11 11:40:10,318 - INFO - Epoch 77, Step:0, Avg Loss: 7.440288027282804e-05
2026-05-11 11:40:10,969 - INFO - Epoch 77, Step:100, Avg Loss: 0.0005423455395975552
2026-05-11 11:40:11,599 - INFO - Epoch 77, Step:200, Avg Loss: 0.00048074894495584884
2026-05-11 11:40:12,249 - INFO - Epoch 77, Step:300, Avg Loss: 0.0004259785565875518
2026-05-11 11:40:12,882 - INFO - Epoch 77, Step:400, Avg Loss: 0.0005269755349229399
2026-05-11 11:40:13,506 - INFO - Epoch 77, Step:500, Avg Loss: 0.0005386082126005932
2026-05-11 11:40:14,129 - INFO - Epoch 77, Step:600, Avg Loss: 0.0003635076786338232
2026-05-11 11:40:15,602 - INFO - Epoch 77, Val Accuracy: 0.7014
2026-05-11 11:40:15,609 - INFO - Epoch 78, Step:0, Avg Loss: 0.0001584632700541988
2026-05-11 11:40:16,243 - INFO - Epoch 78, Step:100, Avg Loss: 0.0004077295881279497
2026-05-11 11:40:16,871 - INFO - Epoch 78, Step:200, Avg Loss: 0.00045837653337486015
2026-05-11 11:40:17,499 - INFO - Epoch 78, Step:300, Avg Loss: 0.0004285632561698094
2026-05-11 11:40:18,146 - INFO - Epoch 78, Step:400, Avg Loss: 0.0003987939440276023
2026-05-11 11:40:18,776 - INFO - Epoch 78, Step:500, Avg Loss: 0.0005113559026312942
2026-05-11 11:40:19,402 - INFO - Epoch 78, Step:600, Avg Loss: 0.0004336118093738151
2026-05-11 11:40:20,886 - INFO - Epoch 78, Val Accuracy: 0.7021
2026-05-11 11:40:20,894 - INFO - Epoch 79, Step:0, Avg Loss: 0.0007084810640662909
2026-05-11 11:40:21,549 - INFO - Epoch 79, Step:100, Avg Loss: 0.00038738295749908504
2026-05-11 11:40:22,183 - INFO - Epoch 79, Step:200, Avg Loss: 0.000388545664584683
2026-05-11 11:40:22,842 - INFO - Epoch 79, Step:300, Avg Loss: 0.0003864995736034871
2026-05-11 11:40:23,489 - INFO - Epoch 79, Step:400, Avg Loss: 0.0006042076261871898
2026-05-11 11:40:24,149 - INFO - Epoch 79, Step:500, Avg Loss: 0.0003545301809739954
2026-05-11 11:40:24,796 - INFO - Epoch 79, Step:600, Avg Loss: 0.00040142780565247447
2026-05-11 11:40:26,286 - INFO - Epoch 79, Val Accuracy: 0.7021
2026-05-11 11:40:26,291 - INFO - Epoch 80, Step:0, Avg Loss: 0.00010718069097492844
2026-05-11 11:40:26,956 - INFO - Epoch 80, Step:100, Avg Loss: 0.00037731500577649514
2026-05-11 11:40:27,618 - INFO - Epoch 80, Step:200, Avg Loss: 0.00031635894803457633
2026-05-11 11:40:28,268 - INFO - Epoch 80, Step:300, Avg Loss: 0.00034394046761349273
2026-05-11 11:40:28,928 - INFO - Epoch 80, Step:400, Avg Loss: 0.0003267424426121579
2026-05-11 11:40:29,583 - INFO - Epoch 80, Step:500, Avg Loss: 0.0003467014615637254
2026-05-11 11:40:30,236 - INFO - Epoch 80, Step:600, Avg Loss: 0.0003600015247275223
2026-05-11 11:40:31,754 - INFO - Epoch 80, Val Accuracy: 0.7050
2026-05-11 11:40:31,762 - INFO - Epoch 81, Step:0, Avg Loss: 0.00013163572293706238
2026-05-11 11:40:32,426 - INFO - Epoch 81, Step:100, Avg Loss: 0.0002410088208603156
2026-05-11 11:40:33,086 - INFO - Epoch 81, Step:200, Avg Loss: 0.00020271521692137638
2026-05-11 11:40:33,734 - INFO - Epoch 81, Step:300, Avg Loss: 0.00023834279954542125
2026-05-11 11:40:34,390 - INFO - Epoch 81, Step:400, Avg Loss: 0.000213572691581021
2026-05-11 11:40:35,048 - INFO - Epoch 81, Step:500, Avg Loss: 0.00023528164628714877
2026-05-11 11:40:35,706 - INFO - Epoch 81, Step:600, Avg Loss: 0.0001936709586101415
2026-05-11 11:40:37,224 - INFO - Epoch 81, Val Accuracy: 0.7029
2026-05-11 11:40:37,228 - INFO - Epoch 82, Step:0, Avg Loss: 1.4945445400371682e-05
2026-05-11 11:40:37,899 - INFO - Epoch 82, Step:100, Avg Loss: 0.00011888088015325593
2026-05-11 11:40:38,577 - INFO - Epoch 82, Step:200, Avg Loss: 0.0001055407395540442
2026-05-11 11:40:39,236 - INFO - Epoch 82, Step:300, Avg Loss: 0.0001364979593984117
2026-05-11 11:40:39,899 - INFO - Epoch 82, Step:400, Avg Loss: 7.908623200918008e-05
2026-05-11 11:40:40,552 - INFO - Epoch 82, Step:500, Avg Loss: 0.00011853859289743695
2026-05-11 11:40:41,227 - INFO - Epoch 82, Step:600, Avg Loss: 0.00011885125415432185
2026-05-11 11:40:42,727 - INFO - Epoch 82, Val Accuracy: 0.7114
2026-05-11 11:40:42,737 - INFO - Epoch 83, Step:0, Avg Loss: 1.460309022149886e-06
2026-05-11 11:40:43,395 - INFO - Epoch 83, Step:100, Avg Loss: 5.16765203636993e-05
2026-05-11 11:40:44,056 - INFO - Epoch 83, Step:200, Avg Loss: 5.1728062255875785e-05
2026-05-11 11:40:44,726 - INFO - Epoch 83, Step:300, Avg Loss: 4.9670261021930175e-05
2026-05-11 11:40:45,388 - INFO - Epoch 83, Step:400, Avg Loss: 4.950626271213565e-05
2026-05-11 11:40:46,036 - INFO - Epoch 83, Step:500, Avg Loss: 5.3468502519962156e-05
2026-05-11 11:40:46,696 - INFO - Epoch 83, Step:600, Avg Loss: 4.8627988993246165e-05
2026-05-11 11:40:48,206 - INFO - Epoch 83, Val Accuracy: 0.7114
2026-05-11 11:40:48,216 - INFO - Epoch 84, Step:0, Avg Loss: 4.69351616629865e-05
2026-05-11 11:40:48,869 - INFO - Epoch 84, Step:100, Avg Loss: 3.2909218845063036e-05
2026-05-11 11:40:49,511 - INFO - Epoch 84, Step:200, Avg Loss: 2.5148481737105045e-05
2026-05-11 11:40:50,164 - INFO - Epoch 84, Step:300, Avg Loss: 2.4897942438038002e-05
2026-05-11 11:40:50,817 - INFO - Epoch 84, Step:400, Avg Loss: 2.215262522958561e-05
2026-05-11 11:40:51,460 - INFO - Epoch 84, Step:500, Avg Loss: 1.848196964424176e-05
2026-05-11 11:40:52,130 - INFO - Epoch 84, Step:600, Avg Loss: 1.8168926728829858e-05
2026-05-11 11:40:53,666 - INFO - Epoch 84, Val Accuracy: 0.7071
2026-05-11 11:40:53,672 - INFO - Epoch 85, Step:0, Avg Loss: 1.326197775597393e-06
2026-05-11 11:40:54,342 - INFO - Epoch 85, Step:100, Avg Loss: 1.5007435155718341e-05
2026-05-11 11:40:54,972 - INFO - Epoch 85, Step:200, Avg Loss: 1.3657350964484393e-05
2026-05-11 11:40:55,596 - INFO - Epoch 85, Step:300, Avg Loss: 1.3988077068489701e-05
2026-05-11 11:40:56,213 - INFO - Epoch 85, Step:400, Avg Loss: 1.239619321017571e-05
2026-05-11 11:40:56,836 - INFO - Epoch 85, Step:500, Avg Loss: 1.032705822687774e-05
2026-05-11 11:40:57,456 - INFO - Epoch 85, Step:600, Avg Loss: 9.956380935367549e-06
2026-05-11 11:40:58,936 - INFO - Epoch 85, Val Accuracy: 0.7121
2026-05-11 11:40:58,940 - INFO - Epoch 86, Step:0, Avg Loss: 1.639117613194685e-06
2026-05-11 11:40:59,568 - INFO - Epoch 86, Step:100, Avg Loss: 7.366614524135784e-06
2026-05-11 11:41:00,206 - INFO - Epoch 86, Step:200, Avg Loss: 8.23073712829192e-06
2026-05-11 11:41:00,837 - INFO - Epoch 86, Step:300, Avg Loss: 6.555220529778083e-06
2026-05-11 11:41:01,456 - INFO - Epoch 86, Step:400, Avg Loss: 6.199110560975995e-06
2026-05-11 11:41:02,089 - INFO - Epoch 86, Step:500, Avg Loss: 8.545580752992165e-06
2026-05-11 11:41:02,709 - INFO - Epoch 86, Step:600, Avg Loss: 7.4009524949048e-06
2026-05-11 11:41:04,195 - INFO - Epoch 86, Val Accuracy: 0.7093
2026-05-11 11:41:04,203 - INFO - Epoch 87, Step:0, Avg Loss: 2.011645619859337e-06
2026-05-11 11:41:04,832 - INFO - Epoch 87, Step:100, Avg Loss: 4.606740148567212e-06
2026-05-11 11:41:05,448 - INFO - Epoch 87, Step:200, Avg Loss: 4.691343444802598e-06
2026-05-11 11:41:06,065 - INFO - Epoch 87, Step:300, Avg Loss: 5.382993953020332e-06
2026-05-11 11:41:06,686 - INFO - Epoch 87, Step:400, Avg Loss: 4.908102186584884e-06
2026-05-11 11:41:07,312 - INFO - Epoch 87, Step:500, Avg Loss: 4.515388067076742e-06
2026-05-11 11:41:07,926 - INFO - Epoch 87, Step:600, Avg Loss: 4.225872217658022e-06
2026-05-11 11:41:09,411 - INFO - Epoch 87, Val Accuracy: 0.7107
2026-05-11 11:41:09,421 - INFO - Epoch 88, Step:0, Avg Loss: 6.913995093782432e-06
2026-05-11 11:41:10,042 - INFO - Epoch 88, Step:100, Avg Loss: 3.260169273442415e-06
2026-05-11 11:41:10,662 - INFO - Epoch 88, Step:200, Avg Loss: 3.725506010914259e-06
2026-05-11 11:41:11,291 - INFO - Epoch 88, Step:300, Avg Loss: 3.5037913160618216e-06
2026-05-11 11:41:11,911 - INFO - Epoch 88, Step:400, Avg Loss: 2.802262616317108e-06
2026-05-11 11:41:12,536 - INFO - Epoch 88, Step:500, Avg Loss: 3.5137587031641714e-06
2026-05-11 11:41:13,160 - INFO - Epoch 88, Step:600, Avg Loss: 2.8591879228390125e-06
2026-05-11 11:41:14,636 - INFO - Epoch 88, Val Accuracy: 0.7086
2026-05-11 11:41:14,641 - INFO - Epoch 89, Step:0, Avg Loss: 3.129240440102876e-07
2026-05-11 11:41:15,273 - INFO - Epoch 89, Step:100, Avg Loss: 2.4519589401350574e-06
2026-05-11 11:41:15,892 - INFO - Epoch 89, Step:200, Avg Loss: 2.471603862437277e-06
2026-05-11 11:41:16,526 - INFO - Epoch 89, Step:300, Avg Loss: 2.6733765676834056e-06
2026-05-11 11:41:17,146 - INFO - Epoch 89, Step:400, Avg Loss: 2.8712598576596806e-06
2026-05-11 11:41:17,771 - INFO - Epoch 89, Step:500, Avg Loss: 2.3306643689657847e-06
2026-05-11 11:41:18,410 - INFO - Epoch 89, Step:600, Avg Loss: 2.0263854576096916e-06
2026-05-11 11:41:19,898 - INFO - Epoch 89, Val Accuracy: 0.7086
2026-05-11 11:41:19,902 - INFO - Epoch 90, Step:0, Avg Loss: 1.3112996839481639e-06
2026-05-11 11:41:20,535 - INFO - Epoch 90, Step:100, Avg Loss: 1.8442995766676517e-06
2026-05-11 11:41:21,167 - INFO - Epoch 90, Step:200, Avg Loss: 2.279837605145829e-06
2026-05-11 11:41:21,786 - INFO - Epoch 90, Step:300, Avg Loss: 2.115938958349162e-06
2026-05-11 11:41:22,406 - INFO - Epoch 90, Step:400, Avg Loss: 2.1056636061889124e-06
2026-05-11 11:41:23,027 - INFO - Epoch 90, Step:500, Avg Loss: 2.0064216274295886e-06
2026-05-11 11:41:23,651 - INFO - Epoch 90, Step:600, Avg Loss: 1.7945285954201751e-06
2026-05-11 11:41:25,136 - INFO - Epoch 90, Val Accuracy: 0.7093
2026-05-11 11:41:25,146 - INFO - Epoch 91, Step:0, Avg Loss: 2.160660642402945e-06
2026-05-11 11:41:25,812 - INFO - Epoch 91, Step:100, Avg Loss: 1.8866128017869243e-06
2026-05-11 11:41:26,486 - INFO - Epoch 91, Step:200, Avg Loss: 1.657292939594157e-06
2026-05-11 11:41:27,147 - INFO - Epoch 91, Step:300, Avg Loss: 1.8633737344408985e-06
2026-05-11 11:41:27,801 - INFO - Epoch 91, Step:400, Avg Loss: 1.5599908946839491e-06
2026-05-11 11:41:28,486 - INFO - Epoch 91, Step:500, Avg Loss: 1.7452078340429722e-06
2026-05-11 11:41:29,137 - INFO - Epoch 91, Step:600, Avg Loss: 1.7788844883082078e-06
2026-05-11 11:41:30,677 - INFO - Epoch 91, Val Accuracy: 0.7114
2026-05-11 11:41:30,680 - INFO - Epoch 92, Step:0, Avg Loss: 1.8477383036952233e-06
2026-05-11 11:41:31,350 - INFO - Epoch 92, Step:100, Avg Loss: 1.6054397886033912e-06
2026-05-11 11:41:32,017 - INFO - Epoch 92, Step:200, Avg Loss: 1.8125594633211507e-06
2026-05-11 11:41:32,679 - INFO - Epoch 92, Step:300, Avg Loss: 1.3758140771980009e-06
2026-05-11 11:41:33,348 - INFO - Epoch 92, Step:400, Avg Loss: 1.5929231875322359e-06
2026-05-11 11:41:34,008 - INFO - Epoch 92, Step:500, Avg Loss: 1.6721936778996139e-06
2026-05-11 11:41:34,667 - INFO - Epoch 92, Step:600, Avg Loss: 1.547322391113326e-06
2026-05-11 11:41:36,188 - INFO - Epoch 92, Val Accuracy: 0.7107
2026-05-11 11:41:36,194 - INFO - Epoch 93, Step:0, Avg Loss: 2.309669298483641e-06
2026-05-11 11:41:36,858 - INFO - Epoch 93, Step:100, Avg Loss: 1.6839677958202515e-06
2026-05-11 11:41:37,511 - INFO - Epoch 93, Step:200, Avg Loss: 1.6741276288900765e-06
2026-05-11 11:41:38,166 - INFO - Epoch 93, Step:300, Avg Loss: 1.7189796684569102e-06
2026-05-11 11:41:38,820 - INFO - Epoch 93, Step:400, Avg Loss: 1.6909712215529282e-06
2026-05-11 11:41:39,472 - INFO - Epoch 93, Step:500, Avg Loss: 1.6964834189803214e-06
2026-05-11 11:41:40,116 - INFO - Epoch 93, Step:600, Avg Loss: 1.1810570029879842e-06
2026-05-11 11:41:41,633 - INFO - Epoch 93, Val Accuracy: 0.7114
2026-05-11 11:41:41,640 - INFO - Epoch 94, Step:0, Avg Loss: 9.983740483221482e-07
2026-05-11 11:41:42,316 - INFO - Epoch 94, Step:100, Avg Loss: 1.4541935801304363e-06
2026-05-11 11:41:42,991 - INFO - Epoch 94, Step:200, Avg Loss: 1.6715982683290775e-06
2026-05-11 11:41:43,656 - INFO - Epoch 94, Step:300, Avg Loss: 1.3068227750956396e-06
2026-05-11 11:41:44,316 - INFO - Epoch 94, Step:400, Avg Loss: 1.4822007620374223e-06
2026-05-11 11:41:44,983 - INFO - Epoch 94, Step:500, Avg Loss: 1.8669502862511677e-06
2026-05-11 11:41:45,653 - INFO - Epoch 94, Step:600, Avg Loss: 1.308162585091921e-06
2026-05-11 11:41:47,169 - INFO - Epoch 94, Val Accuracy: 0.7086
2026-05-11 11:41:47,177 - INFO - Epoch 95, Step:0, Avg Loss: 1.937149818331818e-07
2026-05-11 11:41:47,847 - INFO - Epoch 95, Step:100, Avg Loss: 1.2390246623450452e-06
2026-05-11 11:41:48,518 - INFO - Epoch 95, Step:200, Avg Loss: 1.0195309572047506e-06
2026-05-11 11:41:49,176 - INFO - Epoch 95, Step:300, Avg Loss: 1.2718055939231477e-06
2026-05-11 11:41:49,848 - INFO - Epoch 95, Step:400, Avg Loss: 1.2780603603967933e-06
2026-05-11 11:41:50,514 - INFO - Epoch 95, Step:500, Avg Loss: 1.106848037055741e-06
2026-05-11 11:41:51,186 - INFO - Epoch 95, Step:600, Avg Loss: 1.2853504057286357e-06
2026-05-11 11:41:52,713 - INFO - Epoch 95, Val Accuracy: 0.7050
2026-05-11 11:41:52,717 - INFO - Epoch 96, Step:0, Avg Loss: 1.3411040811206476e-07
2026-05-11 11:41:53,393 - INFO - Epoch 96, Step:100, Avg Loss: 1.365507805441979e-06
2026-05-11 11:41:54,047 - INFO - Epoch 96, Step:200, Avg Loss: 0.5493046518085418
2026-05-11 11:41:54,712 - INFO - Epoch 96, Step:300, Avg Loss: 0.2715429899051378
2026-05-11 11:41:55,367 - INFO - Epoch 96, Step:400, Avg Loss: 0.07394116361258057
2026-05-11 11:41:56,028 - INFO - Epoch 96, Step:500, Avg Loss: 0.0379377365079381
2026-05-11 11:41:56,678 - INFO - Epoch 96, Step:600, Avg Loss: 0.060047836335215835
2026-05-11 11:41:58,214 - INFO - Epoch 96, Val Accuracy: 0.6743
2026-05-11 11:41:58,221 - INFO - Epoch 97, Step:0, Avg Loss: 0.02535361796617508
2026-05-11 11:41:58,898 - INFO - Epoch 97, Step:100, Avg Loss: 0.017924332075558595
2026-05-11 11:41:59,577 - INFO - Epoch 97, Step:200, Avg Loss: 0.06737680318866296
2026-05-11 11:42:00,257 - INFO - Epoch 97, Step:300, Avg Loss: 0.12640178137779004
2026-05-11 11:42:00,929 - INFO - Epoch 97, Step:400, Avg Loss: 0.038860344030058516
2026-05-11 11:42:01,593 - INFO - Epoch 97, Step:500, Avg Loss: 0.0842730426494154
2026-05-11 11:42:02,265 - INFO - Epoch 97, Step:600, Avg Loss: 0.16771043651142464
2026-05-11 11:42:03,813 - INFO - Epoch 97, Val Accuracy: 0.6536
2026-05-11 11:42:03,824 - INFO - Epoch 98, Step:0, Avg Loss: 1.2942619323730469
2026-05-11 11:42:04,487 - INFO - Epoch 98, Step:100, Avg Loss: 0.07934896957820456
2026-05-11 11:42:05,153 - INFO - Epoch 98, Step:200, Avg Loss: 0.16289525567601232
2026-05-11 11:42:05,809 - INFO - Epoch 98, Step:300, Avg Loss: 0.058542326995711845
2026-05-11 11:42:06,463 - INFO - Epoch 98, Step:400, Avg Loss: 0.09809734379370638
2026-05-11 11:42:07,123 - INFO - Epoch 98, Step:500, Avg Loss: 0.12046330756944372
2026-05-11 11:42:07,783 - INFO - Epoch 98, Step:600, Avg Loss: 0.16480517105286707
2026-05-11 11:42:09,351 - INFO - Epoch 98, Val Accuracy: 0.6743
2026-05-11 11:42:09,357 - INFO - Epoch 99, Step:0, Avg Loss: 0.010720488615334034
2026-05-11 11:42:10,027 - INFO - Epoch 99, Step:100, Avg Loss: 0.07262579560912855
2026-05-11 11:42:10,693 - INFO - Epoch 99, Step:200, Avg Loss: 0.1726121170204715
2026-05-11 11:42:11,351 - INFO - Epoch 99, Step:300, Avg Loss: 0.06679720924570574
2026-05-11 11:42:12,013 - INFO - Epoch 99, Step:400, Avg Loss: 0.04803693207073593
2026-05-11 11:42:12,660 - INFO - Epoch 99, Step:500, Avg Loss: 0.1522364767800741
2026-05-11 11:42:13,318 - INFO - Epoch 99, Step:600, Avg Loss: 0.2490542759746313
2026-05-11 11:42:14,831 - INFO - Epoch 99, Val Accuracy: 0.6900
2026-05-11 11:42:14,837 - INFO - Epoch 100, Step:0, Avg Loss: 0.0007212358177639544
2026-05-11 11:42:15,503 - INFO - Epoch 100, Step:100, Avg Loss: 0.024901816303990926
2026-05-11 11:42:16,163 - INFO - Epoch 100, Step:200, Avg Loss: 0.03166672509018099
2026-05-11 11:42:16,830 - INFO - Epoch 100, Step:300, Avg Loss: 0.019113843535251362
2026-05-11 11:42:17,495 - INFO - Epoch 100, Step:400, Avg Loss: 0.019793935095513006
2026-05-11 11:42:18,163 - INFO - Epoch 100, Step:500, Avg Loss: 0.005482430949404034
2026-05-11 11:42:18,819 - INFO - Epoch 100, Step:600, Avg Loss: 0.004547618023570977
2026-05-11 11:42:20,355 - INFO - Epoch 100, Val Accuracy: 0.6986
2026-05-11 11:42:20,362 - INFO - Epoch 101, Step:0, Avg Loss: 0.004405926447361708
2026-05-11 11:42:21,033 - INFO - Epoch 101, Step:100, Avg Loss: 0.00452061657314971
2026-05-11 11:42:21,689 - INFO - Epoch 101, Step:200, Avg Loss: 0.008656395591656292
2026-05-11 11:42:22,353 - INFO - Epoch 101, Step:300, Avg Loss: 0.048779165968289816
2026-05-11 11:42:23,013 - INFO - Epoch 101, Step:400, Avg Loss: 0.10587223010865728
2026-05-11 11:42:23,673 - INFO - Epoch 101, Step:500, Avg Loss: 0.14287290549153112
2026-05-11 11:42:24,337 - INFO - Epoch 101, Step:600, Avg Loss: 0.08449487452118774
2026-05-11 11:42:25,861 - INFO - Epoch 101, Val Accuracy: 0.6943
2026-05-11 11:42:25,868 - INFO - Epoch 102, Step:0, Avg Loss: 0.008752044290304184
2026-05-11 11:42:26,518 - INFO - Epoch 102, Step:100, Avg Loss: 0.037821046912990826
2026-05-11 11:42:27,173 - INFO - Epoch 102, Step:200, Avg Loss: 0.018271397865030393
2026-05-11 11:42:27,817 - INFO - Epoch 102, Step:300, Avg Loss: 0.011776933127559062
2026-05-11 11:42:28,473 - INFO - Epoch 102, Step:400, Avg Loss: 0.008920670598836295
2026-05-11 11:42:29,111 - INFO - Epoch 102, Step:500, Avg Loss: 0.018075415896067284
2026-05-11 11:42:29,750 - INFO - Epoch 102, Step:600, Avg Loss: 0.10715799739026806
2026-05-11 11:42:31,294 - INFO - Epoch 102, Val Accuracy: 0.6979
2026-05-11 11:42:31,300 - INFO - Epoch 103, Step:0, Avg Loss: 0.0015586826484650373
2026-05-11 11:42:31,958 - INFO - Epoch 103, Step:100, Avg Loss: 0.005960546093101584
2026-05-11 11:42:32,607 - INFO - Epoch 103, Step:200, Avg Loss: 0.002465433457746258
2026-05-11 11:42:33,260 - INFO - Epoch 103, Step:300, Avg Loss: 0.0031145044425284142
2026-05-11 11:42:33,900 - INFO - Epoch 103, Step:400, Avg Loss: 0.0015802912045796802
2026-05-11 11:42:34,552 - INFO - Epoch 103, Step:500, Avg Loss: 0.002352125336885251
2026-05-11 11:42:35,210 - INFO - Epoch 103, Step:600, Avg Loss: 0.000750961893294857
2026-05-11 11:42:36,736 - INFO - Epoch 103, Val Accuracy: 0.7136
2026-05-11 11:42:36,744 - INFO - Epoch 104, Step:0, Avg Loss: 0.00029404577799141407
2026-05-11 11:42:37,390 - INFO - Epoch 104, Step:100, Avg Loss: 0.0005949789785933035
2026-05-11 11:42:38,041 - INFO - Epoch 104, Step:200, Avg Loss: 0.00046521380754029453
2026-05-11 11:42:38,700 - INFO - Epoch 104, Step:300, Avg Loss: 0.00040476992029425674
2026-05-11 11:42:39,338 - INFO - Epoch 104, Step:400, Avg Loss: 0.000496769775508028
2026-05-11 11:42:39,968 - INFO - Epoch 104, Step:500, Avg Loss: 0.000369687533650449
2026-05-11 11:42:40,618 - INFO - Epoch 104, Step:600, Avg Loss: 0.0003267198135608851
2026-05-11 11:42:42,124 - INFO - Epoch 104, Val Accuracy: 0.7114
2026-05-11 11:42:42,130 - INFO - Epoch 105, Step:0, Avg Loss: 0.0001759394071996212
2026-05-11 11:42:42,778 - INFO - Epoch 105, Step:100, Avg Loss: 0.0003352139402920784
2026-05-11 11:42:43,417 - INFO - Epoch 105, Step:200, Avg Loss: 0.00030010901327671036
2026-05-11 11:42:44,078 - INFO - Epoch 105, Step:300, Avg Loss: 0.0003388297522394623
2026-05-11 11:42:44,693 - INFO - Epoch 105, Step:400, Avg Loss: 0.0003199950974797616
2026-05-11 11:42:45,323 - INFO - Epoch 105, Step:500, Avg Loss: 0.0002707662095372143
2026-05-11 11:42:45,937 - INFO - Epoch 105, Step:600, Avg Loss: 0.00029115141967395175
2026-05-11 11:42:47,414 - INFO - Epoch 105, Val Accuracy: 0.7129
2026-05-11 11:42:47,420 - INFO - Epoch 106, Step:0, Avg Loss: 0.00033496381365694106
2026-05-11 11:42:48,073 - INFO - Epoch 106, Step:100, Avg Loss: 0.00027355458485317285
2026-05-11 11:42:48,722 - INFO - Epoch 106, Step:200, Avg Loss: 0.0002948068509147106
2026-05-11 11:42:49,372 - INFO - Epoch 106, Step:300, Avg Loss: 0.00023116576871643702
2026-05-11 11:42:50,013 - INFO - Epoch 106, Step:400, Avg Loss: 0.00024742620978258857
2026-05-11 11:42:50,657 - INFO - Epoch 106, Step:500, Avg Loss: 0.0002829006695350245
2026-05-11 11:42:51,312 - INFO - Epoch 106, Step:600, Avg Loss: 0.00022487561355774232
2026-05-11 11:42:52,803 - INFO - Epoch 106, Val Accuracy: 0.7129
2026-05-11 11:42:52,810 - INFO - Epoch 107, Step:0, Avg Loss: 0.0001744547043927014
2026-05-11 11:42:53,441 - INFO - Epoch 107, Step:100, Avg Loss: 0.0002609169983566062
2026-05-11 11:42:54,070 - INFO - Epoch 107, Step:200, Avg Loss: 0.0002708786410401842
2026-05-11 11:42:54,707 - INFO - Epoch 107, Step:300, Avg Loss: 0.000237401425980579
2026-05-11 11:42:55,333 - INFO - Epoch 107, Step:400, Avg Loss: 0.00024677354164730046
2026-05-11 11:42:55,951 - INFO - Epoch 107, Step:500, Avg Loss: 0.00024940496518183864
2026-05-11 11:42:56,583 - INFO - Epoch 107, Step:600, Avg Loss: 0.00027961404450991265
2026-05-11 11:42:58,054 - INFO - Epoch 107, Val Accuracy: 0.7114
2026-05-11 11:42:58,083 - INFO - Epoch 108, Step:0, Avg Loss: 4.7349367378046736e-05
2026-05-11 11:42:58,727 - INFO - Epoch 108, Step:100, Avg Loss: 0.00029754925132579045
2026-05-11 11:42:59,358 - INFO - Epoch 108, Step:200, Avg Loss: 0.00022030699579715928
2026-05-11 11:42:59,987 - INFO - Epoch 108, Step:300, Avg Loss: 0.00019993056503807337
2026-05-11 11:43:00,616 - INFO - Epoch 108, Step:400, Avg Loss: 0.00022466945712039887
2026-05-11 11:43:01,246 - INFO - Epoch 108, Step:500, Avg Loss: 0.00026137571812839155
2026-05-11 11:43:01,875 - INFO - Epoch 108, Step:600, Avg Loss: 0.00025666588339959165
2026-05-11 11:43:03,359 - INFO - Epoch 108, Val Accuracy: 0.7107
2026-05-11 11:43:03,367 - INFO - Epoch 109, Step:0, Avg Loss: 0.00026594329392537475
2026-05-11 11:43:03,988 - INFO - Epoch 109, Step:100, Avg Loss: 0.00018523182784278448
2026-05-11 11:43:04,618 - INFO - Epoch 109, Step:200, Avg Loss: 0.0001360782697747709
2026-05-11 11:43:05,235 - INFO - Epoch 109, Step:300, Avg Loss: 0.00018442507381791985
2026-05-11 11:43:05,859 - INFO - Epoch 109, Step:400, Avg Loss: 0.0002000110353324658
2026-05-11 11:43:06,487 - INFO - Epoch 109, Step:500, Avg Loss: 0.00017591568115108203
2026-05-11 11:43:07,131 - INFO - Epoch 109, Step:600, Avg Loss: 0.00016997658266056703
2026-05-11 11:43:08,620 - INFO - Epoch 109, Val Accuracy: 0.7129
2026-05-11 11:43:08,627 - INFO - Epoch 110, Step:0, Avg Loss: 0.0001755018747644499
2026-05-11 11:43:09,257 - INFO - Epoch 110, Step:100, Avg Loss: 9.551054597750408e-05
2026-05-11 11:43:09,887 - INFO - Epoch 110, Step:200, Avg Loss: 0.00010175228327334196
2026-05-11 11:43:10,517 - INFO - Epoch 110, Step:300, Avg Loss: 0.00012160213456240853
2026-05-11 11:43:11,147 - INFO - Epoch 110, Step:400, Avg Loss: 7.859903486686193e-05
2026-05-11 11:43:11,776 - INFO - Epoch 110, Step:500, Avg Loss: 7.751877493831217e-05
2026-05-11 11:43:12,399 - INFO - Epoch 110, Step:600, Avg Loss: 0.00010503372297861802
2026-05-11 11:43:13,885 - INFO - Epoch 110, Val Accuracy: 0.7107
2026-05-11 11:43:13,891 - INFO - Epoch 111, Step:0, Avg Loss: 0.00030169510864652693
2026-05-11 11:43:14,518 - INFO - Epoch 111, Step:100, Avg Loss: 5.215564034059206e-05
2026-05-11 11:43:15,151 - INFO - Epoch 111, Step:200, Avg Loss: 4.705664122298003e-05
2026-05-11 11:43:15,777 - INFO - Epoch 111, Step:300, Avg Loss: 4.084455875123183e-05
2026-05-11 11:43:16,397 - INFO - Epoch 111, Step:400, Avg Loss: 5.519774489483708e-05
2026-05-11 11:43:17,043 - INFO - Epoch 111, Step:500, Avg Loss: 3.3611601583345415e-05
2026-05-11 11:43:17,671 - INFO - Epoch 111, Step:600, Avg Loss: 4.049347865473507e-05
2026-05-11 11:43:19,149 - INFO - Epoch 111, Val Accuracy: 0.7143
2026-05-11 11:43:19,157 - INFO - Epoch 112, Step:0, Avg Loss: 6.40749192371004e-07
2026-05-11 11:43:19,785 - INFO - Epoch 112, Step:100, Avg Loss: 2.351162293493303e-05
2026-05-11 11:43:20,415 - INFO - Epoch 112, Step:200, Avg Loss: 2.675078198134173e-05
2026-05-11 11:43:21,053 - INFO - Epoch 112, Step:300, Avg Loss: 2.2022304537721027e-05
2026-05-11 11:43:21,670 - INFO - Epoch 112, Step:400, Avg Loss: 1.8514002483547286e-05
2026-05-11 11:43:22,307 - INFO - Epoch 112, Step:500, Avg Loss: 1.8914979523847465e-05
2026-05-11 11:43:22,929 - INFO - Epoch 112, Step:600, Avg Loss: 1.972587401017023e-05
2026-05-11 11:43:24,434 - INFO - Epoch 112, Val Accuracy: 0.7136
2026-05-11 11:43:24,439 - INFO - Epoch 113, Step:0, Avg Loss: 9.685738859843696e-07
2026-05-11 11:43:25,121 - INFO - Epoch 113, Step:100, Avg Loss: 1.1625380413011755e-05
2026-05-11 11:43:25,788 - INFO - Epoch 113, Step:200, Avg Loss: 1.3097094490213124e-05
2026-05-11 11:43:26,457 - INFO - Epoch 113, Step:300, Avg Loss: 1.1464782095433889e-05
2026-05-11 11:43:27,125 - INFO - Epoch 113, Step:400, Avg Loss: 1.0670725606329868e-05
2026-05-11 11:43:27,783 - INFO - Epoch 113, Step:500, Avg Loss: 1.0558808189387036e-05
2026-05-11 11:43:28,439 - INFO - Epoch 113, Step:600, Avg Loss: 8.919262482764979e-06
2026-05-11 11:43:29,967 - INFO - Epoch 113, Val Accuracy: 0.7136
2026-05-11 11:43:29,972 - INFO - Epoch 114, Step:0, Avg Loss: 1.922235014717444e-06
2026-05-11 11:43:30,638 - INFO - Epoch 114, Step:100, Avg Loss: 6.752872889661532e-06
2026-05-11 11:43:31,297 - INFO - Epoch 114, Step:200, Avg Loss: 5.653689414177876e-06
2026-05-11 11:43:31,968 - INFO - Epoch 114, Step:300, Avg Loss: 6.810169486737294e-06
2026-05-11 11:43:32,630 - INFO - Epoch 114, Step:400, Avg Loss: 6.922461789669043e-06
2026-05-11 11:43:33,307 - INFO - Epoch 114, Step:500, Avg Loss: 6.368345402920639e-06
2026-05-11 11:43:33,980 - INFO - Epoch 114, Step:600, Avg Loss: 5.046088928022385e-06
2026-05-11 11:43:35,520 - INFO - Epoch 114, Val Accuracy: 0.7136
2026-05-11 11:43:35,528 - INFO - Epoch 115, Step:0, Avg Loss: 7.450578465295621e-08
2026-05-11 11:43:36,190 - INFO - Epoch 115, Step:100, Avg Loss: 3.4972375326081107e-06
2026-05-11 11:43:36,850 - INFO - Epoch 115, Step:200, Avg Loss: 4.877744454301336e-06
2026-05-11 11:43:37,517 - INFO - Epoch 115, Step:300, Avg Loss: 4.025589553755538e-06
2026-05-11 11:43:38,177 - INFO - Epoch 115, Step:400, Avg Loss: 4.1552359644825285e-06
2026-05-11 11:43:38,857 - INFO - Epoch 115, Step:500, Avg Loss: 3.6008975342838313e-06
2026-05-11 11:43:39,530 - INFO - Epoch 115, Step:600, Avg Loss: 3.675735535004776e-06
2026-05-11 11:43:41,078 - INFO - Epoch 115, Val Accuracy: 0.7150
2026-05-11 11:43:41,084 - INFO - Epoch 116, Step:0, Avg Loss: 0.0
2026-05-11 11:43:41,767 - INFO - Epoch 116, Step:100, Avg Loss: 2.6225622695452698e-06
2026-05-11 11:43:42,436 - INFO - Epoch 116, Step:200, Avg Loss: 2.6544491128444036e-06
2026-05-11 11:43:43,107 - INFO - Epoch 116, Step:300, Avg Loss: 2.3385521419161393e-06
2026-05-11 11:43:43,774 - INFO - Epoch 116, Step:400, Avg Loss: 2.8198518284039407e-06
2026-05-11 11:43:44,434 - INFO - Epoch 116, Step:500, Avg Loss: 3.1230860424802387e-06
2026-05-11 11:43:45,117 - INFO - Epoch 116, Step:600, Avg Loss: 2.237818171391126e-06
2026-05-11 11:43:46,667 - INFO - Epoch 116, Val Accuracy: 0.7150
2026-05-11 11:43:46,674 - INFO - Epoch 117, Step:0, Avg Loss: 1.4007014215167146e-06
2026-05-11 11:43:47,325 - INFO - Epoch 117, Step:100, Avg Loss: 2.120409842891746e-06
2026-05-11 11:43:48,000 - INFO - Epoch 117, Step:200, Avg Loss: 1.81657596172613e-06
2026-05-11 11:43:48,689 - INFO - Epoch 117, Step:300, Avg Loss: 1.5511968841863678e-06
2026-05-11 11:43:49,366 - INFO - Epoch 117, Step:400, Avg Loss: 2.0137180870172244e-06
