2026-05-14 10:14:41,907 - INFO - Epoch 0, Step:0, Avg Loss: 2.360529661178589 lr:0.0005
2026-05-14 10:14:46,707 - INFO - Epoch 0, Step:100, Avg Loss: 1.8572314596176147 lr:0.0005
2026-05-14 10:14:51,407 - INFO - Epoch 0, New best accuracy: 0.3093, model saved
2026-05-14 10:14:51,408 - INFO - Epoch 0, Val Accuracy: 0.3093
2026-05-14 10:14:51,462 - INFO - Epoch 1, Step:0, Avg Loss: 1.931886076927185 lr:0.0005
2026-05-14 10:14:56,174 - INFO - Epoch 1, Step:100, Avg Loss: 1.688595175743103 lr:0.0005
2026-05-14 10:15:00,772 - INFO - Epoch 1, New best accuracy: 0.3729, model saved
2026-05-14 10:15:00,772 - INFO - Epoch 1, Val Accuracy: 0.3729
2026-05-14 10:15:00,821 - INFO - Epoch 2, Step:0, Avg Loss: 1.4329619407653809 lr:0.0005
2026-05-14 10:15:05,546 - INFO - Epoch 2, Step:100, Avg Loss: 1.5379755556583405 lr:0.0005
2026-05-14 10:15:10,153 - INFO - Epoch 2, New best accuracy: 0.4236, model saved
2026-05-14 10:15:10,154 - INFO - Epoch 2, Val Accuracy: 0.4236
2026-05-14 10:15:10,203 - INFO - Epoch 3, Step:0, Avg Loss: 1.5344281196594238 lr:0.0005
2026-05-14 10:15:14,929 - INFO - Epoch 3, Step:100, Avg Loss: 1.4528045916557313 lr:0.0005
2026-05-14 10:15:19,524 - INFO - Epoch 3, New best accuracy: 0.4321, model saved
2026-05-14 10:15:19,524 - INFO - Epoch 3, Val Accuracy: 0.4321
2026-05-14 10:15:19,570 - INFO - Epoch 4, Step:0, Avg Loss: 1.5344040393829346 lr:0.0005
2026-05-14 10:15:24,269 - INFO - Epoch 4, Step:100, Avg Loss: 1.3574503993988036 lr:0.0005
2026-05-14 10:15:28,895 - INFO - Epoch 4, New best accuracy: 0.4743, model saved
2026-05-14 10:15:28,896 - INFO - Epoch 4, Val Accuracy: 0.4743
2026-05-14 10:15:28,946 - INFO - Epoch 5, Step:0, Avg Loss: 1.0935665369033813 lr:0.0005
2026-05-14 10:15:33,710 - INFO - Epoch 5, Step:100, Avg Loss: 1.2694826239347459 lr:0.0005
2026-05-14 10:15:38,315 - INFO - Epoch 5, New best accuracy: 0.5393, model saved
2026-05-14 10:15:38,315 - INFO - Epoch 5, Val Accuracy: 0.5393
2026-05-14 10:15:38,364 - INFO - Epoch 6, Step:0, Avg Loss: 1.1439982652664185 lr:0.0004
2026-05-14 10:15:43,094 - INFO - Epoch 6, Step:100, Avg Loss: 1.210535591840744 lr:0.0004
2026-05-14 10:15:47,750 - INFO - Epoch 6, Val Accuracy: 0.5264
2026-05-14 10:15:47,799 - INFO - Epoch 7, Step:0, Avg Loss: 1.4326773881912231 lr:0.0004
2026-05-14 10:15:52,562 - INFO - Epoch 7, Step:100, Avg Loss: 1.1304405182600021 lr:0.0004
2026-05-14 10:15:57,241 - INFO - Epoch 7, New best accuracy: 0.5879, model saved
2026-05-14 10:15:57,241 - INFO - Epoch 7, Val Accuracy: 0.5879
2026-05-14 10:15:57,291 - INFO - Epoch 8, Step:0, Avg Loss: 1.3564634323120117 lr:0.0004
2026-05-14 10:16:02,077 - INFO - Epoch 8, Step:100, Avg Loss: 1.0747714668512345 lr:0.0004
2026-05-14 10:16:06,762 - INFO - Epoch 8, New best accuracy: 0.6257, model saved
2026-05-14 10:16:06,763 - INFO - Epoch 8, Val Accuracy: 0.6257
2026-05-14 10:16:06,813 - INFO - Epoch 9, Step:0, Avg Loss: 0.9565719962120056 lr:0.0004
2026-05-14 10:16:11,615 - INFO - Epoch 9, Step:100, Avg Loss: 1.0219637113809585 lr:0.0004
2026-05-14 10:16:16,223 - INFO - Epoch 9, Val Accuracy: 0.6114
2026-05-14 10:16:16,271 - INFO - Epoch 10, Step:0, Avg Loss: 1.3265821933746338 lr:0.0004
2026-05-14 10:16:20,986 - INFO - Epoch 10, Step:100, Avg Loss: 0.9706707376241684 lr:0.0004
2026-05-14 10:16:25,622 - INFO - Epoch 10, New best accuracy: 0.6629, model saved
2026-05-14 10:16:25,622 - INFO - Epoch 10, Val Accuracy: 0.6629
2026-05-14 10:16:25,671 - INFO - Epoch 11, Step:0, Avg Loss: 1.2052503824234009 lr:0.0003
2026-05-14 10:16:30,418 - INFO - Epoch 11, Step:100, Avg Loss: 0.908720335662365 lr:0.0003
2026-05-14 10:16:35,042 - INFO - Epoch 11, Val Accuracy: 0.6607
2026-05-14 10:16:35,092 - INFO - Epoch 12, Step:0, Avg Loss: 0.711825430393219 lr:0.0003
2026-05-14 10:16:39,857 - INFO - Epoch 12, Step:100, Avg Loss: 0.8885707342624665 lr:0.0003
2026-05-14 10:16:44,507 - INFO - Epoch 12, New best accuracy: 0.6750, model saved
2026-05-14 10:16:44,508 - INFO - Epoch 12, Val Accuracy: 0.6750
2026-05-14 10:16:44,557 - INFO - Epoch 13, Step:0, Avg Loss: 0.8812193870544434 lr:0.0003
2026-05-14 10:16:51,350 - INFO - Epoch 13, Step:100, Avg Loss: 0.8091903910040855 lr:0.0003
2026-05-14 10:17:00,180 - INFO - Epoch 13, New best accuracy: 0.6957, model saved
2026-05-14 10:17:00,181 - INFO - Epoch 13, Val Accuracy: 0.6957
2026-05-14 10:17:00,268 - INFO - Epoch 14, Step:0, Avg Loss: 0.5936394929885864 lr:0.0003
2026-05-14 10:17:09,428 - INFO - Epoch 14, Step:100, Avg Loss: 0.7804158741235733 lr:0.0002
2026-05-14 10:17:18,293 - INFO - Epoch 14, Val Accuracy: 0.6679
2026-05-14 10:17:18,430 - INFO - Epoch 15, Step:0, Avg Loss: 0.5946941375732422 lr:0.0002
2026-05-14 10:17:27,601 - INFO - Epoch 15, Step:100, Avg Loss: 0.7498809227347374 lr:0.0002
2026-05-14 10:17:36,296 - INFO - Epoch 15, New best accuracy: 0.6986, model saved
2026-05-14 10:17:36,296 - INFO - Epoch 15, Val Accuracy: 0.6986
2026-05-14 10:17:36,383 - INFO - Epoch 16, Step:0, Avg Loss: 0.5534228086471558 lr:0.0002
2026-05-14 10:17:45,430 - INFO - Epoch 16, Step:100, Avg Loss: 0.7167194676399231 lr:0.0002
2026-05-14 10:17:54,085 - INFO - Epoch 16, New best accuracy: 0.7086, model saved
2026-05-14 10:17:54,086 - INFO - Epoch 16, Val Accuracy: 0.7086
2026-05-14 10:17:54,177 - INFO - Epoch 17, Step:0, Avg Loss: 0.6067752838134766 lr:0.0002
2026-05-14 10:18:03,319 - INFO - Epoch 17, Step:100, Avg Loss: 0.6629107844829559 lr:0.0002
2026-05-14 10:18:11,927 - INFO - Epoch 17, New best accuracy: 0.7100, model saved
2026-05-14 10:18:11,928 - INFO - Epoch 17, Val Accuracy: 0.7100
2026-05-14 10:18:12,016 - INFO - Epoch 18, Step:0, Avg Loss: 0.7408778667449951 lr:0.0002
2026-05-14 10:18:20,731 - INFO - Epoch 18, Step:100, Avg Loss: 0.6069312605261803 lr:0.0001
2026-05-14 10:18:29,107 - INFO - Epoch 18, New best accuracy: 0.7157, model saved
2026-05-14 10:18:29,107 - INFO - Epoch 18, Val Accuracy: 0.7157
2026-05-14 10:18:29,198 - INFO - Epoch 19, Step:0, Avg Loss: 0.6478878259658813 lr:0.0001
2026-05-14 10:18:38,032 - INFO - Epoch 19, Step:100, Avg Loss: 0.6016416671872139 lr:0.0001
2026-05-14 10:18:46,501 - INFO - Epoch 19, Val Accuracy: 0.7107
2026-05-14 10:18:46,596 - INFO - Epoch 20, Step:0, Avg Loss: 0.6144982576370239 lr:0.0001
2026-05-14 10:18:55,582 - INFO - Epoch 20, Step:100, Avg Loss: 0.5563279294967651 lr:0.0001
2026-05-14 10:19:04,124 - INFO - Epoch 20, Val Accuracy: 0.7143
2026-05-14 10:19:04,216 - INFO - Epoch 21, Step:0, Avg Loss: 0.5586836338043213 lr:0.0001
2026-05-14 10:19:13,235 - INFO - Epoch 21, Step:100, Avg Loss: 0.5465884418785572 lr:0.0001
2026-05-14 10:19:21,941 - INFO - Epoch 21, New best accuracy: 0.7307, model saved
2026-05-14 10:19:21,941 - INFO - Epoch 21, Val Accuracy: 0.7307
2026-05-14 10:19:22,035 - INFO - Epoch 22, Step:0, Avg Loss: 0.5431829690933228 lr:0.0001
2026-05-14 10:19:31,047 - INFO - Epoch 22, Step:100, Avg Loss: 0.52771110445261 lr:0.0001
2026-05-14 10:19:39,476 - INFO - Epoch 22, New best accuracy: 0.7379, model saved
2026-05-14 10:19:39,476 - INFO - Epoch 22, Val Accuracy: 0.7379
2026-05-14 10:19:39,568 - INFO - Epoch 23, Step:0, Avg Loss: 0.339944988489151 lr:0.0001
2026-05-14 10:19:48,416 - INFO - Epoch 23, Step:100, Avg Loss: 0.5061793628335 lr:0.0000
2026-05-14 10:19:56,701 - INFO - Epoch 23, Val Accuracy: 0.7279
2026-05-14 10:19:56,788 - INFO - Epoch 24, Step:0, Avg Loss: 0.6090623140335083 lr:0.0000
2026-05-14 10:20:05,821 - INFO - Epoch 24, Step:100, Avg Loss: 0.4721281157433987 lr:0.0000
2026-05-14 10:20:13,000 - INFO - Epoch 24, Val Accuracy: 0.7250
2026-05-14 10:20:13,087 - INFO - Epoch 25, Step:0, Avg Loss: 0.6030533909797668 lr:0.0000
2026-05-14 10:20:21,968 - INFO - Epoch 25, Step:100, Avg Loss: 0.46494353607296945 lr:0.0000
2026-05-14 10:20:30,377 - INFO - Epoch 25, Val Accuracy: 0.7379
2026-05-14 10:20:30,469 - INFO - Epoch 26, Step:0, Avg Loss: 0.3409295082092285 lr:0.0000
2026-05-14 10:20:39,399 - INFO - Epoch 26, Step:100, Avg Loss: 0.4470002317428589 lr:0.0000
2026-05-14 10:20:47,348 - INFO - Epoch 26, New best accuracy: 0.7429, model saved
2026-05-14 10:20:47,349 - INFO - Epoch 26, Val Accuracy: 0.7429
2026-05-14 10:20:47,441 - INFO - Epoch 27, Step:0, Avg Loss: 0.9424713253974915 lr:0.0000
2026-05-14 10:20:56,566 - INFO - Epoch 27, Step:100, Avg Loss: 0.45635956823825835 lr:0.0000
2026-05-14 10:21:05,016 - INFO - Epoch 27, Val Accuracy: 0.7414
2026-05-14 10:21:05,115 - INFO - Epoch 28, Step:0, Avg Loss: 0.4391411542892456 lr:0.0000
2026-05-14 10:21:14,136 - INFO - Epoch 28, Step:100, Avg Loss: 0.435973908752203 lr:0.0000
2026-05-14 10:21:22,608 - INFO - Epoch 28, Val Accuracy: 0.7407
2026-05-14 10:21:22,702 - INFO - Epoch 29, Step:0, Avg Loss: 0.4182361960411072 lr:0.0000
2026-05-14 10:21:31,620 - INFO - Epoch 29, Step:100, Avg Loss: 0.4530748842656612 lr:0.0000
2026-05-14 10:21:40,068 - INFO - Epoch 29, Val Accuracy: 0.7357
2026-05-14 10:21:40,163 - INFO - Epoch 30, Step:0, Avg Loss: 0.467430979013443 lr:0.0000
2026-05-14 10:21:49,113 - INFO - Epoch 30, Step:100, Avg Loss: 0.4418735493719578 lr:0.0000
2026-05-14 10:21:57,563 - INFO - Epoch 30, Val Accuracy: 0.7414
2026-05-14 10:21:57,658 - INFO - Epoch 31, Step:0, Avg Loss: 0.3781961500644684 lr:0.0000
2026-05-14 10:22:06,511 - INFO - Epoch 31, Step:100, Avg Loss: 0.44364912420511243 lr:0.0000
2026-05-14 10:22:14,880 - INFO - Epoch 31, Val Accuracy: 0.7421
2026-05-14 10:22:14,972 - INFO - Epoch 32, Step:0, Avg Loss: 0.31366321444511414 lr:0.0000
2026-05-14 10:22:23,858 - INFO - Epoch 32, Step:100, Avg Loss: 0.4508949375152588 lr:0.0000
2026-05-14 10:22:32,198 - INFO - Epoch 32, Val Accuracy: 0.7336
2026-05-14 10:22:32,291 - INFO - Epoch 33, Step:0, Avg Loss: 0.36063289642333984 lr:0.0000
2026-05-14 10:22:40,813 - INFO - Epoch 33, Step:100, Avg Loss: 0.4437177501618862 lr:0.0000
2026-05-14 10:22:45,734 - INFO - Epoch 33, Val Accuracy: 0.7343
2026-05-14 10:22:45,783 - INFO - Epoch 34, Step:0, Avg Loss: 0.3543190360069275 lr:0.0001
2026-05-14 10:22:53,024 - INFO - Epoch 34, Step:100, Avg Loss: 0.43538370296359064 lr:0.0001
2026-05-14 10:23:02,758 - INFO - Epoch 34, Val Accuracy: 0.7286
2026-05-14 10:23:02,859 - INFO - Epoch 35, Step:0, Avg Loss: 0.3789996802806854 lr:0.0001
2026-05-14 10:23:13,060 - INFO - Epoch 35, Step:100, Avg Loss: 0.47690645411610605 lr:0.0001
2026-05-14 10:23:22,726 - INFO - Epoch 35, Val Accuracy: 0.7221
2026-05-14 10:23:22,821 - INFO - Epoch 36, Step:0, Avg Loss: 0.45960888266563416 lr:0.0001
2026-05-14 10:23:32,945 - INFO - Epoch 36, Step:100, Avg Loss: 0.482540265917778 lr:0.0001
2026-05-14 10:23:42,909 - INFO - Epoch 36, Val Accuracy: 0.7243
2026-05-14 10:23:43,006 - INFO - Epoch 37, Step:0, Avg Loss: 0.4715440273284912 lr:0.0001
2026-05-14 10:23:53,344 - INFO - Epoch 37, Step:100, Avg Loss: 0.4715860053896904 lr:0.0001
2026-05-14 10:24:02,600 - INFO - Epoch 37, Val Accuracy: 0.7157
2026-05-14 10:24:02,694 - INFO - Epoch 38, Step:0, Avg Loss: 0.6002788543701172 lr:0.0001
2026-05-14 10:24:13,160 - INFO - Epoch 38, Step:100, Avg Loss: 0.4636601915955543 lr:0.0001
2026-05-14 10:24:21,505 - INFO - Epoch 38, Val Accuracy: 0.7336
2026-05-14 10:24:21,588 - INFO - Epoch 39, Step:0, Avg Loss: 0.3435770571231842 lr:0.0002
2026-05-14 10:24:30,877 - INFO - Epoch 39, Step:100, Avg Loss: 0.447792059481144 lr:0.0002
2026-05-14 10:24:40,016 - INFO - Epoch 39, Val Accuracy: 0.7243
2026-05-14 10:24:40,108 - INFO - Epoch 40, Step:0, Avg Loss: 0.40315955877304077 lr:0.0002
2026-05-14 10:24:49,151 - INFO - Epoch 40, Step:100, Avg Loss: 0.4657200902700424 lr:0.0002
2026-05-14 10:24:57,406 - INFO - Epoch 40, Val Accuracy: 0.7336
2026-05-14 10:24:57,508 - INFO - Epoch 41, Step:0, Avg Loss: 0.2902963161468506 lr:0.0002
2026-05-14 10:25:06,396 - INFO - Epoch 41, Step:100, Avg Loss: 0.4744620092213154 lr:0.0002
2026-05-14 10:25:14,921 - INFO - Epoch 41, Val Accuracy: 0.6921
2026-05-14 10:25:15,047 - INFO - Epoch 42, Step:0, Avg Loss: 0.3100280463695526 lr:0.0002
2026-05-14 10:25:23,950 - INFO - Epoch 42, Step:100, Avg Loss: 0.48382646307349203 lr:0.0002
2026-05-14 10:25:32,275 - INFO - Epoch 42, Val Accuracy: 0.7071
2026-05-14 10:25:32,369 - INFO - Epoch 43, Step:0, Avg Loss: 0.679336428642273 lr:0.0003
2026-05-14 10:25:41,327 - INFO - Epoch 43, Step:100, Avg Loss: 0.47002119027078154 lr:0.0003
2026-05-14 10:25:49,786 - INFO - Epoch 43, Val Accuracy: 0.6993
2026-05-14 10:25:49,884 - INFO - Epoch 44, Step:0, Avg Loss: 0.38463667035102844 lr:0.0003
2026-05-14 10:25:58,830 - INFO - Epoch 44, Step:100, Avg Loss: 0.488858197927475 lr:0.0003
2026-05-14 10:26:07,296 - INFO - Epoch 44, Val Accuracy: 0.7214
2026-05-14 10:26:07,382 - INFO - Epoch 45, Step:0, Avg Loss: 0.39278149604797363 lr:0.0003
2026-05-14 10:26:16,196 - INFO - Epoch 45, Step:100, Avg Loss: 0.45641726821660994 lr:0.0003
2026-05-14 10:26:24,593 - INFO - Epoch 45, Val Accuracy: 0.7279
2026-05-14 10:26:24,681 - INFO - Epoch 46, Step:0, Avg Loss: 0.12271792441606522 lr:0.0003
2026-05-14 10:26:33,368 - INFO - Epoch 46, Step:100, Avg Loss: 0.4650373836606741 lr:0.0004
2026-05-14 10:26:41,656 - INFO - Epoch 46, Val Accuracy: 0.7186
2026-05-14 10:26:41,749 - INFO - Epoch 47, Step:0, Avg Loss: 0.36612123250961304 lr:0.0004
2026-05-14 10:26:50,863 - INFO - Epoch 47, Step:100, Avg Loss: 0.42831044852733613 lr:0.0004
2026-05-14 10:26:59,538 - INFO - Epoch 47, Val Accuracy: 0.6814
2026-05-14 10:26:59,643 - INFO - Epoch 48, Step:0, Avg Loss: 0.3491646349430084 lr:0.0004
2026-05-14 10:27:08,295 - INFO - Epoch 48, Step:100, Avg Loss: 0.45196996480226515 lr:0.0004
2026-05-14 10:27:13,159 - INFO - Epoch 48, Val Accuracy: 0.7179
2026-05-14 10:27:13,208 - INFO - Epoch 49, Step:0, Avg Loss: 0.5163240432739258 lr:0.0004
2026-05-14 10:27:17,928 - INFO - Epoch 49, Step:100, Avg Loss: 0.4775013133883476 lr:0.0004
2026-05-14 10:27:22,538 - INFO - Epoch 49, Val Accuracy: 0.6771
2026-05-14 10:27:22,586 - INFO - Epoch 50, Step:0, Avg Loss: 0.6852827668190002 lr:0.0004
2026-05-14 10:27:27,299 - INFO - Epoch 50, Step:100, Avg Loss: 0.4269436207413673 lr:0.0004
2026-05-14 10:27:31,928 - INFO - Epoch 50, Val Accuracy: 0.7229
2026-05-14 10:27:31,977 - INFO - Epoch 51, Step:0, Avg Loss: 0.28068089485168457 lr:0.0004
2026-05-14 10:27:36,725 - INFO - Epoch 51, Step:100, Avg Loss: 0.3991867183148861 lr:0.0005
2026-05-14 10:27:41,386 - INFO - Epoch 51, Val Accuracy: 0.7000
2026-05-14 10:27:41,433 - INFO - Epoch 52, Step:0, Avg Loss: 0.4036417007446289 lr:0.0005
2026-05-14 10:27:46,282 - INFO - Epoch 52, Step:100, Avg Loss: 0.4147980714589357 lr:0.0005
2026-05-14 10:27:50,989 - INFO - Epoch 52, Val Accuracy: 0.7050
2026-05-14 10:27:51,038 - INFO - Epoch 53, Step:0, Avg Loss: 0.3647988736629486 lr:0.0005
2026-05-14 10:27:55,908 - INFO - Epoch 53, Step:100, Avg Loss: 0.4031337437033653 lr:0.0005
2026-05-14 10:28:00,641 - INFO - Epoch 53, Val Accuracy: 0.7114
2026-05-14 10:28:00,690 - INFO - Epoch 54, Step:0, Avg Loss: 0.3172842860221863 lr:0.0005
2026-05-14 10:28:05,550 - INFO - Epoch 54, Step:100, Avg Loss: 0.4206108084321022 lr:0.0005
2026-05-14 10:28:10,273 - INFO - Epoch 54, Val Accuracy: 0.7179
2026-05-14 10:28:10,322 - INFO - Epoch 55, Step:0, Avg Loss: 0.23036666214466095 lr:0.0005
2026-05-14 10:28:15,118 - INFO - Epoch 55, Step:100, Avg Loss: 0.3641184188425541 lr:0.0005
2026-05-14 10:28:19,811 - INFO - Epoch 55, Val Accuracy: 0.7129
2026-05-14 10:28:19,861 - INFO - Epoch 56, Step:0, Avg Loss: 0.5704900622367859 lr:0.0005
2026-05-14 10:28:24,661 - INFO - Epoch 56, Step:100, Avg Loss: 0.338117336705327 lr:0.0005
2026-05-14 10:28:29,317 - INFO - Epoch 56, Val Accuracy: 0.7200
2026-05-14 10:28:29,367 - INFO - Epoch 57, Step:0, Avg Loss: 0.26539140939712524 lr:0.0005
2026-05-14 10:28:34,176 - INFO - Epoch 57, Step:100, Avg Loss: 0.2957906817644835 lr:0.0005
2026-05-14 10:28:38,930 - INFO - Epoch 57, Val Accuracy: 0.7264
2026-05-14 10:28:38,981 - INFO - Epoch 58, Step:0, Avg Loss: 0.187946617603302 lr:0.0005
2026-05-14 10:28:44,020 - INFO - Epoch 58, Step:100, Avg Loss: 0.289712615609169 lr:0.0005
2026-05-14 10:28:48,863 - INFO - Epoch 58, Val Accuracy: 0.7321
2026-05-14 10:28:48,912 - INFO - Epoch 59, Step:0, Avg Loss: 0.3410801291465759 lr:0.0005
2026-05-14 10:28:53,882 - INFO - Epoch 59, Step:100, Avg Loss: 0.28975718416273594 lr:0.0005
2026-05-14 10:28:58,720 - INFO - Epoch 59, Val Accuracy: 0.7071
2026-05-14 10:28:58,780 - INFO - Epoch 60, Step:0, Avg Loss: 0.34242740273475647 lr:0.0005
2026-05-14 10:29:03,753 - INFO - Epoch 60, Step:100, Avg Loss: 0.2719725460931659 lr:0.0005
2026-05-14 10:29:08,588 - INFO - Epoch 60, Val Accuracy: 0.7279
2026-05-14 10:29:08,638 - INFO - Epoch 61, Step:0, Avg Loss: 0.3524129092693329 lr:0.0005
2026-05-14 10:29:13,608 - INFO - Epoch 61, Step:100, Avg Loss: 0.23687047619372606 lr:0.0005
2026-05-14 10:29:18,421 - INFO - Epoch 61, Val Accuracy: 0.7250
2026-05-14 10:29:18,472 - INFO - Epoch 62, Step:0, Avg Loss: 0.3304577171802521 lr:0.0005
2026-05-14 10:29:23,623 - INFO - Epoch 62, Step:100, Avg Loss: 0.19426645290106534 lr:0.0005
2026-05-14 10:29:31,145 - INFO - Epoch 62, Val Accuracy: 0.7257
2026-05-14 10:29:31,236 - INFO - Epoch 63, Step:0, Avg Loss: 0.14689593017101288 lr:0.0005
2026-05-14 10:29:39,463 - INFO - Epoch 63, Step:100, Avg Loss: 0.17752049893140792 lr:0.0004
2026-05-14 10:29:51,339 - INFO - Epoch 63, Val Accuracy: 0.7407
2026-05-14 10:29:51,469 - INFO - Epoch 64, Step:0, Avg Loss: 0.17213380336761475 lr:0.0004
2026-05-14 10:30:02,331 - INFO - Epoch 64, Step:100, Avg Loss: 0.16263115335255862 lr:0.0004
2026-05-14 10:30:11,264 - INFO - Epoch 64, Val Accuracy: 0.7343
2026-05-14 10:30:11,352 - INFO - Epoch 65, Step:0, Avg Loss: 0.22067895531654358 lr:0.0004
2026-05-14 10:30:21,016 - INFO - Epoch 65, Step:100, Avg Loss: 0.20454850209876896 lr:0.0004
2026-05-14 10:30:30,203 - INFO - Epoch 65, Val Accuracy: 0.7343
2026-05-14 10:30:30,298 - INFO - Epoch 66, Step:0, Avg Loss: 0.19265280663967133 lr:0.0004
2026-05-14 10:30:41,360 - INFO - Epoch 66, Step:100, Avg Loss: 0.12780628021806478 lr:0.0004
2026-05-14 10:30:51,757 - INFO - Epoch 66, Val Accuracy: 0.7193
2026-05-14 10:30:51,913 - INFO - Epoch 67, Step:0, Avg Loss: 0.12058709561824799 lr:0.0004
2026-05-14 10:31:03,175 - INFO - Epoch 67, Step:100, Avg Loss: 0.10356050671078265 lr:0.0004
2026-05-14 10:31:12,706 - INFO - Epoch 67, Val Accuracy: 0.6950
2026-05-14 10:31:12,834 - INFO - Epoch 68, Step:0, Avg Loss: 0.2569553852081299 lr:0.0003
2026-05-14 10:31:22,920 - INFO - Epoch 68, Step:100, Avg Loss: 0.11198021654970944 lr:0.0003
2026-05-14 10:31:33,543 - INFO - Epoch 68, Val Accuracy: 0.7257
2026-05-14 10:31:33,637 - INFO - Epoch 69, Step:0, Avg Loss: 0.04264029115438461 lr:0.0003
2026-05-14 10:31:43,761 - INFO - Epoch 69, Step:100, Avg Loss: 0.08438988737529143 lr:0.0003
2026-05-14 10:31:53,173 - INFO - Epoch 69, Val Accuracy: 0.7400
2026-05-14 10:31:53,271 - INFO - Epoch 70, Step:0, Avg Loss: 0.03178189694881439 lr:0.0003
2026-05-14 10:32:02,973 - INFO - Epoch 70, Step:100, Avg Loss: 0.08518916708417237 lr:0.0003
2026-05-14 10:32:12,481 - INFO - Epoch 70, New best accuracy: 0.7479, model saved
2026-05-14 10:32:12,481 - INFO - Epoch 70, Val Accuracy: 0.7479
2026-05-14 10:32:12,589 - INFO - Epoch 71, Step:0, Avg Loss: 0.05548827722668648 lr:0.0003
2026-05-14 10:32:22,360 - INFO - Epoch 71, Step:100, Avg Loss: 0.06166822550818324 lr:0.0003
2026-05-14 10:32:31,972 - INFO - Epoch 71, New best accuracy: 0.7543, model saved
2026-05-14 10:32:31,972 - INFO - Epoch 71, Val Accuracy: 0.7543
2026-05-14 10:32:32,070 - INFO - Epoch 72, Step:0, Avg Loss: 0.0516950823366642 lr:0.0002
2026-05-14 10:32:41,781 - INFO - Epoch 72, Step:100, Avg Loss: 0.06367232324788347 lr:0.0002
2026-05-14 10:32:50,618 - INFO - Epoch 72, Val Accuracy: 0.7500
2026-05-14 10:32:50,707 - INFO - Epoch 73, Step:0, Avg Loss: 0.04847843945026398 lr:0.0002
2026-05-14 10:32:59,652 - INFO - Epoch 73, Step:100, Avg Loss: 0.03743949287338182 lr:0.0002
2026-05-14 10:33:08,259 - INFO - Epoch 73, New best accuracy: 0.7593, model saved
2026-05-14 10:33:08,259 - INFO - Epoch 73, Val Accuracy: 0.7593
2026-05-14 10:33:08,353 - INFO - Epoch 74, Step:0, Avg Loss: 0.04988269880414009 lr:0.0002
2026-05-14 10:33:17,234 - INFO - Epoch 74, Step:100, Avg Loss: 0.026708102553966453 lr:0.0002
2026-05-14 10:33:25,711 - INFO - Epoch 74, Val Accuracy: 0.7479
2026-05-14 10:33:25,798 - INFO - Epoch 75, Step:0, Avg Loss: 0.08780580759048462 lr:0.0002
2026-05-14 10:33:34,853 - INFO - Epoch 75, Step:100, Avg Loss: 0.0365807903255336 lr:0.0001
2026-05-14 10:33:43,349 - INFO - Epoch 75, New best accuracy: 0.7693, model saved
2026-05-14 10:33:43,350 - INFO - Epoch 75, Val Accuracy: 0.7693
2026-05-14 10:33:43,436 - INFO - Epoch 76, Step:0, Avg Loss: 0.0031375903636217117 lr:0.0001
2026-05-14 10:33:52,247 - INFO - Epoch 76, Step:100, Avg Loss: 0.013701641090447083 lr:0.0001
2026-05-14 10:34:00,466 - INFO - Epoch 76, Val Accuracy: 0.7586
2026-05-14 10:34:00,553 - INFO - Epoch 77, Step:0, Avg Loss: 0.0028648136649280787 lr:0.0001
2026-05-14 10:34:09,264 - INFO - Epoch 77, Step:100, Avg Loss: 0.018228319961199304 lr:0.0001
2026-05-14 10:34:17,541 - INFO - Epoch 77, Val Accuracy: 0.7464
2026-05-14 10:34:17,638 - INFO - Epoch 78, Step:0, Avg Loss: 0.00030234450241550803 lr:0.0001
2026-05-14 10:34:26,285 - INFO - Epoch 78, Step:100, Avg Loss: 0.012748392957655596 lr:0.0001
2026-05-14 10:34:34,505 - INFO - Epoch 78, Val Accuracy: 0.7536
2026-05-14 10:34:34,591 - INFO - Epoch 79, Step:0, Avg Loss: 0.0058785900473594666 lr:0.0001
2026-05-14 10:34:43,300 - INFO - Epoch 79, Step:100, Avg Loss: 0.007731863544613589 lr:0.0001
2026-05-14 10:34:51,727 - INFO - Epoch 79, Val Accuracy: 0.7614
2026-05-14 10:34:51,820 - INFO - Epoch 80, Step:0, Avg Loss: 0.0029837877955287695 lr:0.0001
2026-05-14 10:35:00,449 - INFO - Epoch 80, Step:100, Avg Loss: 0.007300652446574531 lr:0.0000
2026-05-14 10:35:08,816 - INFO - Epoch 80, Val Accuracy: 0.7607
2026-05-14 10:35:08,908 - INFO - Epoch 81, Step:0, Avg Loss: 0.0026625359896570444 lr:0.0000
2026-05-14 10:35:17,836 - INFO - Epoch 81, Step:100, Avg Loss: 0.006063175850322296 lr:0.0000
2026-05-14 10:35:26,023 - INFO - Epoch 81, Val Accuracy: 0.7529
2026-05-14 10:35:26,109 - INFO - Epoch 82, Step:0, Avg Loss: 0.00479182368144393 lr:0.0000
2026-05-14 10:35:33,515 - INFO - Epoch 82, Step:100, Avg Loss: 0.007174038786324673 lr:0.0000
2026-05-14 10:35:41,664 - INFO - Epoch 82, Val Accuracy: 0.7629
2026-05-14 10:35:41,752 - INFO - Epoch 83, Step:0, Avg Loss: 0.004737664479762316 lr:0.0000
2026-05-14 10:35:50,601 - INFO - Epoch 83, Step:100, Avg Loss: 0.004284092689340468 lr:0.0000
2026-05-14 10:35:59,034 - INFO - Epoch 83, Val Accuracy: 0.7636
2026-05-14 10:35:59,118 - INFO - Epoch 84, Step:0, Avg Loss: 0.006248080171644688 lr:0.0000
2026-05-14 10:36:08,667 - INFO - Epoch 84, Step:100, Avg Loss: 0.0044574458541319474 lr:0.0000
2026-05-14 10:36:19,106 - INFO - Epoch 84, Val Accuracy: 0.7614
2026-05-14 10:36:19,260 - INFO - Epoch 85, Step:0, Avg Loss: 0.00316060334444046 lr:0.0000
2026-05-14 10:36:29,586 - INFO - Epoch 85, Step:100, Avg Loss: 0.004737412553040486 lr:0.0000
2026-05-14 10:36:39,670 - INFO - Epoch 85, Val Accuracy: 0.7629
2026-05-14 10:36:39,766 - INFO - Epoch 86, Step:0, Avg Loss: 0.0002521388523746282 lr:0.0000
2026-05-14 10:36:48,358 - INFO - Epoch 86, Step:100, Avg Loss: 0.003696323772819596 lr:0.0000
2026-05-14 10:36:57,086 - INFO - Epoch 86, Val Accuracy: 0.7586
2026-05-14 10:36:57,179 - INFO - Epoch 87, Step:0, Avg Loss: 0.0030855389777570963 lr:0.0000
2026-05-14 10:37:07,608 - INFO - Epoch 87, Step:100, Avg Loss: 0.00431062910502078 lr:0.0000
2026-05-14 10:37:17,148 - INFO - Epoch 87, Val Accuracy: 0.7571
2026-05-14 10:37:17,245 - INFO - Epoch 88, Step:0, Avg Loss: 0.0008085478912107646 lr:0.0000
2026-05-14 10:37:26,923 - INFO - Epoch 88, Step:100, Avg Loss: 0.006194489080517087 lr:0.0000
2026-05-14 10:37:36,131 - INFO - Epoch 88, Val Accuracy: 0.7636
2026-05-14 10:37:36,230 - INFO - Epoch 89, Step:0, Avg Loss: 0.006423670332878828 lr:0.0000
2026-05-14 10:37:46,055 - INFO - Epoch 89, Step:100, Avg Loss: 0.004949956947602914 lr:0.0000
2026-05-14 10:37:55,710 - INFO - Epoch 89, Val Accuracy: 0.7636
2026-05-14 10:37:55,827 - INFO - Epoch 90, Step:0, Avg Loss: 0.00026960065588355064 lr:0.0000
2026-05-14 10:38:06,265 - INFO - Epoch 90, Step:100, Avg Loss: 0.008537830198765733 lr:0.0000
2026-05-14 10:38:15,822 - INFO - Epoch 90, Val Accuracy: 0.7550
2026-05-14 10:38:15,916 - INFO - Epoch 91, Step:0, Avg Loss: 0.0031711040064692497 lr:0.0001
2026-05-14 10:38:25,517 - INFO - Epoch 91, Step:100, Avg Loss: 0.007857762566673046 lr:0.0001
2026-05-14 10:38:30,196 - INFO - Epoch 91, Val Accuracy: 0.7507
2026-05-14 10:38:30,245 - INFO - Epoch 92, Step:0, Avg Loss: 0.013953903689980507 lr:0.0001
2026-05-14 10:38:34,888 - INFO - Epoch 92, Step:100, Avg Loss: 0.008406103950546822 lr:0.0001
2026-05-14 10:38:39,475 - INFO - Epoch 92, Val Accuracy: 0.7393
2026-05-14 10:38:39,524 - INFO - Epoch 93, Step:0, Avg Loss: 0.010642345994710922 lr:0.0001
2026-05-14 10:38:44,179 - INFO - Epoch 93, Step:100, Avg Loss: 0.03163427723018685 lr:0.0001
2026-05-14 10:38:48,738 - INFO - Epoch 93, Val Accuracy: 0.7429
2026-05-14 10:38:48,786 - INFO - Epoch 94, Step:0, Avg Loss: 0.007676728069782257 lr:0.0001
2026-05-14 10:38:53,432 - INFO - Epoch 94, Step:100, Avg Loss: 0.04431113457249012 lr:0.0001
2026-05-14 10:38:57,991 - INFO - Epoch 94, Val Accuracy: 0.7436
2026-05-14 10:38:58,039 - INFO - Epoch 95, Step:0, Avg Loss: 0.030118104070425034 lr:0.0001
2026-05-14 10:39:02,705 - INFO - Epoch 95, Step:100, Avg Loss: 0.03820901241968386 lr:0.0001
2026-05-14 10:39:07,239 - INFO - Epoch 95, Val Accuracy: 0.7429
2026-05-14 10:39:07,289 - INFO - Epoch 96, Step:0, Avg Loss: 0.05355892702937126 lr:0.0002
2026-05-14 10:39:11,944 - INFO - Epoch 96, Step:100, Avg Loss: 0.04865603622049093 lr:0.0002
2026-05-14 10:39:16,491 - INFO - Epoch 96, Val Accuracy: 0.7536
2026-05-14 10:39:16,539 - INFO - Epoch 97, Step:0, Avg Loss: 0.005191212520003319 lr:0.0002
2026-05-14 10:39:21,199 - INFO - Epoch 97, Step:100, Avg Loss: 0.08262924093054608 lr:0.0002
2026-05-14 10:39:25,767 - INFO - Epoch 97, Val Accuracy: 0.7429
2026-05-14 10:39:25,815 - INFO - Epoch 98, Step:0, Avg Loss: 0.0037292446941137314 lr:0.0002
2026-05-14 10:39:30,500 - INFO - Epoch 98, Step:100, Avg Loss: 0.060248016520636154 lr:0.0002
2026-05-14 10:39:35,047 - INFO - Epoch 98, Val Accuracy: 0.7357
2026-05-14 10:39:35,096 - INFO - Epoch 99, Step:0, Avg Loss: 0.01526286918669939 lr:0.0002
2026-05-14 10:39:39,775 - INFO - Epoch 99, Step:100, Avg Loss: 0.06747890837548766 lr:0.0002
2026-05-14 10:39:44,425 - INFO - Epoch 99, Val Accuracy: 0.7500
2026-05-14 10:39:44,472 - INFO - Epoch 100, Step:0, Avg Loss: 0.03590214252471924 lr:0.0003
2026-05-14 10:39:49,281 - INFO - Epoch 100, Step:100, Avg Loss: 0.059163619849132376 lr:0.0003
2026-05-14 10:39:53,979 - INFO - Epoch 100, Val Accuracy: 0.7193
2026-05-14 10:39:54,028 - INFO - Epoch 101, Step:0, Avg Loss: 0.13000516593456268 lr:0.0003
2026-05-14 10:39:58,862 - INFO - Epoch 101, Step:100, Avg Loss: 0.16535816895775496 lr:0.0003
2026-05-14 10:40:03,514 - INFO - Epoch 101, Val Accuracy: 0.7464
2026-05-14 10:40:03,564 - INFO - Epoch 102, Step:0, Avg Loss: 0.02811516262590885 lr:0.0003
2026-05-14 10:40:08,351 - INFO - Epoch 102, Step:100, Avg Loss: 0.10584751594113186 lr:0.0003
2026-05-14 10:40:12,984 - INFO - Epoch 102, Val Accuracy: 0.7450
2026-05-14 10:40:13,033 - INFO - Epoch 103, Step:0, Avg Loss: 0.06537003815174103 lr:0.0003
2026-05-14 10:40:17,755 - INFO - Epoch 103, Step:100, Avg Loss: 0.10638825831701978 lr:0.0003
2026-05-14 10:40:22,325 - INFO - Epoch 103, Val Accuracy: 0.7236
2026-05-14 10:40:22,373 - INFO - Epoch 104, Step:0, Avg Loss: 0.36015772819519043 lr:0.0004
2026-05-14 10:40:27,084 - INFO - Epoch 104, Step:100, Avg Loss: 0.08984431731048971 lr:0.0004
2026-05-14 10:40:31,710 - INFO - Epoch 104, Val Accuracy: 0.7443
2026-05-14 10:40:31,760 - INFO - Epoch 105, Step:0, Avg Loss: 0.021555356681346893 lr:0.0004
2026-05-14 10:40:36,439 - INFO - Epoch 105, Step:100, Avg Loss: 0.10887517029419541 lr:0.0004
2026-05-14 10:40:41,064 - INFO - Epoch 105, Val Accuracy: 0.7364
2026-05-14 10:40:41,111 - INFO - Epoch 106, Step:0, Avg Loss: 0.045162368565797806 lr:0.0004
2026-05-14 10:40:45,888 - INFO - Epoch 106, Step:100, Avg Loss: 0.1035862842015922 lr:0.0004
2026-05-14 10:40:50,543 - INFO - Epoch 106, Val Accuracy: 0.7400
2026-05-14 10:40:50,591 - INFO - Epoch 107, Step:0, Avg Loss: 0.0674116238951683 lr:0.0004
2026-05-14 10:40:55,393 - INFO - Epoch 107, Step:100, Avg Loss: 0.09703212855383754 lr:0.0004
2026-05-14 10:41:00,062 - INFO - Epoch 107, Val Accuracy: 0.7321
2026-05-14 10:41:00,112 - INFO - Epoch 108, Step:0, Avg Loss: 0.15461167693138123 lr:0.0004
2026-05-14 10:41:04,968 - INFO - Epoch 108, Step:100, Avg Loss: 0.08782736000372098 lr:0.0005
2026-05-14 10:41:09,657 - INFO - Epoch 108, Val Accuracy: 0.7543
2026-05-14 10:41:09,708 - INFO - Epoch 109, Step:0, Avg Loss: 0.033415887504816055 lr:0.0005
2026-05-14 10:41:14,479 - INFO - Epoch 109, Step:100, Avg Loss: 0.08716074269264937 lr:0.0005
2026-05-14 10:41:19,466 - INFO - Epoch 109, Val Accuracy: 0.6807
2026-05-14 10:41:19,581 - INFO - Epoch 110, Step:0, Avg Loss: 0.1375187337398529 lr:0.0005
2026-05-14 10:41:29,503 - INFO - Epoch 110, Step:100, Avg Loss: 0.15625873135402799 lr:0.0005
2026-05-14 10:41:38,667 - INFO - Epoch 110, Val Accuracy: 0.7236
2026-05-14 10:41:38,764 - INFO - Epoch 111, Step:0, Avg Loss: 0.23120921850204468 lr:0.0005
2026-05-14 10:41:49,079 - INFO - Epoch 111, Step:100, Avg Loss: 0.10510088788345456 lr:0.0005
2026-05-14 10:41:58,593 - INFO - Epoch 111, Val Accuracy: 0.7350
2026-05-14 10:41:58,683 - INFO - Epoch 112, Step:0, Avg Loss: 0.02111099287867546 lr:0.0005
2026-05-14 10:42:07,161 - INFO - Epoch 112, Step:100, Avg Loss: 0.08219063677825034 lr:0.0005
2026-05-14 10:42:15,666 - INFO - Epoch 112, Val Accuracy: 0.7314
2026-05-14 10:42:15,752 - INFO - Epoch 113, Step:0, Avg Loss: 0.16420046985149384 lr:0.0005
2026-05-14 10:42:24,380 - INFO - Epoch 113, Step:100, Avg Loss: 0.08271886826492846 lr:0.0005
2026-05-14 10:42:33,013 - INFO - Epoch 113, Val Accuracy: 0.7143
2026-05-14 10:42:33,112 - INFO - Epoch 114, Step:0, Avg Loss: 0.13264642655849457 lr:0.0005
2026-05-14 10:42:42,149 - INFO - Epoch 114, Step:100, Avg Loss: 0.10205384641420095 lr:0.0005
2026-05-14 10:42:51,997 - INFO - Epoch 114, Val Accuracy: 0.7400
2026-05-14 10:42:52,127 - INFO - Epoch 115, Step:0, Avg Loss: 0.0783771201968193 lr:0.0005
2026-05-14 10:43:01,625 - INFO - Epoch 115, Step:100, Avg Loss: 0.062410297833848744 lr:0.0005
2026-05-14 10:43:11,186 - INFO - Epoch 115, Val Accuracy: 0.7257
2026-05-14 10:43:11,278 - INFO - Epoch 116, Step:0, Avg Loss: 0.1475422978401184 lr:0.0005
2026-05-14 10:43:21,469 - INFO - Epoch 116, Step:100, Avg Loss: 0.07326803683768958 lr:0.0005
2026-05-14 10:43:30,940 - INFO - Epoch 116, Val Accuracy: 0.7407
2026-05-14 10:43:31,033 - INFO - Epoch 117, Step:0, Avg Loss: 0.11569706350564957 lr:0.0005
2026-05-14 10:43:40,712 - INFO - Epoch 117, Step:100, Avg Loss: 0.07908248906955123 lr:0.0005
2026-05-14 10:43:50,661 - INFO - Epoch 117, Val Accuracy: 0.7164
2026-05-14 10:43:50,753 - INFO - Epoch 118, Step:0, Avg Loss: 0.07614881545305252 lr:0.0005
2026-05-14 10:44:00,601 - INFO - Epoch 118, Step:100, Avg Loss: 0.0895317913463805 lr:0.0005
2026-05-14 10:44:09,577 - INFO - Epoch 118, Val Accuracy: 0.7136
2026-05-14 10:44:09,677 - INFO - Epoch 119, Step:0, Avg Loss: 0.059545159339904785 lr:0.0005
2026-05-14 10:44:19,893 - INFO - Epoch 119, Step:100, Avg Loss: 0.1457273241132498 lr:0.0005
2026-05-14 10:44:29,300 - INFO - Epoch 119, Val Accuracy: 0.7429
2026-05-14 10:44:29,408 - INFO - Epoch 120, Step:0, Avg Loss: 0.10140691697597504 lr:0.0005
2026-05-14 10:44:39,204 - INFO - Epoch 120, Step:100, Avg Loss: 0.055179891944862905 lr:0.0004
2026-05-14 10:44:48,080 - INFO - Epoch 120, Val Accuracy: 0.7286
2026-05-14 10:44:48,173 - INFO - Epoch 121, Step:0, Avg Loss: 0.025493787601590157 lr:0.0004
2026-05-14 10:44:56,203 - INFO - Epoch 121, Step:100, Avg Loss: 0.049403478484600784 lr:0.0004
2026-05-14 10:45:05,282 - INFO - Epoch 121, Val Accuracy: 0.7429
2026-05-14 10:45:05,375 - INFO - Epoch 122, Step:0, Avg Loss: 0.008968915790319443 lr:0.0004
2026-05-14 10:45:14,916 - INFO - Epoch 122, Step:100, Avg Loss: 0.028921337741194292 lr:0.0004
2026-05-14 10:45:23,742 - INFO - Epoch 122, Val Accuracy: 0.7371
2026-05-14 10:45:23,890 - INFO - Epoch 123, Step:0, Avg Loss: 0.02472003921866417 lr:0.0004
2026-05-14 10:45:33,635 - INFO - Epoch 123, Step:100, Avg Loss: 0.06107253534370102 lr:0.0004
2026-05-14 10:45:42,914 - INFO - Epoch 123, Val Accuracy: 0.7329
2026-05-14 10:45:43,010 - INFO - Epoch 124, Step:0, Avg Loss: 0.034471068531274796 lr:0.0004
2026-05-14 10:45:52,519 - INFO - Epoch 124, Step:100, Avg Loss: 0.05509877625969239 lr:0.0004
2026-05-14 10:46:01,764 - INFO - Epoch 124, Val Accuracy: 0.7536
2026-05-14 10:46:01,855 - INFO - Epoch 125, Step:0, Avg Loss: 0.003439098596572876 lr:0.0003
2026-05-14 10:46:11,744 - INFO - Epoch 125, Step:100, Avg Loss: 0.02860536553780548 lr:0.0003
2026-05-14 10:46:21,631 - INFO - Epoch 125, Val Accuracy: 0.7457
2026-05-14 10:46:21,726 - INFO - Epoch 126, Step:0, Avg Loss: 0.00587525125592947 lr:0.0003
2026-05-14 10:46:32,679 - INFO - Epoch 126, Step:100, Avg Loss: 0.0680057078646496 lr:0.0003
2026-05-14 10:46:42,560 - INFO - Epoch 126, Val Accuracy: 0.7571
2026-05-14 10:46:42,663 - INFO - Epoch 127, Step:0, Avg Loss: 0.005743524990975857 lr:0.0003
2026-05-14 10:46:52,824 - INFO - Epoch 127, Step:100, Avg Loss: 0.020079731877776796 lr:0.0003
2026-05-14 10:47:02,233 - INFO - Epoch 127, Val Accuracy: 0.7521
2026-05-14 10:47:02,350 - INFO - Epoch 128, Step:0, Avg Loss: 0.032664842903614044 lr:0.0003
2026-05-14 10:47:12,337 - INFO - Epoch 128, Step:100, Avg Loss: 0.01715100602421444 lr:0.0003
2026-05-14 10:47:21,949 - INFO - Epoch 128, Val Accuracy: 0.7586
2026-05-14 10:47:22,072 - INFO - Epoch 129, Step:0, Avg Loss: 0.002054007491096854 lr:0.0002
2026-05-14 10:47:31,683 - INFO - Epoch 129, Step:100, Avg Loss: 0.006857958370965207 lr:0.0002
2026-05-14 10:47:41,338 - INFO - Epoch 129, Val Accuracy: 0.7371
2026-05-14 10:47:41,444 - INFO - Epoch 130, Step:0, Avg Loss: 0.000941980630159378 lr:0.0002
2026-05-14 10:47:51,294 - INFO - Epoch 130, Step:100, Avg Loss: 0.014817070459466777 lr:0.0002
2026-05-14 10:48:01,021 - INFO - Epoch 130, Val Accuracy: 0.7400
2026-05-14 10:48:01,123 - INFO - Epoch 131, Step:0, Avg Loss: 0.0017490508034825325 lr:0.0002
2026-05-14 10:48:11,283 - INFO - Epoch 131, Step:100, Avg Loss: 0.013218554695486091 lr:0.0002
2026-05-14 10:48:20,789 - INFO - Epoch 131, Val Accuracy: 0.7664
2026-05-14 10:48:20,886 - INFO - Epoch 132, Step:0, Avg Loss: 0.0009077414870262146 lr:0.0002
2026-05-14 10:48:30,258 - INFO - Epoch 132, Step:100, Avg Loss: 0.0026300786605133906 lr:0.0002
2026-05-14 10:48:39,641 - INFO - Epoch 132, Val Accuracy: 0.7586
2026-05-14 10:48:39,791 - INFO - Epoch 133, Step:0, Avg Loss: 0.004044246859848499 lr:0.0001
2026-05-14 10:48:49,664 - INFO - Epoch 133, Step:100, Avg Loss: 0.003973031422283384 lr:0.0001
2026-05-14 10:48:58,895 - INFO - Epoch 133, Val Accuracy: 0.7657
2026-05-14 10:48:58,987 - INFO - Epoch 134, Step:0, Avg Loss: 0.005628637038171291 lr:0.0001
2026-05-14 10:49:08,457 - INFO - Epoch 134, Step:100, Avg Loss: 0.0016557082985673333 lr:0.0001
2026-05-14 10:49:17,917 - INFO - Epoch 134, Val Accuracy: 0.7614
2026-05-14 10:49:18,021 - INFO - Epoch 135, Step:0, Avg Loss: 9.055958071257919e-05 lr:0.0001
2026-05-14 10:49:27,828 - INFO - Epoch 135, Step:100, Avg Loss: 0.0006787572473785985 lr:0.0001
2026-05-14 10:49:36,720 - INFO - Epoch 135, Val Accuracy: 0.7607
2026-05-14 10:49:36,811 - INFO - Epoch 136, Step:0, Avg Loss: 4.474854358704761e-05 lr:0.0001
2026-05-14 10:49:46,126 - INFO - Epoch 136, Step:100, Avg Loss: 0.0006922366082108055 lr:0.0001
2026-05-14 10:49:55,944 - INFO - Epoch 136, Val Accuracy: 0.7600
2026-05-14 10:49:56,056 - INFO - Epoch 137, Step:0, Avg Loss: 0.006118270102888346 lr:0.0001
2026-05-14 10:50:06,205 - INFO - Epoch 137, Step:100, Avg Loss: 0.0008571244381914766 lr:0.0001
2026-05-14 10:50:14,955 - INFO - Epoch 137, Val Accuracy: 0.7614
2026-05-14 10:50:15,042 - INFO - Epoch 138, Step:0, Avg Loss: 0.00017765052325557917 lr:0.0000
2026-05-14 10:50:23,610 - INFO - Epoch 138, Step:100, Avg Loss: 0.0008106015124440091 lr:0.0000
2026-05-14 10:50:31,789 - INFO - Epoch 138, Val Accuracy: 0.7607
2026-05-14 10:50:31,873 - INFO - Epoch 139, Step:0, Avg Loss: 5.741183849750087e-05 lr:0.0000
2026-05-14 10:50:39,119 - INFO - Epoch 139, Step:100, Avg Loss: 0.0011039049177020389 lr:0.0000
2026-05-14 10:50:47,785 - INFO - Epoch 139, Val Accuracy: 0.7664
2026-05-14 10:50:47,880 - INFO - Epoch 140, Step:0, Avg Loss: 4.317476850701496e-05 lr:0.0000
2026-05-14 10:50:57,721 - INFO - Epoch 140, Step:100, Avg Loss: 0.0006974134701704316 lr:0.0000
2026-05-14 10:51:07,231 - INFO - Epoch 140, Val Accuracy: 0.7686
2026-05-14 10:51:07,355 - INFO - Epoch 141, Step:0, Avg Loss: 8.713807619642466e-05 lr:0.0000
2026-05-14 10:51:16,959 - INFO - Epoch 141, Step:100, Avg Loss: 0.0011695173587531827 lr:0.0000
2026-05-14 10:51:26,388 - INFO - Epoch 141, Val Accuracy: 0.7621
2026-05-14 10:51:26,488 - INFO - Epoch 142, Step:0, Avg Loss: 0.00015864070155657828 lr:0.0000
2026-05-14 10:51:36,432 - INFO - Epoch 142, Step:100, Avg Loss: 0.0005620503488262329 lr:0.0000
2026-05-14 10:51:45,607 - INFO - Epoch 142, Val Accuracy: 0.7607
2026-05-14 10:51:45,701 - INFO - Epoch 143, Step:0, Avg Loss: 0.00021228313562460244 lr:0.0000
2026-05-14 10:51:55,323 - INFO - Epoch 143, Step:100, Avg Loss: 0.00040585994694993134 lr:0.0000
2026-05-14 10:52:05,078 - INFO - Epoch 143, Val Accuracy: 0.7636
2026-05-14 10:52:05,169 - INFO - Epoch 144, Step:0, Avg Loss: 1.8796490621753037e-05 lr:0.0000
2026-05-14 10:52:15,434 - INFO - Epoch 144, Step:100, Avg Loss: 0.0004414506466673629 lr:0.0000
2026-05-14 10:52:24,374 - INFO - Epoch 144, Val Accuracy: 0.7643
2026-05-14 10:52:24,478 - INFO - Epoch 145, Step:0, Avg Loss: 0.00012077178689651191 lr:0.0000
2026-05-14 10:52:34,445 - INFO - Epoch 145, Step:100, Avg Loss: 0.0023044518140318358 lr:0.0000
2026-05-14 10:52:43,529 - INFO - Epoch 145, Val Accuracy: 0.7614
2026-05-14 10:52:43,622 - INFO - Epoch 146, Step:0, Avg Loss: 4.127412830712274e-05 lr:0.0000
2026-05-14 10:52:53,084 - INFO - Epoch 146, Step:100, Avg Loss: 0.0012344085963559336 lr:0.0000
2026-05-14 10:53:02,086 - INFO - Epoch 146, Val Accuracy: 0.7657
2026-05-14 10:53:02,188 - INFO - Epoch 147, Step:0, Avg Loss: 6.201392534421757e-05 lr:0.0000
2026-05-14 10:53:11,668 - INFO - Epoch 147, Step:100, Avg Loss: 0.0005453540987718952 lr:0.0000
2026-05-14 10:53:20,328 - INFO - Epoch 147, Val Accuracy: 0.7586
2026-05-14 10:53:20,421 - INFO - Epoch 148, Step:0, Avg Loss: 1.9992163288407028e-05 lr:0.0000
2026-05-14 10:53:29,964 - INFO - Epoch 148, Step:100, Avg Loss: 0.004365472999043049 lr:0.0001
2026-05-14 10:53:38,989 - INFO - Epoch 148, Val Accuracy: 0.7636
2026-05-14 10:53:39,133 - INFO - Epoch 149, Step:0, Avg Loss: 0.0002565336471889168 lr:0.0001
2026-05-14 10:53:48,583 - INFO - Epoch 149, Step:100, Avg Loss: 0.005755303310033924 lr:0.0001
2026-05-14 10:53:57,567 - INFO - Epoch 149, Val Accuracy: 0.7550
2026-05-14 10:53:57,675 - INFO - Epoch 150, Step:0, Avg Loss: 0.019275231286883354 lr:0.0001
2026-05-14 10:54:07,039 - INFO - Epoch 150, Step:100, Avg Loss: 0.012367989329213742 lr:0.0001
2026-05-14 10:54:16,088 - INFO - Epoch 150, Val Accuracy: 0.7650
2026-05-14 10:54:16,202 - INFO - Epoch 151, Step:0, Avg Loss: 0.00016238726675510406 lr:0.0001
2026-05-14 10:54:26,772 - INFO - Epoch 151, Step:100, Avg Loss: 0.02582972471285757 lr:0.0001
2026-05-14 10:54:36,539 - INFO - Epoch 151, Val Accuracy: 0.7550
2026-05-14 10:54:36,629 - INFO - Epoch 152, Step:0, Avg Loss: 0.0008147893822751939 lr:0.0001
2026-05-14 10:54:47,102 - INFO - Epoch 152, Step:100, Avg Loss: 0.01152480545470098 lr:0.0001
2026-05-14 10:54:57,772 - INFO - Epoch 152, Val Accuracy: 0.7214
2026-05-14 10:54:57,916 - INFO - Epoch 153, Step:0, Avg Loss: 0.010381262749433517 lr:0.0001
2026-05-14 10:55:08,367 - INFO - Epoch 153, Step:100, Avg Loss: 0.035561591108125866 lr:0.0002
2026-05-14 10:55:17,506 - INFO - Epoch 153, Val Accuracy: 0.7393
2026-05-14 10:55:17,604 - INFO - Epoch 154, Step:0, Avg Loss: 0.0003034828696399927 lr:0.0002
2026-05-14 10:55:27,480 - INFO - Epoch 154, Step:100, Avg Loss: 0.025621017780795226 lr:0.0002
2026-05-14 10:55:36,826 - INFO - Epoch 154, Val Accuracy: 0.7486
2026-05-14 10:55:36,954 - INFO - Epoch 155, Step:0, Avg Loss: 0.0006909205112606287 lr:0.0002
2026-05-14 10:55:46,862 - INFO - Epoch 155, Step:100, Avg Loss: 0.021087696646281982 lr:0.0002
2026-05-14 10:55:56,799 - INFO - Epoch 155, New best accuracy: 0.7743, model saved
2026-05-14 10:55:56,800 - INFO - Epoch 155, Val Accuracy: 0.7743
2026-05-14 10:55:56,911 - INFO - Epoch 156, Step:0, Avg Loss: 8.157103729899973e-05 lr:0.0002
2026-05-14 10:56:04,360 - INFO - Epoch 156, Step:100, Avg Loss: 0.03537794967385707 lr:0.0002
2026-05-14 10:56:10,516 - INFO - Epoch 156, Val Accuracy: 0.7457
2026-05-14 10:56:10,570 - INFO - Epoch 157, Step:0, Avg Loss: 0.012869317084550858 lr:0.0003
2026-05-14 10:56:15,860 - INFO - Epoch 157, Step:100, Avg Loss: 0.04949453013570746 lr:0.0003
2026-05-14 10:56:21,472 - INFO - Epoch 157, Val Accuracy: 0.7357
2026-05-14 10:56:21,561 - INFO - Epoch 158, Step:0, Avg Loss: 0.0035316708963364363 lr:0.0003
2026-05-14 10:56:28,393 - INFO - Epoch 158, Step:100, Avg Loss: 0.06207879897207022 lr:0.0003
2026-05-14 10:56:32,989 - INFO - Epoch 158, Val Accuracy: 0.7279
2026-05-14 10:56:33,039 - INFO - Epoch 159, Step:0, Avg Loss: 0.03540933132171631 lr:0.0003
2026-05-14 10:56:37,819 - INFO - Epoch 159, Step:100, Avg Loss: 0.05186124232655857 lr:0.0003
2026-05-14 10:56:42,421 - INFO - Epoch 159, Val Accuracy: 0.7486
2026-05-14 10:56:42,468 - INFO - Epoch 160, Step:0, Avg Loss: 0.09069788455963135 lr:0.0003
2026-05-14 10:56:47,114 - INFO - Epoch 160, Step:100, Avg Loss: 0.029804008200298996 lr:0.0003
2026-05-14 10:56:51,651 - INFO - Epoch 160, Val Accuracy: 0.7479
2026-05-14 10:56:51,699 - INFO - Epoch 161, Step:0, Avg Loss: 0.10575482249259949 lr:0.0004
2026-05-14 10:56:56,352 - INFO - Epoch 161, Step:100, Avg Loss: 0.039646843050140886 lr:0.0004
2026-05-14 10:57:00,889 - INFO - Epoch 161, Val Accuracy: 0.7386
2026-05-14 10:57:00,937 - INFO - Epoch 162, Step:0, Avg Loss: 0.01991918496787548 lr:0.0004
2026-05-14 10:57:05,586 - INFO - Epoch 162, Step:100, Avg Loss: 0.0813031900767237 lr:0.0004
2026-05-14 10:57:10,130 - INFO - Epoch 162, Val Accuracy: 0.7386
2026-05-14 10:57:10,181 - INFO - Epoch 163, Step:0, Avg Loss: 0.004541007801890373 lr:0.0004
2026-05-14 10:57:14,844 - INFO - Epoch 163, Step:100, Avg Loss: 0.03491826679499354 lr:0.0004
2026-05-14 10:57:19,420 - INFO - Epoch 163, Val Accuracy: 0.7364
2026-05-14 10:57:19,468 - INFO - Epoch 164, Step:0, Avg Loss: 0.09888086467981339 lr:0.0004
2026-05-14 10:57:24,117 - INFO - Epoch 164, Step:100, Avg Loss: 0.04867536162491888 lr:0.0004
2026-05-14 10:57:28,656 - INFO - Epoch 164, Val Accuracy: 0.7293
2026-05-14 10:57:28,704 - INFO - Epoch 165, Step:0, Avg Loss: 0.061028916388750076 lr:0.0004
2026-05-14 10:57:33,362 - INFO - Epoch 165, Step:100, Avg Loss: 0.04191866274923086 lr:0.0005
2026-05-14 10:57:37,916 - INFO - Epoch 165, Val Accuracy: 0.7393
2026-05-14 10:57:37,964 - INFO - Epoch 166, Step:0, Avg Loss: 0.01708112098276615 lr:0.0005
2026-05-14 10:57:42,669 - INFO - Epoch 166, Step:100, Avg Loss: 0.1318854547711089 lr:0.0005
2026-05-14 10:57:47,308 - INFO - Epoch 166, Val Accuracy: 0.7414
2026-05-14 10:57:47,358 - INFO - Epoch 167, Step:0, Avg Loss: 0.12432649731636047 lr:0.0005
2026-05-14 10:57:52,125 - INFO - Epoch 167, Step:100, Avg Loss: 0.04178226892661769 lr:0.0005
2026-05-14 10:57:56,789 - INFO - Epoch 167, Val Accuracy: 0.7471
2026-05-14 10:57:56,840 - INFO - Epoch 168, Step:0, Avg Loss: 0.10471799969673157 lr:0.0005
2026-05-14 10:58:01,619 - INFO - Epoch 168, Step:100, Avg Loss: 0.03443297069403343 lr:0.0005
2026-05-14 10:58:06,258 - INFO - Epoch 168, Val Accuracy: 0.7564
2026-05-14 10:58:06,306 - INFO - Epoch 169, Step:0, Avg Loss: 0.008440440520644188 lr:0.0005
2026-05-14 10:58:11,087 - INFO - Epoch 169, Step:100, Avg Loss: 0.07790245844866149 lr:0.0005
2026-05-14 10:58:15,687 - INFO - Epoch 169, Val Accuracy: 0.7386
2026-05-14 10:58:15,739 - INFO - Epoch 170, Step:0, Avg Loss: 0.03253514692187309 lr:0.0005
2026-05-14 10:58:20,414 - INFO - Epoch 170, Step:100, Avg Loss: 0.07063764835242183 lr:0.0005
2026-05-14 10:58:25,028 - INFO - Epoch 170, Val Accuracy: 0.7229
2026-05-14 10:58:25,078 - INFO - Epoch 171, Step:0, Avg Loss: 0.018120625987648964 lr:0.0005
2026-05-14 10:58:29,777 - INFO - Epoch 171, Step:100, Avg Loss: 0.058299784283153716 lr:0.0005
2026-05-14 10:58:34,349 - INFO - Epoch 171, Val Accuracy: 0.7357
2026-05-14 10:58:34,397 - INFO - Epoch 172, Step:0, Avg Loss: 0.12966714799404144 lr:0.0005
2026-05-14 10:58:39,110 - INFO - Epoch 172, Step:100, Avg Loss: 0.07526859243982471 lr:0.0005
2026-05-14 10:58:46,996 - INFO - Epoch 172, Val Accuracy: 0.7264
2026-05-14 10:58:47,096 - INFO - Epoch 173, Step:0, Avg Loss: 0.05091596394777298 lr:0.0005
2026-05-14 10:58:57,734 - INFO - Epoch 173, Step:100, Avg Loss: 0.09384885410428978 lr:0.0005
2026-05-14 10:59:06,905 - INFO - Epoch 173, Val Accuracy: 0.7429
2026-05-14 10:59:06,994 - INFO - Epoch 174, Step:0, Avg Loss: 0.008713416755199432 lr:0.0005
2026-05-14 10:59:17,351 - INFO - Epoch 174, Step:100, Avg Loss: 0.043879940073238685 lr:0.0005
2026-05-14 10:59:27,034 - INFO - Epoch 174, Val Accuracy: 0.7543
2026-05-14 10:59:27,191 - INFO - Epoch 175, Step:0, Avg Loss: 0.06289611756801605 lr:0.0005
2026-05-14 10:59:37,204 - INFO - Epoch 175, Step:100, Avg Loss: 0.05112580358749255 lr:0.0005
2026-05-14 10:59:46,450 - INFO - Epoch 175, Val Accuracy: 0.7229
2026-05-14 10:59:46,545 - INFO - Epoch 176, Step:0, Avg Loss: 0.30817267298698425 lr:0.0005
2026-05-14 10:59:56,944 - INFO - Epoch 176, Step:100, Avg Loss: 0.05978075967286713 lr:0.0005
2026-05-14 11:00:06,808 - INFO - Epoch 176, Val Accuracy: 0.7550
2026-05-14 11:00:06,901 - INFO - Epoch 177, Step:0, Avg Loss: 0.0012873578816652298 lr:0.0005
2026-05-14 11:00:17,244 - INFO - Epoch 177, Step:100, Avg Loss: 0.028732611573068424 lr:0.0004
2026-05-14 11:00:27,687 - INFO - Epoch 177, Val Accuracy: 0.7429
2026-05-14 11:00:27,790 - INFO - Epoch 178, Step:0, Avg Loss: 0.0005239899037405849 lr:0.0004
2026-05-14 11:00:37,427 - INFO - Epoch 178, Step:100, Avg Loss: 0.0555865699602873 lr:0.0004
2026-05-14 11:00:46,656 - INFO - Epoch 178, Val Accuracy: 0.7543
2026-05-14 11:00:46,763 - INFO - Epoch 179, Step:0, Avg Loss: 0.005693639628589153 lr:0.0004
2026-05-14 11:00:56,687 - INFO - Epoch 179, Step:100, Avg Loss: 0.016896001868990426 lr:0.0004
2026-05-14 11:01:06,072 - INFO - Epoch 179, Val Accuracy: 0.7343
2026-05-14 11:01:06,172 - INFO - Epoch 180, Step:0, Avg Loss: 0.013811139389872551 lr:0.0004
2026-05-14 11:01:15,771 - INFO - Epoch 180, Step:100, Avg Loss: 0.029056420859415084 lr:0.0004
2026-05-14 11:01:24,453 - INFO - Epoch 180, Val Accuracy: 0.7400
2026-05-14 11:01:24,544 - INFO - Epoch 181, Step:0, Avg Loss: 0.000584079883992672 lr:0.0004
2026-05-14 11:01:33,935 - INFO - Epoch 181, Step:100, Avg Loss: 0.054876840921642724 lr:0.0004
2026-05-14 11:01:42,915 - INFO - Epoch 181, Val Accuracy: 0.7536
2026-05-14 11:01:43,007 - INFO - Epoch 182, Step:0, Avg Loss: 0.015261214226484299 lr:0.0004
2026-05-14 11:01:52,762 - INFO - Epoch 182, Step:100, Avg Loss: 0.016112422770384 lr:0.0003
2026-05-14 11:02:01,741 - INFO - Epoch 182, Val Accuracy: 0.7621
2026-05-14 11:02:01,827 - INFO - Epoch 183, Step:0, Avg Loss: 0.00018281390657648444 lr:0.0003
2026-05-14 11:02:11,362 - INFO - Epoch 183, Step:100, Avg Loss: 0.01688580005124095 lr:0.0003
2026-05-14 11:02:20,029 - INFO - Epoch 183, Val Accuracy: 0.7629
2026-05-14 11:02:20,127 - INFO - Epoch 184, Step:0, Avg Loss: 0.019157949835062027 lr:0.0003
2026-05-14 11:02:29,356 - INFO - Epoch 184, Step:100, Avg Loss: 0.00432763344480918 lr:0.0003
2026-05-14 11:02:38,150 - INFO - Epoch 184, Val Accuracy: 0.7643
2026-05-14 11:02:38,237 - INFO - Epoch 185, Step:0, Avg Loss: 0.0016782911261543632 lr:0.0003
2026-05-14 11:02:48,341 - INFO - Epoch 185, Step:100, Avg Loss: 0.009976226071048587 lr:0.0003
2026-05-14 11:02:58,080 - INFO - Epoch 185, Val Accuracy: 0.7571
2026-05-14 11:02:58,174 - INFO - Epoch 186, Step:0, Avg Loss: 0.002542060101404786 lr:0.0002
2026-05-14 11:03:07,689 - INFO - Epoch 186, Step:100, Avg Loss: 0.005202176798320579 lr:0.0002
2026-05-14 11:03:16,833 - INFO - Epoch 186, Val Accuracy: 0.7629
2026-05-14 11:03:16,925 - INFO - Epoch 187, Step:0, Avg Loss: 0.05326508730649948 lr:0.0002
2026-05-14 11:03:26,475 - INFO - Epoch 187, Step:100, Avg Loss: 0.008745969803931075 lr:0.0002
2026-05-14 11:03:35,927 - INFO - Epoch 187, Val Accuracy: 0.7721
2026-05-14 11:03:36,013 - INFO - Epoch 188, Step:0, Avg Loss: 0.00019248442549724132 lr:0.0002
2026-05-14 11:03:45,132 - INFO - Epoch 188, Step:100, Avg Loss: 0.005859495041695481 lr:0.0002
2026-05-14 11:03:54,154 - INFO - Epoch 188, Val Accuracy: 0.7586
2026-05-14 11:03:54,293 - INFO - Epoch 189, Step:0, Avg Loss: 0.0013100998476147652 lr:0.0002
2026-05-14 11:04:03,791 - INFO - Epoch 189, Step:100, Avg Loss: 0.004301275093993127 lr:0.0002
2026-05-14 11:04:13,133 - INFO - Epoch 189, Val Accuracy: 0.7571
2026-05-14 11:04:13,220 - INFO - Epoch 190, Step:0, Avg Loss: 0.022428741678595543 lr:0.0001
2026-05-14 11:04:22,781 - INFO - Epoch 190, Step:100, Avg Loss: 0.0037188825334123978 lr:0.0001
2026-05-14 11:04:31,648 - INFO - Epoch 190, Val Accuracy: 0.7679
2026-05-14 11:04:31,749 - INFO - Epoch 191, Step:0, Avg Loss: 4.1259758290834725e-05 lr:0.0001
2026-05-14 11:04:41,406 - INFO - Epoch 191, Step:100, Avg Loss: 0.0019321132833829324 lr:0.0001
2026-05-14 11:04:49,472 - INFO - Epoch 191, Val Accuracy: 0.7693
2026-05-14 11:04:49,557 - INFO - Epoch 192, Step:0, Avg Loss: 0.0001295737747568637 lr:0.0001
2026-05-14 11:04:58,244 - INFO - Epoch 192, Step:100, Avg Loss: 0.0010365172400838673 lr:0.0001
2026-05-14 11:05:07,179 - INFO - Epoch 192, Val Accuracy: 0.7743
2026-05-14 11:05:07,269 - INFO - Epoch 193, Step:0, Avg Loss: 0.0011943887220695615 lr:0.0001
2026-05-14 11:05:16,268 - INFO - Epoch 193, Step:100, Avg Loss: 0.0010352379131643374 lr:0.0001
2026-05-14 11:05:24,437 - INFO - Epoch 193, New best accuracy: 0.7764, model saved
2026-05-14 11:05:24,438 - INFO - Epoch 193, Val Accuracy: 0.7764
2026-05-14 11:05:24,523 - INFO - Epoch 194, Step:0, Avg Loss: 0.004802729934453964 lr:0.0001
2026-05-14 11:05:33,132 - INFO - Epoch 194, Step:100, Avg Loss: 0.0015202699665132968 lr:0.0001
2026-05-14 11:05:41,494 - INFO - Epoch 194, Val Accuracy: 0.7743
2026-05-14 11:05:41,585 - INFO - Epoch 195, Step:0, Avg Loss: 0.00010883005597861484 lr:0.0000
2026-05-14 11:05:51,180 - INFO - Epoch 195, Step:100, Avg Loss: 0.0014653294630602432 lr:0.0000
2026-05-14 11:06:00,714 - INFO - Epoch 195, Val Accuracy: 0.7707
2026-05-14 11:06:00,798 - INFO - Epoch 196, Step:0, Avg Loss: 9.62897902354598e-05 lr:0.0000
2026-05-14 11:06:10,891 - INFO - Epoch 196, Step:100, Avg Loss: 0.0007582794543861837 lr:0.0000
2026-05-14 11:06:16,279 - INFO - Epoch 196, Val Accuracy: 0.7721
2026-05-14 11:06:16,327 - INFO - Epoch 197, Step:0, Avg Loss: 7.923412340460345e-06 lr:0.0000
2026-05-14 11:06:20,980 - INFO - Epoch 197, Step:100, Avg Loss: 0.00020508267565446658 lr:0.0000
2026-05-14 11:06:25,533 - INFO - Epoch 197, Val Accuracy: 0.7721
2026-05-14 11:06:25,582 - INFO - Epoch 198, Step:0, Avg Loss: 1.613042059034342e-06 lr:0.0000
2026-05-14 11:06:30,239 - INFO - Epoch 198, Step:100, Avg Loss: 0.0005505368622573314 lr:0.0000
2026-05-14 11:06:34,795 - INFO - Epoch 198, Val Accuracy: 0.7736
2026-05-14 11:06:34,844 - INFO - Epoch 199, Step:0, Avg Loss: 2.129519998561591e-05 lr:0.0000
2026-05-14 11:06:39,516 - INFO - Epoch 199, Step:100, Avg Loss: 0.00030305518956083685 lr:0.0000
2026-05-14 11:06:44,073 - INFO - Epoch 199, Val Accuracy: 0.7736
