2026-05-14 08:18:34,985 - INFO - Epoch 0, Step:0, Avg Loss: 2.340245008468628 lr:0.0010
2026-05-14 08:19:41,892 - INFO - Epoch 0, Step:100, Avg Loss: 1.864565622806549 lr:0.0010
2026-05-14 08:21:00,074 - INFO - Epoch 0, New best accuracy: 0.3450, model saved
2026-05-14 08:21:00,074 - INFO - Epoch 0, Val Accuracy: 0.3450
2026-05-14 08:21:00,285 - INFO - Epoch 1, Step:0, Avg Loss: 1.743841290473938 lr:0.0010
2026-05-14 08:21:11,101 - INFO - Epoch 1, Step:100, Avg Loss: 1.7495526909828185 lr:0.0010
2026-05-14 08:21:22,361 - INFO - Epoch 1, New best accuracy: 0.3743, model saved
2026-05-14 08:21:22,361 - INFO - Epoch 1, Val Accuracy: 0.3743
2026-05-14 08:21:22,464 - INFO - Epoch 2, Step:0, Avg Loss: 1.5593528747558594 lr:0.0010
2026-05-14 08:21:32,013 - INFO - Epoch 2, Step:100, Avg Loss: 1.5853391087055206 lr:0.0010
2026-05-14 08:21:44,881 - INFO - Epoch 2, New best accuracy: 0.4271, model saved
2026-05-14 08:21:44,884 - INFO - Epoch 2, Val Accuracy: 0.4271
2026-05-14 08:21:45,019 - INFO - Epoch 3, Step:0, Avg Loss: 1.342456340789795 lr:0.0010
2026-05-14 08:21:57,623 - INFO - Epoch 3, Step:100, Avg Loss: 1.5183216452598571 lr:0.0010
2026-05-14 08:22:10,065 - INFO - Epoch 3, New best accuracy: 0.4850, model saved
2026-05-14 08:22:10,065 - INFO - Epoch 3, Val Accuracy: 0.4850
2026-05-14 08:22:10,232 - INFO - Epoch 4, Step:0, Avg Loss: 1.4400403499603271 lr:0.0010
2026-05-14 08:22:26,657 - INFO - Epoch 4, Step:100, Avg Loss: 1.4486105382442473 lr:0.0009
2026-05-14 08:22:45,423 - INFO - Epoch 4, Val Accuracy: 0.4821
2026-05-14 08:22:45,565 - INFO - Epoch 5, Step:0, Avg Loss: 1.2488205432891846 lr:0.0009
2026-05-14 08:22:58,241 - INFO - Epoch 5, Step:100, Avg Loss: 1.36330519258976 lr:0.0009
2026-05-14 08:23:09,793 - INFO - Epoch 5, New best accuracy: 0.4950, model saved
2026-05-14 08:23:09,793 - INFO - Epoch 5, Val Accuracy: 0.4950
2026-05-14 08:23:09,932 - INFO - Epoch 6, Step:0, Avg Loss: 1.178659439086914 lr:0.0009
2026-05-14 08:23:21,259 - INFO - Epoch 6, Step:100, Avg Loss: 1.2938233417272569 lr:0.0009
2026-05-14 08:23:32,083 - INFO - Epoch 6, New best accuracy: 0.5171, model saved
2026-05-14 08:23:32,083 - INFO - Epoch 6, Val Accuracy: 0.5171
2026-05-14 08:23:32,252 - INFO - Epoch 7, Step:0, Avg Loss: 1.2829952239990234 lr:0.0009
2026-05-14 08:23:43,411 - INFO - Epoch 7, Step:100, Avg Loss: 1.2286101806163787 lr:0.0008
2026-05-14 08:23:54,071 - INFO - Epoch 7, New best accuracy: 0.5793, model saved
2026-05-14 08:23:54,072 - INFO - Epoch 7, Val Accuracy: 0.5793
2026-05-14 08:23:54,197 - INFO - Epoch 8, Step:0, Avg Loss: 1.080478549003601 lr:0.0008
2026-05-14 08:24:05,475 - INFO - Epoch 8, Step:100, Avg Loss: 1.1510618937015533 lr:0.0008
2026-05-14 08:24:16,232 - INFO - Epoch 8, New best accuracy: 0.6086, model saved
2026-05-14 08:24:16,233 - INFO - Epoch 8, Val Accuracy: 0.6086
2026-05-14 08:24:16,364 - INFO - Epoch 9, Step:0, Avg Loss: 0.9710990190505981 lr:0.0008
2026-05-14 08:24:28,197 - INFO - Epoch 9, Step:100, Avg Loss: 1.073414694070816 lr:0.0007
2026-05-14 08:24:38,970 - INFO - Epoch 9, Val Accuracy: 0.5921
2026-05-14 08:24:39,083 - INFO - Epoch 10, Step:0, Avg Loss: 0.8494364023208618 lr:0.0007
2026-05-14 08:24:50,639 - INFO - Epoch 10, Step:100, Avg Loss: 1.0327934336662292 lr:0.0007
2026-05-14 08:25:01,828 - INFO - Epoch 10, Val Accuracy: 0.5929
2026-05-14 08:25:01,954 - INFO - Epoch 11, Step:0, Avg Loss: 0.9881010055541992 lr:0.0007
2026-05-14 08:25:13,301 - INFO - Epoch 11, Step:100, Avg Loss: 0.9375372147560119 lr:0.0007
2026-05-14 08:25:25,043 - INFO - Epoch 11, New best accuracy: 0.6379, model saved
2026-05-14 08:25:25,043 - INFO - Epoch 11, Val Accuracy: 0.6379
2026-05-14 08:25:25,184 - INFO - Epoch 12, Step:0, Avg Loss: 0.8740851879119873 lr:0.0006
2026-05-14 08:25:36,303 - INFO - Epoch 12, Step:100, Avg Loss: 0.9112667524814606 lr:0.0006
2026-05-14 08:25:46,743 - INFO - Epoch 12, New best accuracy: 0.6614, model saved
2026-05-14 08:25:46,744 - INFO - Epoch 12, Val Accuracy: 0.6614
2026-05-14 08:25:46,844 - INFO - Epoch 13, Step:0, Avg Loss: 0.898535430431366 lr:0.0006
2026-05-14 08:25:58,122 - INFO - Epoch 13, Step:100, Avg Loss: 0.852364314198494 lr:0.0005
2026-05-14 08:26:09,063 - INFO - Epoch 13, Val Accuracy: 0.6200
2026-05-14 08:26:09,208 - INFO - Epoch 14, Step:0, Avg Loss: 0.8784774541854858 lr:0.0005
2026-05-14 08:26:19,246 - INFO - Epoch 14, Step:100, Avg Loss: 0.8295380187034607 lr:0.0005
2026-05-14 08:26:26,670 - INFO - Epoch 14, New best accuracy: 0.6679, model saved
2026-05-14 08:26:26,672 - INFO - Epoch 14, Val Accuracy: 0.6679
2026-05-14 08:26:26,752 - INFO - Epoch 15, Step:0, Avg Loss: 0.7948126196861267 lr:0.0005
2026-05-14 08:26:34,843 - INFO - Epoch 15, Step:100, Avg Loss: 0.7848033347725868 lr:0.0004
2026-05-14 08:26:42,258 - INFO - Epoch 15, New best accuracy: 0.6821, model saved
2026-05-14 08:26:42,260 - INFO - Epoch 15, Val Accuracy: 0.6821
2026-05-14 08:26:42,342 - INFO - Epoch 16, Step:0, Avg Loss: 0.6860369443893433 lr:0.0004
2026-05-14 08:26:50,465 - INFO - Epoch 16, Step:100, Avg Loss: 0.7352457797527313 lr:0.0004
2026-05-14 08:26:57,858 - INFO - Epoch 16, New best accuracy: 0.7021, model saved
2026-05-14 08:26:57,858 - INFO - Epoch 16, Val Accuracy: 0.7021
2026-05-14 08:26:57,944 - INFO - Epoch 17, Step:0, Avg Loss: 0.6376071572303772 lr:0.0004
2026-05-14 08:27:06,061 - INFO - Epoch 17, Step:100, Avg Loss: 0.6792378440499306 lr:0.0003
2026-05-14 08:27:13,475 - INFO - Epoch 17, Val Accuracy: 0.6964
2026-05-14 08:27:13,562 - INFO - Epoch 18, Step:0, Avg Loss: 0.549836277961731 lr:0.0003
2026-05-14 08:27:21,286 - INFO - Epoch 18, Step:100, Avg Loss: 0.6567931851744652 lr:0.0003
2026-05-14 08:27:29,026 - INFO - Epoch 18, New best accuracy: 0.7057, model saved
2026-05-14 08:27:29,026 - INFO - Epoch 18, Val Accuracy: 0.7057
2026-05-14 08:27:29,140 - INFO - Epoch 19, Step:0, Avg Loss: 0.9256392121315002 lr:0.0003
2026-05-14 08:27:37,668 - INFO - Epoch 19, Step:100, Avg Loss: 0.6106901913881302 lr:0.0002
2026-05-14 08:27:45,232 - INFO - Epoch 19, New best accuracy: 0.7100, model saved
2026-05-14 08:27:45,232 - INFO - Epoch 19, Val Accuracy: 0.7100
2026-05-14 08:27:45,320 - INFO - Epoch 20, Step:0, Avg Loss: 0.5688725709915161 lr:0.0002
2026-05-14 08:27:53,669 - INFO - Epoch 20, Step:100, Avg Loss: 0.6011707600951195 lr:0.0002
2026-05-14 08:28:01,377 - INFO - Epoch 20, New best accuracy: 0.7229, model saved
2026-05-14 08:28:01,378 - INFO - Epoch 20, Val Accuracy: 0.7229
2026-05-14 08:28:01,462 - INFO - Epoch 21, Step:0, Avg Loss: 0.6429862380027771 lr:0.0002
2026-05-14 08:28:09,857 - INFO - Epoch 21, Step:100, Avg Loss: 0.563829790353775 lr:0.0001
2026-05-14 08:28:17,408 - INFO - Epoch 21, New best accuracy: 0.7286, model saved
2026-05-14 08:28:17,408 - INFO - Epoch 21, Val Accuracy: 0.7286
2026-05-14 08:28:17,491 - INFO - Epoch 22, Step:0, Avg Loss: 0.5339224338531494 lr:0.0001
2026-05-14 08:28:25,664 - INFO - Epoch 22, Step:100, Avg Loss: 0.5237242105603218 lr:0.0001
2026-05-14 08:28:33,234 - INFO - Epoch 22, Val Accuracy: 0.7236
2026-05-14 08:28:33,313 - INFO - Epoch 23, Step:0, Avg Loss: 0.5360738635063171 lr:0.0001
2026-05-14 08:28:41,068 - INFO - Epoch 23, Step:100, Avg Loss: 0.510375892072916 lr:0.0001
2026-05-14 08:28:48,463 - INFO - Epoch 23, New best accuracy: 0.7307, model saved
2026-05-14 08:28:48,463 - INFO - Epoch 23, Val Accuracy: 0.7307
2026-05-14 08:28:48,546 - INFO - Epoch 24, Step:0, Avg Loss: 0.38412654399871826 lr:0.0001
2026-05-14 08:28:56,835 - INFO - Epoch 24, Step:100, Avg Loss: 0.47940625056624414 lr:0.0001
2026-05-14 08:29:04,340 - INFO - Epoch 24, Val Accuracy: 0.7286
2026-05-14 08:29:04,420 - INFO - Epoch 25, Step:0, Avg Loss: 0.8775557279586792 lr:0.0000
2026-05-14 08:29:12,430 - INFO - Epoch 25, Step:100, Avg Loss: 0.46496844008564947 lr:0.0000
2026-05-14 08:29:19,708 - INFO - Epoch 25, Val Accuracy: 0.7293
2026-05-14 08:29:19,788 - INFO - Epoch 26, Step:0, Avg Loss: 0.5859569311141968 lr:0.0000
2026-05-14 08:29:27,335 - INFO - Epoch 26, Step:100, Avg Loss: 0.44787122011184693 lr:0.0000
2026-05-14 08:29:34,738 - INFO - Epoch 26, New best accuracy: 0.7350, model saved
2026-05-14 08:29:34,738 - INFO - Epoch 26, Val Accuracy: 0.7350
2026-05-14 08:29:34,819 - INFO - Epoch 27, Step:0, Avg Loss: 0.41718584299087524 lr:0.0000
2026-05-14 08:29:43,024 - INFO - Epoch 27, Step:100, Avg Loss: 0.44036580979824064 lr:0.0000
2026-05-14 08:29:50,580 - INFO - Epoch 27, Val Accuracy: 0.7350
2026-05-14 08:29:50,658 - INFO - Epoch 28, Step:0, Avg Loss: 0.5392937064170837 lr:0.0000
2026-05-14 08:29:58,230 - INFO - Epoch 28, Step:100, Avg Loss: 0.45189081341028214 lr:0.0000
2026-05-14 08:30:05,623 - INFO - Epoch 28, New best accuracy: 0.7364, model saved
2026-05-14 08:30:05,623 - INFO - Epoch 28, Val Accuracy: 0.7364
2026-05-14 08:30:05,701 - INFO - Epoch 29, Step:0, Avg Loss: 0.2039397805929184 lr:0.0000
2026-05-14 08:30:13,716 - INFO - Epoch 29, Step:100, Avg Loss: 0.45669567212462425 lr:0.0000
2026-05-14 08:30:21,098 - INFO - Epoch 29, Val Accuracy: 0.7300
2026-05-14 08:30:21,180 - INFO - Epoch 30, Step:0, Avg Loss: 0.3154057264328003 lr:0.0000
2026-05-14 08:30:28,725 - INFO - Epoch 30, Step:100, Avg Loss: 0.45236044108867646 lr:0.0000
2026-05-14 08:30:36,068 - INFO - Epoch 30, Val Accuracy: 0.7271
2026-05-14 08:30:36,148 - INFO - Epoch 31, Step:0, Avg Loss: 0.4035213887691498 lr:0.0000
2026-05-14 08:30:43,618 - INFO - Epoch 31, Step:100, Avg Loss: 0.456606357395649 lr:0.0000
2026-05-14 08:30:50,716 - INFO - Epoch 31, Val Accuracy: 0.7293
2026-05-14 08:30:50,794 - INFO - Epoch 32, Step:0, Avg Loss: 0.464360773563385 lr:0.0000
2026-05-14 08:30:58,393 - INFO - Epoch 32, Step:100, Avg Loss: 0.46126173704862594 lr:0.0001
2026-05-14 08:31:05,567 - INFO - Epoch 32, Val Accuracy: 0.7307
2026-05-14 08:31:05,645 - INFO - Epoch 33, Step:0, Avg Loss: 0.44115203619003296 lr:0.0001
2026-05-14 08:31:13,155 - INFO - Epoch 33, Step:100, Avg Loss: 0.45489130049943927 lr:0.0001
2026-05-14 08:31:20,226 - INFO - Epoch 33, Val Accuracy: 0.7314
2026-05-14 08:31:20,307 - INFO - Epoch 34, Step:0, Avg Loss: 0.5104950070381165 lr:0.0001
2026-05-14 08:31:28,238 - INFO - Epoch 34, Step:100, Avg Loss: 0.4406971387565136 lr:0.0001
2026-05-14 08:31:35,802 - INFO - Epoch 34, Val Accuracy: 0.7193
2026-05-14 08:31:35,880 - INFO - Epoch 35, Step:0, Avg Loss: 0.3537379205226898 lr:0.0001
2026-05-14 08:31:43,600 - INFO - Epoch 35, Step:100, Avg Loss: 0.46414439447224143 lr:0.0001
2026-05-14 08:31:51,116 - INFO - Epoch 35, Val Accuracy: 0.7279
2026-05-14 08:31:51,208 - INFO - Epoch 36, Step:0, Avg Loss: 0.39215242862701416 lr:0.0002
2026-05-14 08:31:59,434 - INFO - Epoch 36, Step:100, Avg Loss: 0.46990740090608596 lr:0.0002
2026-05-14 08:32:07,013 - INFO - Epoch 36, Val Accuracy: 0.7079
2026-05-14 08:32:07,105 - INFO - Epoch 37, Step:0, Avg Loss: 0.7214610576629639 lr:0.0002
2026-05-14 08:32:15,039 - INFO - Epoch 37, Step:100, Avg Loss: 0.48155991345643995 lr:0.0002
2026-05-14 08:32:22,605 - INFO - Epoch 37, Val Accuracy: 0.7114
2026-05-14 08:32:22,691 - INFO - Epoch 38, Step:0, Avg Loss: 0.43309158086776733 lr:0.0003
2026-05-14 08:32:30,644 - INFO - Epoch 38, Step:100, Avg Loss: 0.46267589047551155 lr:0.0003
2026-05-14 08:32:38,151 - INFO - Epoch 38, Val Accuracy: 0.7186
2026-05-14 08:32:38,239 - INFO - Epoch 39, Step:0, Avg Loss: 0.30532440543174744 lr:0.0003
2026-05-14 08:32:46,020 - INFO - Epoch 39, Step:100, Avg Loss: 0.49410399302840236 lr:0.0003
2026-05-14 08:32:53,519 - INFO - Epoch 39, Val Accuracy: 0.7186
2026-05-14 08:32:53,607 - INFO - Epoch 40, Step:0, Avg Loss: 0.6283199191093445 lr:0.0004
2026-05-14 08:33:01,494 - INFO - Epoch 40, Step:100, Avg Loss: 0.4828413890302181 lr:0.0004
2026-05-14 08:33:09,117 - INFO - Epoch 40, Val Accuracy: 0.7207
2026-05-14 08:33:09,206 - INFO - Epoch 41, Step:0, Avg Loss: 0.41429728269577026 lr:0.0004
2026-05-14 08:33:17,033 - INFO - Epoch 41, Step:100, Avg Loss: 0.48010198041796687 lr:0.0004
2026-05-14 08:33:24,649 - INFO - Epoch 41, Val Accuracy: 0.7129
2026-05-14 08:33:24,744 - INFO - Epoch 42, Step:0, Avg Loss: 0.7725305557250977 lr:0.0005
2026-05-14 08:33:32,656 - INFO - Epoch 42, Step:100, Avg Loss: 0.5069560282677412 lr:0.0005
2026-05-14 08:33:40,219 - INFO - Epoch 42, Val Accuracy: 0.7021
2026-05-14 08:33:40,314 - INFO - Epoch 43, Step:0, Avg Loss: 0.4556194245815277 lr:0.0005
2026-05-14 08:33:48,241 - INFO - Epoch 43, Step:100, Avg Loss: 0.5149226324260234 lr:0.0005
2026-05-14 08:33:55,873 - INFO - Epoch 43, Val Accuracy: 0.6979
2026-05-14 08:33:55,963 - INFO - Epoch 44, Step:0, Avg Loss: 0.29636150598526 lr:0.0006
2026-05-14 08:34:04,101 - INFO - Epoch 44, Step:100, Avg Loss: 0.5178834752738476 lr:0.0006
2026-05-14 08:34:11,648 - INFO - Epoch 44, Val Accuracy: 0.7043
2026-05-14 08:34:11,731 - INFO - Epoch 45, Step:0, Avg Loss: 0.6863943338394165 lr:0.0006
2026-05-14 08:34:19,570 - INFO - Epoch 45, Step:100, Avg Loss: 0.49629026517271996 lr:0.0007
2026-05-14 08:34:27,039 - INFO - Epoch 45, Val Accuracy: 0.7121
2026-05-14 08:34:27,126 - INFO - Epoch 46, Step:0, Avg Loss: 0.7383838891983032 lr:0.0007
2026-05-14 08:34:34,957 - INFO - Epoch 46, Step:100, Avg Loss: 0.4783636462688446 lr:0.0007
2026-05-14 08:34:42,315 - INFO - Epoch 46, Val Accuracy: 0.7179
2026-05-14 08:34:42,397 - INFO - Epoch 47, Step:0, Avg Loss: 0.31419020891189575 lr:0.0007
2026-05-14 08:34:50,187 - INFO - Epoch 47, Step:100, Avg Loss: 0.48957722425460815 lr:0.0008
2026-05-14 08:35:04,009 - INFO - Epoch 47, Val Accuracy: 0.7021
2026-05-14 08:35:04,157 - INFO - Epoch 48, Step:0, Avg Loss: 0.4784110188484192 lr:0.0008
2026-05-14 08:35:18,966 - INFO - Epoch 48, Step:100, Avg Loss: 0.4927661779522896 lr:0.0008
2026-05-14 08:35:31,479 - INFO - Epoch 48, Val Accuracy: 0.7021
2026-05-14 08:35:31,628 - INFO - Epoch 49, Step:0, Avg Loss: 0.44710832834243774 lr:0.0008
2026-05-14 08:35:44,385 - INFO - Epoch 49, Step:100, Avg Loss: 0.4839513839781284 lr:0.0008
2026-05-14 08:35:56,849 - INFO - Epoch 49, Val Accuracy: 0.7136
2026-05-14 08:35:57,004 - INFO - Epoch 50, Step:0, Avg Loss: 0.40403977036476135 lr:0.0009
2026-05-14 08:36:10,505 - INFO - Epoch 50, Step:100, Avg Loss: 0.43562072321772577 lr:0.0009
2026-05-14 08:36:23,249 - INFO - Epoch 50, Val Accuracy: 0.6857
2026-05-14 08:36:23,393 - INFO - Epoch 51, Step:0, Avg Loss: 0.4838268756866455 lr:0.0009
2026-05-14 08:36:36,715 - INFO - Epoch 51, Step:100, Avg Loss: 0.4397007563710213 lr:0.0009
2026-05-14 08:36:49,566 - INFO - Epoch 51, Val Accuracy: 0.6864
2026-05-14 08:36:49,748 - INFO - Epoch 52, Step:0, Avg Loss: 0.4534284174442291 lr:0.0009
2026-05-14 08:37:02,553 - INFO - Epoch 52, Step:100, Avg Loss: 0.37057999446988105 lr:0.0009
2026-05-14 08:37:15,931 - INFO - Epoch 52, Val Accuracy: 0.7357
2026-05-14 08:37:16,113 - INFO - Epoch 53, Step:0, Avg Loss: 0.19593553245067596 lr:0.0009
2026-05-14 08:37:29,865 - INFO - Epoch 53, Step:100, Avg Loss: 0.4113070313632488 lr:0.0010
2026-05-14 08:37:42,742 - INFO - Epoch 53, Val Accuracy: 0.7029
2026-05-14 08:37:42,902 - INFO - Epoch 54, Step:0, Avg Loss: 0.6292153000831604 lr:0.0010
2026-05-14 08:37:55,940 - INFO - Epoch 54, Step:100, Avg Loss: 0.3781298796832562 lr:0.0010
2026-05-14 08:38:08,347 - INFO - Epoch 54, Val Accuracy: 0.7107
2026-05-14 08:38:08,501 - INFO - Epoch 55, Step:0, Avg Loss: 0.5270444750785828 lr:0.0010
2026-05-14 08:38:21,821 - INFO - Epoch 55, Step:100, Avg Loss: 0.37770358111709357 lr:0.0010
2026-05-14 08:38:34,921 - INFO - Epoch 55, Val Accuracy: 0.7257
2026-05-14 08:38:35,080 - INFO - Epoch 56, Step:0, Avg Loss: 0.17906445264816284 lr:0.0010
2026-05-14 08:38:51,563 - INFO - Epoch 56, Step:100, Avg Loss: 0.3872139533609152 lr:0.0010
2026-05-14 08:38:59,849 - INFO - Epoch 56, Val Accuracy: 0.6893
2026-05-14 08:38:59,929 - INFO - Epoch 57, Step:0, Avg Loss: 0.3212467133998871 lr:0.0010
2026-05-14 08:39:07,695 - INFO - Epoch 57, Step:100, Avg Loss: 0.3807298244535923 lr:0.0010
2026-05-14 08:39:15,063 - INFO - Epoch 57, Val Accuracy: 0.7293
2026-05-14 08:39:15,140 - INFO - Epoch 58, Step:0, Avg Loss: 0.42786604166030884 lr:0.0010
2026-05-14 08:39:22,833 - INFO - Epoch 58, Step:100, Avg Loss: 0.3111378659307957 lr:0.0010
2026-05-14 08:39:30,303 - INFO - Epoch 58, Val Accuracy: 0.7271
2026-05-14 08:39:30,379 - INFO - Epoch 59, Step:0, Avg Loss: 0.1697801798582077 lr:0.0010
2026-05-14 08:39:38,124 - INFO - Epoch 59, Step:100, Avg Loss: 0.3214741450548172 lr:0.0010
2026-05-14 08:39:45,742 - INFO - Epoch 59, New best accuracy: 0.7379, model saved
2026-05-14 08:39:45,742 - INFO - Epoch 59, Val Accuracy: 0.7379
2026-05-14 08:39:45,830 - INFO - Epoch 60, Step:0, Avg Loss: 0.1879054754972458 lr:0.0010
2026-05-14 08:39:54,151 - INFO - Epoch 60, Step:100, Avg Loss: 0.2709538073837757 lr:0.0010
2026-05-14 08:40:01,869 - INFO - Epoch 60, Val Accuracy: 0.7300
2026-05-14 08:40:01,948 - INFO - Epoch 61, Step:0, Avg Loss: 0.21977053582668304 lr:0.0010
2026-05-14 08:40:09,914 - INFO - Epoch 61, Step:100, Avg Loss: 0.2355987647175789 lr:0.0009
2026-05-14 08:40:17,390 - INFO - Epoch 61, Val Accuracy: 0.7286
2026-05-14 08:40:17,469 - INFO - Epoch 62, Step:0, Avg Loss: 0.09556977450847626 lr:0.0009
2026-05-14 08:40:25,236 - INFO - Epoch 62, Step:100, Avg Loss: 0.21002252910286187 lr:0.0009
2026-05-14 08:40:32,658 - INFO - Epoch 62, New best accuracy: 0.7429, model saved
2026-05-14 08:40:32,658 - INFO - Epoch 62, Val Accuracy: 0.7429
2026-05-14 08:40:32,739 - INFO - Epoch 63, Step:0, Avg Loss: 0.11112882941961288 lr:0.0009
2026-05-14 08:40:40,851 - INFO - Epoch 63, Step:100, Avg Loss: 0.22109756320714952 lr:0.0009
2026-05-14 08:40:48,442 - INFO - Epoch 63, New best accuracy: 0.7486, model saved
2026-05-14 08:40:48,442 - INFO - Epoch 63, Val Accuracy: 0.7486
2026-05-14 08:40:48,535 - INFO - Epoch 64, Step:0, Avg Loss: 0.04820115864276886 lr:0.0009
2026-05-14 08:40:56,799 - INFO - Epoch 64, Step:100, Avg Loss: 0.19036925487220288 lr:0.0008
2026-05-14 08:41:04,541 - INFO - Epoch 64, Val Accuracy: 0.7350
2026-05-14 08:41:04,626 - INFO - Epoch 65, Step:0, Avg Loss: 0.28190773725509644 lr:0.0008
2026-05-14 08:41:12,398 - INFO - Epoch 65, Step:100, Avg Loss: 0.14637132215313614 lr:0.0008
2026-05-14 08:41:19,841 - INFO - Epoch 65, Val Accuracy: 0.7307
2026-05-14 08:41:19,920 - INFO - Epoch 66, Step:0, Avg Loss: 0.3566800653934479 lr:0.0008
2026-05-14 08:41:27,624 - INFO - Epoch 66, Step:100, Avg Loss: 0.1433221024647355 lr:0.0008
2026-05-14 08:41:35,136 - INFO - Epoch 66, New best accuracy: 0.7500, model saved
2026-05-14 08:41:35,136 - INFO - Epoch 66, Val Accuracy: 0.7500
2026-05-14 08:41:35,222 - INFO - Epoch 67, Step:0, Avg Loss: 0.043103884905576706 lr:0.0007
2026-05-14 08:41:43,260 - INFO - Epoch 67, Step:100, Avg Loss: 0.13814376815687865 lr:0.0007
2026-05-14 08:41:50,796 - INFO - Epoch 67, Val Accuracy: 0.7329
2026-05-14 08:41:50,875 - INFO - Epoch 68, Step:0, Avg Loss: 0.08495473861694336 lr:0.0007
2026-05-14 08:41:58,762 - INFO - Epoch 68, Step:100, Avg Loss: 0.12423360563348979 lr:0.0007
2026-05-14 08:42:06,236 - INFO - Epoch 68, Val Accuracy: 0.7257
2026-05-14 08:42:06,325 - INFO - Epoch 69, Step:0, Avg Loss: 0.03910268843173981 lr:0.0006
2026-05-14 08:42:14,205 - INFO - Epoch 69, Step:100, Avg Loss: 0.0578200592007488 lr:0.0006
2026-05-14 08:42:21,676 - INFO - Epoch 69, Val Accuracy: 0.7071
2026-05-14 08:42:21,755 - INFO - Epoch 70, Step:0, Avg Loss: 0.05203075334429741 lr:0.0006
2026-05-14 08:42:29,612 - INFO - Epoch 70, Step:100, Avg Loss: 0.10675046509597451 lr:0.0006
2026-05-14 08:42:37,141 - INFO - Epoch 70, New best accuracy: 0.7536, model saved
2026-05-14 08:42:37,142 - INFO - Epoch 70, Val Accuracy: 0.7536
2026-05-14 08:42:37,225 - INFO - Epoch 71, Step:0, Avg Loss: 0.0054937694221735 lr:0.0005
2026-05-14 08:42:45,477 - INFO - Epoch 71, Step:100, Avg Loss: 0.062327720421599224 lr:0.0005
2026-05-14 08:42:53,079 - INFO - Epoch 71, Val Accuracy: 0.7364
2026-05-14 08:42:53,168 - INFO - Epoch 72, Step:0, Avg Loss: 0.03321040794253349 lr:0.0005
2026-05-14 08:43:01,155 - INFO - Epoch 72, Step:100, Avg Loss: 0.034372310523758644 lr:0.0004
2026-05-14 08:43:08,769 - INFO - Epoch 72, New best accuracy: 0.7571, model saved
2026-05-14 08:43:08,772 - INFO - Epoch 72, Val Accuracy: 0.7571
2026-05-14 08:43:08,856 - INFO - Epoch 73, Step:0, Avg Loss: 0.02074253372848034 lr:0.0004
2026-05-14 08:43:17,235 - INFO - Epoch 73, Step:100, Avg Loss: 0.04926075611379929 lr:0.0004
2026-05-14 08:43:24,839 - INFO - Epoch 73, Val Accuracy: 0.7479
2026-05-14 08:43:24,921 - INFO - Epoch 74, Step:0, Avg Loss: 0.0013766158372163773 lr:0.0004
2026-05-14 08:43:32,778 - INFO - Epoch 74, Step:100, Avg Loss: 0.030398355553334113 lr:0.0003
2026-05-14 08:43:40,405 - INFO - Epoch 74, New best accuracy: 0.7607, model saved
2026-05-14 08:43:40,406 - INFO - Epoch 74, Val Accuracy: 0.7607
2026-05-14 08:43:40,487 - INFO - Epoch 75, Step:0, Avg Loss: 0.003935095854103565 lr:0.0003
2026-05-14 08:43:48,927 - INFO - Epoch 75, Step:100, Avg Loss: 0.024615372176049276 lr:0.0003
2026-05-14 08:43:56,642 - INFO - Epoch 75, Val Accuracy: 0.7557
2026-05-14 08:43:56,735 - INFO - Epoch 76, Step:0, Avg Loss: 0.011139982379972935 lr:0.0003
2026-05-14 08:44:04,907 - INFO - Epoch 76, Step:100, Avg Loss: 0.01669331890938338 lr:0.0002
2026-05-14 08:44:12,581 - INFO - Epoch 76, Val Accuracy: 0.7564
2026-05-14 08:44:12,665 - INFO - Epoch 77, Step:0, Avg Loss: 0.009828789159655571 lr:0.0002
2026-05-14 08:44:20,667 - INFO - Epoch 77, Step:100, Avg Loss: 0.014110662211314774 lr:0.0002
2026-05-14 08:44:28,357 - INFO - Epoch 77, Val Accuracy: 0.7529
2026-05-14 08:44:28,441 - INFO - Epoch 78, Step:0, Avg Loss: 0.16365408897399902 lr:0.0002
2026-05-14 08:44:36,425 - INFO - Epoch 78, Step:100, Avg Loss: 0.012938640458596638 lr:0.0002
2026-05-14 08:44:44,043 - INFO - Epoch 78, Val Accuracy: 0.7571
2026-05-14 08:44:44,126 - INFO - Epoch 79, Step:0, Avg Loss: 0.0041565196588635445 lr:0.0001
2026-05-14 08:44:51,905 - INFO - Epoch 79, Step:100, Avg Loss: 0.008472383336193162 lr:0.0001
2026-05-14 08:45:00,876 - INFO - Epoch 79, New best accuracy: 0.7650, model saved
2026-05-14 08:45:00,877 - INFO - Epoch 79, Val Accuracy: 0.7650
2026-05-14 08:45:01,031 - INFO - Epoch 80, Step:0, Avg Loss: 0.0011723218485713005 lr:0.0001
2026-05-14 08:45:12,466 - INFO - Epoch 80, Step:100, Avg Loss: 0.007452999560664466 lr:0.0001
2026-05-14 08:45:20,150 - INFO - Epoch 80, Val Accuracy: 0.7636
2026-05-14 08:45:20,238 - INFO - Epoch 81, Step:0, Avg Loss: 0.0004363101616036147 lr:0.0001
2026-05-14 08:45:28,241 - INFO - Epoch 81, Step:100, Avg Loss: 0.006386996769215329 lr:0.0001
2026-05-14 08:45:35,869 - INFO - Epoch 81, Val Accuracy: 0.7629
2026-05-14 08:45:35,945 - INFO - Epoch 82, Step:0, Avg Loss: 0.0009984563803300261 lr:0.0001
2026-05-14 08:45:43,906 - INFO - Epoch 82, Step:100, Avg Loss: 0.0065053969579457775 lr:0.0000
2026-05-14 08:45:51,730 - INFO - Epoch 82, New best accuracy: 0.7693, model saved
2026-05-14 08:45:51,731 - INFO - Epoch 82, Val Accuracy: 0.7693
2026-05-14 08:45:51,817 - INFO - Epoch 83, Step:0, Avg Loss: 0.002670887392014265 lr:0.0000
2026-05-14 08:46:00,388 - INFO - Epoch 83, Step:100, Avg Loss: 0.003854782635316951 lr:0.0000
2026-05-14 08:46:06,620 - INFO - Epoch 83, Val Accuracy: 0.7643
2026-05-14 08:46:06,669 - INFO - Epoch 84, Step:0, Avg Loss: 0.001392114209011197 lr:0.0000
2026-05-14 08:46:11,483 - INFO - Epoch 84, Step:100, Avg Loss: 0.003459762245984166 lr:0.0000
2026-05-14 08:46:16,120 - INFO - Epoch 84, Val Accuracy: 0.7679
2026-05-14 08:46:16,168 - INFO - Epoch 85, Step:0, Avg Loss: 0.0004774765111505985 lr:0.0000
2026-05-14 08:46:22,946 - INFO - Epoch 85, Step:100, Avg Loss: 0.004430374471048708 lr:0.0000
2026-05-14 08:46:31,639 - INFO - Epoch 85, New best accuracy: 0.7707, model saved
2026-05-14 08:46:31,640 - INFO - Epoch 85, Val Accuracy: 0.7707
2026-05-14 08:46:31,728 - INFO - Epoch 86, Step:0, Avg Loss: 0.0008750517736189067 lr:0.0000
2026-05-14 08:46:41,389 - INFO - Epoch 86, Step:100, Avg Loss: 0.0049380699678295056 lr:0.0000
2026-05-14 08:46:50,942 - INFO - Epoch 86, Val Accuracy: 0.7693
2026-05-14 08:46:51,094 - INFO - Epoch 87, Step:0, Avg Loss: 0.03077438659965992 lr:0.0000
2026-05-14 08:47:00,592 - INFO - Epoch 87, Step:100, Avg Loss: 0.006149094022803183 lr:0.0000
2026-05-14 08:47:10,371 - INFO - Epoch 87, Val Accuracy: 0.7686
2026-05-14 08:47:10,471 - INFO - Epoch 88, Step:0, Avg Loss: 0.0011639297008514404 lr:0.0000
2026-05-14 08:47:20,480 - INFO - Epoch 88, Step:100, Avg Loss: 0.0032081925886814134 lr:0.0000
2026-05-14 08:47:29,883 - INFO - Epoch 88, Val Accuracy: 0.7621
2026-05-14 08:47:30,013 - INFO - Epoch 89, Step:0, Avg Loss: 0.0024146512150764465 lr:0.0000
2026-05-14 08:47:36,059 - INFO - Epoch 89, Step:100, Avg Loss: 0.0025428818264481377 lr:0.0001
2026-05-14 08:47:40,774 - INFO - Epoch 89, Val Accuracy: 0.7657
2026-05-14 08:47:40,824 - INFO - Epoch 90, Step:0, Avg Loss: 0.000282328634057194 lr:0.0001
2026-05-14 08:47:45,623 - INFO - Epoch 90, Step:100, Avg Loss: 0.007092315858826624 lr:0.0001
2026-05-14 08:47:50,269 - INFO - Epoch 90, Val Accuracy: 0.7600
2026-05-14 08:47:50,319 - INFO - Epoch 91, Step:0, Avg Loss: 0.0002564642345532775 lr:0.0001
2026-05-14 08:47:55,089 - INFO - Epoch 91, Step:100, Avg Loss: 0.009869248629838694 lr:0.0001
2026-05-14 08:47:59,749 - INFO - Epoch 91, Val Accuracy: 0.7679
2026-05-14 08:47:59,796 - INFO - Epoch 92, Step:0, Avg Loss: 0.0018737225327640772 lr:0.0001
2026-05-14 08:48:04,777 - INFO - Epoch 92, Step:100, Avg Loss: 0.011788337146863342 lr:0.0001
2026-05-14 08:48:15,765 - INFO - Epoch 92, Val Accuracy: 0.7629
2026-05-14 08:48:15,859 - INFO - Epoch 93, Step:0, Avg Loss: 0.00983962882310152 lr:0.0002
2026-05-14 08:48:27,226 - INFO - Epoch 93, Step:100, Avg Loss: 0.03185529051304911 lr:0.0002
2026-05-14 08:48:37,542 - INFO - Epoch 93, Val Accuracy: 0.7357
2026-05-14 08:48:37,663 - INFO - Epoch 94, Step:0, Avg Loss: 0.10171123594045639 lr:0.0002
2026-05-14 08:48:46,082 - INFO - Epoch 94, Step:100, Avg Loss: 0.06572078790399245 lr:0.0002
2026-05-14 08:48:50,760 - INFO - Epoch 94, Val Accuracy: 0.7457
2026-05-14 08:48:50,809 - INFO - Epoch 95, Step:0, Avg Loss: 0.09348864108324051 lr:0.0002
2026-05-14 08:48:55,592 - INFO - Epoch 95, Step:100, Avg Loss: 0.034226047020056286 lr:0.0003
2026-05-14 08:49:05,470 - INFO - Epoch 95, Val Accuracy: 0.7479
2026-05-14 08:49:05,585 - INFO - Epoch 96, Step:0, Avg Loss: 0.002790610771626234 lr:0.0003
2026-05-14 08:49:16,635 - INFO - Epoch 96, Step:100, Avg Loss: 0.03627431012049783 lr:0.0003
2026-05-14 08:49:26,929 - INFO - Epoch 96, Val Accuracy: 0.7507
2026-05-14 08:49:27,045 - INFO - Epoch 97, Step:0, Avg Loss: 0.03806699067354202 lr:0.0003
2026-05-14 08:49:37,631 - INFO - Epoch 97, Step:100, Avg Loss: 0.061231066398322584 lr:0.0004
2026-05-14 08:49:47,912 - INFO - Epoch 97, Val Accuracy: 0.7486
2026-05-14 08:49:48,028 - INFO - Epoch 98, Step:0, Avg Loss: 0.033918820321559906 lr:0.0004
2026-05-14 08:49:58,618 - INFO - Epoch 98, Step:100, Avg Loss: 0.037399908002698795 lr:0.0004
2026-05-14 08:50:08,879 - INFO - Epoch 98, Val Accuracy: 0.7407
2026-05-14 08:50:08,991 - INFO - Epoch 99, Step:0, Avg Loss: 0.062025558203458786 lr:0.0005
2026-05-14 08:50:19,579 - INFO - Epoch 99, Step:100, Avg Loss: 0.08068602235987782 lr:0.0005
2026-05-14 08:50:29,853 - INFO - Epoch 99, Val Accuracy: 0.7407
2026-05-14 08:50:29,966 - INFO - Epoch 100, Step:0, Avg Loss: 0.05024808272719383 lr:0.0005
2026-05-14 08:50:40,534 - INFO - Epoch 100, Step:100, Avg Loss: 0.07481886094203219 lr:0.0005
2026-05-14 08:50:50,818 - INFO - Epoch 100, Val Accuracy: 0.7300
2026-05-14 08:50:50,933 - INFO - Epoch 101, Step:0, Avg Loss: 0.14354965090751648 lr:0.0006
2026-05-14 08:51:01,552 - INFO - Epoch 101, Step:100, Avg Loss: 0.12380616326117888 lr:0.0006
2026-05-14 08:51:11,848 - INFO - Epoch 101, Val Accuracy: 0.7371
2026-05-14 08:51:11,961 - INFO - Epoch 102, Step:0, Avg Loss: 0.07102343440055847 lr:0.0006
2026-05-14 08:51:22,539 - INFO - Epoch 102, Step:100, Avg Loss: 0.10364406133070588 lr:0.0006
2026-05-14 08:51:32,784 - INFO - Epoch 102, Val Accuracy: 0.7379
2026-05-14 08:51:32,897 - INFO - Epoch 103, Step:0, Avg Loss: 0.05242426320910454 lr:0.0007
2026-05-14 08:51:43,533 - INFO - Epoch 103, Step:100, Avg Loss: 0.08828232049942017 lr:0.0007
2026-05-14 08:51:53,957 - INFO - Epoch 103, Val Accuracy: 0.7057
2026-05-14 08:51:54,072 - INFO - Epoch 104, Step:0, Avg Loss: 0.16997501254081726 lr:0.0007
2026-05-14 08:52:04,875 - INFO - Epoch 104, Step:100, Avg Loss: 0.09672079235780984 lr:0.0007
2026-05-14 08:52:15,284 - INFO - Epoch 104, Val Accuracy: 0.7400
2026-05-14 08:52:15,398 - INFO - Epoch 105, Step:0, Avg Loss: 0.06637285649776459 lr:0.0008
2026-05-14 08:52:25,993 - INFO - Epoch 105, Step:100, Avg Loss: 0.08612158310599625 lr:0.0008
2026-05-14 08:52:36,268 - INFO - Epoch 105, Val Accuracy: 0.7271
2026-05-14 08:52:36,383 - INFO - Epoch 106, Step:0, Avg Loss: 0.07993253320455551 lr:0.0008
2026-05-14 08:52:46,993 - INFO - Epoch 106, Step:100, Avg Loss: 0.12621087561827152 lr:0.0008
2026-05-14 08:52:57,216 - INFO - Epoch 106, Val Accuracy: 0.7293
2026-05-14 08:52:57,331 - INFO - Epoch 107, Step:0, Avg Loss: 0.03720799833536148 lr:0.0008
2026-05-14 08:53:07,967 - INFO - Epoch 107, Step:100, Avg Loss: 0.07583271603332832 lr:0.0009
2026-05-14 08:53:18,201 - INFO - Epoch 107, Val Accuracy: 0.7200
2026-05-14 08:53:18,308 - INFO - Epoch 108, Step:0, Avg Loss: 0.07200702279806137 lr:0.0009
2026-05-14 08:53:28,698 - INFO - Epoch 108, Step:100, Avg Loss: 0.10136418633162975 lr:0.0009
2026-05-14 08:53:38,970 - INFO - Epoch 108, Val Accuracy: 0.7221
2026-05-14 08:53:39,084 - INFO - Epoch 109, Step:0, Avg Loss: 0.005223316140472889 lr:0.0009
2026-05-14 08:53:49,686 - INFO - Epoch 109, Step:100, Avg Loss: 0.15226393167395144 lr:0.0009
2026-05-14 08:53:59,973 - INFO - Epoch 109, Val Accuracy: 0.7336
2026-05-14 08:54:00,088 - INFO - Epoch 110, Step:0, Avg Loss: 0.021710028871893883 lr:0.0009
2026-05-14 08:54:10,720 - INFO - Epoch 110, Step:100, Avg Loss: 0.09191759457811713 lr:0.0010
2026-05-14 08:54:21,006 - INFO - Epoch 110, Val Accuracy: 0.7250
2026-05-14 08:54:21,121 - INFO - Epoch 111, Step:0, Avg Loss: 0.36388659477233887 lr:0.0010
2026-05-14 08:54:31,695 - INFO - Epoch 111, Step:100, Avg Loss: 0.08927224922925234 lr:0.0010
2026-05-14 08:54:41,929 - INFO - Epoch 111, Val Accuracy: 0.7221
2026-05-14 08:54:42,044 - INFO - Epoch 112, Step:0, Avg Loss: 0.2567642629146576 lr:0.0010
2026-05-14 08:54:52,627 - INFO - Epoch 112, Step:100, Avg Loss: 0.09424369005952031 lr:0.0010
2026-05-14 08:55:02,886 - INFO - Epoch 112, Val Accuracy: 0.7264
2026-05-14 08:55:03,000 - INFO - Epoch 113, Step:0, Avg Loss: 0.19995880126953125 lr:0.0010
2026-05-14 08:55:13,582 - INFO - Epoch 113, Step:100, Avg Loss: 0.11733377799857408 lr:0.0010
2026-05-14 08:55:23,736 - INFO - Epoch 113, Val Accuracy: 0.7464
2026-05-14 08:55:23,849 - INFO - Epoch 114, Step:0, Avg Loss: 0.18296962976455688 lr:0.0010
2026-05-14 08:55:34,405 - INFO - Epoch 114, Step:100, Avg Loss: 0.16814659596420825 lr:0.0010
2026-05-14 08:55:44,667 - INFO - Epoch 114, Val Accuracy: 0.7157
2026-05-14 08:55:44,792 - INFO - Epoch 115, Step:0, Avg Loss: 0.14415305852890015 lr:0.0010
2026-05-14 08:55:55,400 - INFO - Epoch 115, Step:100, Avg Loss: 0.10870297905057669 lr:0.0010
2026-05-14 08:56:05,683 - INFO - Epoch 115, Val Accuracy: 0.7386
2026-05-14 08:56:05,797 - INFO - Epoch 116, Step:0, Avg Loss: 0.1278301626443863 lr:0.0010
2026-05-14 08:56:16,384 - INFO - Epoch 116, Step:100, Avg Loss: 0.10577902894467116 lr:0.0010
2026-05-14 08:56:26,654 - INFO - Epoch 116, Val Accuracy: 0.7307
2026-05-14 08:56:26,769 - INFO - Epoch 117, Step:0, Avg Loss: 0.08776868134737015 lr:0.0010
2026-05-14 08:56:37,329 - INFO - Epoch 117, Step:100, Avg Loss: 0.08288124781101942 lr:0.0010
2026-05-14 08:56:47,511 - INFO - Epoch 117, Val Accuracy: 0.7100
2026-05-14 08:56:47,624 - INFO - Epoch 118, Step:0, Avg Loss: 0.03107627108693123 lr:0.0010
2026-05-14 08:56:58,190 - INFO - Epoch 118, Step:100, Avg Loss: 0.07993514078902081 lr:0.0009
2026-05-14 08:57:08,464 - INFO - Epoch 118, Val Accuracy: 0.7393
2026-05-14 08:57:08,576 - INFO - Epoch 119, Step:0, Avg Loss: 0.012751923874020576 lr:0.0009
2026-05-14 08:57:19,163 - INFO - Epoch 119, Step:100, Avg Loss: 0.13077994299819692 lr:0.0009
2026-05-14 08:57:29,326 - INFO - Epoch 119, Val Accuracy: 0.7293
2026-05-14 08:57:29,440 - INFO - Epoch 120, Step:0, Avg Loss: 0.09371501207351685 lr:0.0009
2026-05-14 08:57:39,994 - INFO - Epoch 120, Step:100, Avg Loss: 0.08020921094808728 lr:0.0009
2026-05-14 08:57:50,402 - INFO - Epoch 120, Val Accuracy: 0.7550
2026-05-14 08:57:50,517 - INFO - Epoch 121, Step:0, Avg Loss: 0.0014774792362004519 lr:0.0009
2026-05-14 08:58:01,307 - INFO - Epoch 121, Step:100, Avg Loss: 0.046112179066985844 lr:0.0008
2026-05-14 08:58:11,760 - INFO - Epoch 121, Val Accuracy: 0.7443
2026-05-14 08:58:11,874 - INFO - Epoch 122, Step:0, Avg Loss: 0.07748375833034515 lr:0.0008
2026-05-14 08:58:22,453 - INFO - Epoch 122, Step:100, Avg Loss: 0.06170827285735868 lr:0.0008
2026-05-14 08:58:32,688 - INFO - Epoch 122, Val Accuracy: 0.7407
2026-05-14 08:58:32,801 - INFO - Epoch 123, Step:0, Avg Loss: 0.002962435595691204 lr:0.0008
2026-05-14 08:58:43,367 - INFO - Epoch 123, Step:100, Avg Loss: 0.03549328019958921 lr:0.0008
2026-05-14 08:58:53,664 - INFO - Epoch 123, Val Accuracy: 0.7171
2026-05-14 08:58:53,778 - INFO - Epoch 124, Step:0, Avg Loss: 0.20771034061908722 lr:0.0007
2026-05-14 08:59:04,412 - INFO - Epoch 124, Step:100, Avg Loss: 0.04401622100267559 lr:0.0007
2026-05-14 08:59:14,673 - INFO - Epoch 124, Val Accuracy: 0.7221
2026-05-14 08:59:14,785 - INFO - Epoch 125, Step:0, Avg Loss: 0.33225464820861816 lr:0.0007
2026-05-14 08:59:25,382 - INFO - Epoch 125, Step:100, Avg Loss: 0.041958921032492075 lr:0.0007
2026-05-14 08:59:35,648 - INFO - Epoch 125, Val Accuracy: 0.7364
2026-05-14 08:59:35,762 - INFO - Epoch 126, Step:0, Avg Loss: 0.035840921103954315 lr:0.0006
2026-05-14 08:59:46,348 - INFO - Epoch 126, Step:100, Avg Loss: 0.04185980009031482 lr:0.0006
2026-05-14 08:59:56,605 - INFO - Epoch 126, Val Accuracy: 0.7571
2026-05-14 08:59:56,720 - INFO - Epoch 127, Step:0, Avg Loss: 0.002982174977660179 lr:0.0006
2026-05-14 09:00:07,303 - INFO - Epoch 127, Step:100, Avg Loss: 0.01774034593734541 lr:0.0006
2026-05-14 09:00:17,483 - INFO - Epoch 127, Val Accuracy: 0.7357
2026-05-14 09:00:17,596 - INFO - Epoch 128, Step:0, Avg Loss: 0.03190355747938156 lr:0.0005
2026-05-14 09:00:28,142 - INFO - Epoch 128, Step:100, Avg Loss: 0.021869978046888717 lr:0.0005
2026-05-14 09:00:38,400 - INFO - Epoch 128, Val Accuracy: 0.7521
2026-05-14 09:00:38,515 - INFO - Epoch 129, Step:0, Avg Loss: 0.04776608943939209 lr:0.0005
2026-05-14 09:00:49,120 - INFO - Epoch 129, Step:100, Avg Loss: 0.028065447104672785 lr:0.0005
2026-05-14 09:00:59,396 - INFO - Epoch 129, Val Accuracy: 0.7471
2026-05-14 09:00:59,515 - INFO - Epoch 130, Step:0, Avg Loss: 0.005006671883165836 lr:0.0004
2026-05-14 09:01:10,131 - INFO - Epoch 130, Step:100, Avg Loss: 0.019914838263357524 lr:0.0004
2026-05-14 09:01:20,348 - INFO - Epoch 130, Val Accuracy: 0.7507
2026-05-14 09:01:20,460 - INFO - Epoch 131, Step:0, Avg Loss: 0.014414172619581223 lr:0.0004
2026-05-14 09:01:31,043 - INFO - Epoch 131, Step:100, Avg Loss: 0.007036325681510789 lr:0.0003
2026-05-14 09:01:41,222 - INFO - Epoch 131, Val Accuracy: 0.7636
2026-05-14 09:01:41,334 - INFO - Epoch 132, Step:0, Avg Loss: 0.008377579040825367 lr:0.0003
2026-05-14 09:01:51,918 - INFO - Epoch 132, Step:100, Avg Loss: 0.004904359087340708 lr:0.0003
2026-05-14 09:02:02,203 - INFO - Epoch 132, Val Accuracy: 0.7436
2026-05-14 09:02:02,319 - INFO - Epoch 133, Step:0, Avg Loss: 0.000708623556420207 lr:0.0003
2026-05-14 09:02:12,922 - INFO - Epoch 133, Step:100, Avg Loss: 0.0031105482799648598 lr:0.0002
2026-05-14 09:02:23,180 - INFO - Epoch 133, Val Accuracy: 0.7586
2026-05-14 09:02:23,293 - INFO - Epoch 134, Step:0, Avg Loss: 0.00019089298439212143 lr:0.0002
2026-05-14 09:02:33,885 - INFO - Epoch 134, Step:100, Avg Loss: 0.004968998183458097 lr:0.0002
2026-05-14 09:02:44,196 - INFO - Epoch 134, New best accuracy: 0.7743, model saved
2026-05-14 09:02:44,197 - INFO - Epoch 134, Val Accuracy: 0.7743
2026-05-14 09:02:44,311 - INFO - Epoch 135, Step:0, Avg Loss: 0.0014479244127869606 lr:0.0002
2026-05-14 09:02:54,979 - INFO - Epoch 135, Step:100, Avg Loss: 0.002593890204798299 lr:0.0002
2026-05-14 09:03:05,248 - INFO - Epoch 135, Val Accuracy: 0.7664
2026-05-14 09:03:05,362 - INFO - Epoch 136, Step:0, Avg Loss: 0.00975842960178852 lr:0.0001
2026-05-14 09:03:15,939 - INFO - Epoch 136, Step:100, Avg Loss: 0.003561887789528555 lr:0.0001
2026-05-14 09:03:26,191 - INFO - Epoch 136, Val Accuracy: 0.7700
2026-05-14 09:03:26,306 - INFO - Epoch 137, Step:0, Avg Loss: 0.0012339086970314384 lr:0.0001
2026-05-14 09:03:36,873 - INFO - Epoch 137, Step:100, Avg Loss: 0.0019833863011353967 lr:0.0001
2026-05-14 09:03:47,232 - INFO - Epoch 137, Val Accuracy: 0.7543
2026-05-14 09:03:47,347 - INFO - Epoch 138, Step:0, Avg Loss: 0.00028752704383805394 lr:0.0001
2026-05-14 09:03:58,114 - INFO - Epoch 138, Step:100, Avg Loss: 0.002734879316694787 lr:0.0001
2026-05-14 09:04:08,568 - INFO - Epoch 138, Val Accuracy: 0.7550
2026-05-14 09:04:08,684 - INFO - Epoch 139, Step:0, Avg Loss: 0.00030570305534638464 lr:0.0001
2026-05-14 09:04:19,314 - INFO - Epoch 139, Step:100, Avg Loss: 0.0017716136534272663 lr:0.0000
2026-05-14 09:35:05,182 - INFO - Epoch 139, Val Accuracy: 0.7557
2026-05-14 09:35:05,315 - INFO - Epoch 140, Step:0, Avg Loss: 0.00034444464836269617 lr:0.0000
2026-05-14 09:35:18,305 - INFO - Epoch 140, Step:100, Avg Loss: 0.0005790959133355499 lr:0.0000
2026-05-14 09:35:29,469 - INFO - Epoch 140, Val Accuracy: 0.7543
2026-05-14 09:35:29,587 - INFO - Epoch 141, Step:0, Avg Loss: 5.4716863814974204e-05 lr:0.0000
2026-05-14 09:35:40,403 - INFO - Epoch 141, Step:100, Avg Loss: 0.0006438642935790995 lr:0.0000
2026-05-14 09:35:51,362 - INFO - Epoch 141, Val Accuracy: 0.7564
2026-05-14 09:35:51,535 - INFO - Epoch 142, Step:0, Avg Loss: 4.304757385398261e-05 lr:0.0000
2026-05-14 09:36:02,902 - INFO - Epoch 142, Step:100, Avg Loss: 0.0015899265812618069 lr:0.0000
2026-05-14 09:36:13,188 - INFO - Epoch 142, Val Accuracy: 0.7543
2026-05-14 09:36:13,298 - INFO - Epoch 143, Step:0, Avg Loss: 4.5350592699833214e-05 lr:0.0000
2026-05-14 09:36:23,927 - INFO - Epoch 143, Step:100, Avg Loss: 0.0004974700919922271 lr:0.0000
2026-05-14 09:36:34,150 - INFO - Epoch 143, Val Accuracy: 0.7586
2026-05-14 09:36:34,263 - INFO - Epoch 144, Step:0, Avg Loss: 0.00013892934657633305 lr:0.0000
2026-05-14 09:36:44,956 - INFO - Epoch 144, Step:100, Avg Loss: 0.000668877564903596 lr:0.0000
2026-05-14 09:36:55,201 - INFO - Epoch 144, Val Accuracy: 0.7600
2026-05-14 09:36:55,323 - INFO - Epoch 145, Step:0, Avg Loss: 0.00016203454288188368 lr:0.0000
2026-05-14 09:37:06,037 - INFO - Epoch 145, Step:100, Avg Loss: 0.0009383449345841655 lr:0.0000
2026-05-14 09:37:16,293 - INFO - Epoch 145, Val Accuracy: 0.7650
2026-05-14 09:37:16,406 - INFO - Epoch 146, Step:0, Avg Loss: 0.0002361272054258734 lr:0.0000
2026-05-14 09:37:27,196 - INFO - Epoch 146, Step:100, Avg Loss: 0.002126576729642693 lr:0.0001
2026-05-14 09:37:37,507 - INFO - Epoch 146, Val Accuracy: 0.7636
2026-05-14 09:37:37,621 - INFO - Epoch 147, Step:0, Avg Loss: 8.485963007842656e-06 lr:0.0001
2026-05-14 09:37:48,387 - INFO - Epoch 147, Step:100, Avg Loss: 0.0004018757843732601 lr:0.0001
2026-05-14 09:37:58,775 - INFO - Epoch 147, Val Accuracy: 0.7629
2026-05-14 09:37:58,886 - INFO - Epoch 148, Step:0, Avg Loss: 0.0010602573165670037 lr:0.0001
2026-05-14 09:38:09,630 - INFO - Epoch 148, Step:100, Avg Loss: 0.001277051666634179 lr:0.0001
2026-05-14 09:38:19,965 - INFO - Epoch 148, Val Accuracy: 0.7671
2026-05-14 09:38:20,082 - INFO - Epoch 149, Step:0, Avg Loss: 0.00014330098929349333 lr:0.0001
2026-05-14 09:38:30,787 - INFO - Epoch 149, Step:100, Avg Loss: 0.004299886439630427 lr:0.0001
2026-05-14 09:38:40,978 - INFO - Epoch 149, Val Accuracy: 0.7664
2026-05-14 09:38:41,095 - INFO - Epoch 150, Step:0, Avg Loss: 0.00957044679671526 lr:0.0002
2026-05-14 09:38:51,822 - INFO - Epoch 150, Step:100, Avg Loss: 0.004374772828050481 lr:0.0002
2026-05-14 09:39:02,108 - INFO - Epoch 150, Val Accuracy: 0.7521
2026-05-14 09:39:02,227 - INFO - Epoch 151, Step:0, Avg Loss: 0.0016681757988408208 lr:0.0002
2026-05-14 09:39:12,972 - INFO - Epoch 151, Step:100, Avg Loss: 0.013415867710555175 lr:0.0002
2026-05-14 09:39:23,375 - INFO - Epoch 151, Val Accuracy: 0.7450
2026-05-14 09:39:23,496 - INFO - Epoch 152, Step:0, Avg Loss: 0.0003069818776566535 lr:0.0002
2026-05-14 09:39:34,213 - INFO - Epoch 152, Step:100, Avg Loss: 0.032153315863615715 lr:0.0003
2026-05-14 09:39:44,592 - INFO - Epoch 152, Val Accuracy: 0.7550
2026-05-14 09:39:44,709 - INFO - Epoch 153, Step:0, Avg Loss: 0.0002070897025987506 lr:0.0003
2026-05-14 09:39:55,572 - INFO - Epoch 153, Step:100, Avg Loss: 0.0054720518774411175 lr:0.0003
2026-05-14 09:40:06,252 - INFO - Epoch 153, Val Accuracy: 0.7564
2026-05-14 09:40:06,371 - INFO - Epoch 154, Step:0, Avg Loss: 0.0009025406325235963 lr:0.0003
2026-05-14 09:40:17,056 - INFO - Epoch 154, Step:100, Avg Loss: 0.0023519382634003706 lr:0.0004
2026-05-14 09:40:27,376 - INFO - Epoch 154, Val Accuracy: 0.7557
2026-05-14 09:40:27,488 - INFO - Epoch 155, Step:0, Avg Loss: 0.002769025042653084 lr:0.0004
2026-05-14 09:40:38,073 - INFO - Epoch 155, Step:100, Avg Loss: 0.1218822784879012 lr:0.0004
2026-05-14 09:40:48,449 - INFO - Epoch 155, Val Accuracy: 0.7450
2026-05-14 09:40:48,564 - INFO - Epoch 156, Step:0, Avg Loss: 0.010544834658503532 lr:0.0004
2026-05-14 09:40:59,257 - INFO - Epoch 156, Step:100, Avg Loss: 0.028353854565066287 lr:0.0005
2026-05-14 09:41:14,054 - INFO - Epoch 156, Val Accuracy: 0.7464
2026-05-14 09:41:14,315 - INFO - Epoch 157, Step:0, Avg Loss: 0.00864175334572792 lr:0.0005
2026-05-14 09:41:37,286 - INFO - Epoch 157, Step:100, Avg Loss: 0.05814278468140401 lr:0.0005
2026-05-14 09:41:59,204 - INFO - Epoch 157, Val Accuracy: 0.7536
2026-05-14 09:41:59,436 - INFO - Epoch 158, Step:0, Avg Loss: 0.0017619386781007051 lr:0.0006
2026-05-14 09:42:21,680 - INFO - Epoch 158, Step:100, Avg Loss: 0.08259653115295805 lr:0.0006
2026-05-14 09:42:43,230 - INFO - Epoch 158, Val Accuracy: 0.7379
2026-05-14 09:42:43,456 - INFO - Epoch 159, Step:0, Avg Loss: 0.006500361952930689 lr:0.0006
2026-05-14 09:43:07,102 - INFO - Epoch 159, Step:100, Avg Loss: 0.03718751218868419 lr:0.0006
2026-05-14 09:43:27,280 - INFO - Epoch 159, Val Accuracy: 0.7407
2026-05-14 09:43:27,501 - INFO - Epoch 160, Step:0, Avg Loss: 0.05688441917300224 lr:0.0007
2026-05-14 09:43:42,859 - INFO - Epoch 160, Step:100, Avg Loss: 0.08814721254748292 lr:0.0007
2026-05-14 09:44:01,820 - INFO - Epoch 160, Val Accuracy: 0.7336
2026-05-14 09:44:02,058 - INFO - Epoch 161, Step:0, Avg Loss: 0.00041470001451671124 lr:0.0007
2026-05-14 09:44:25,416 - INFO - Epoch 161, Step:100, Avg Loss: 0.06799993095337413 lr:0.0007
2026-05-14 09:44:48,040 - INFO - Epoch 161, Val Accuracy: 0.7243
2026-05-14 09:44:48,288 - INFO - Epoch 162, Step:0, Avg Loss: 0.16715610027313232 lr:0.0008
2026-05-14 09:45:11,293 - INFO - Epoch 162, Step:100, Avg Loss: 0.09714453194057569 lr:0.0008
2026-05-14 09:45:33,156 - INFO - Epoch 162, Val Accuracy: 0.7264
2026-05-14 09:45:33,392 - INFO - Epoch 163, Step:0, Avg Loss: 0.15740148723125458 lr:0.0008
2026-05-14 09:45:55,960 - INFO - Epoch 163, Step:100, Avg Loss: 0.06456758296582848 lr:0.0008
2026-05-14 09:46:17,960 - INFO - Epoch 163, Val Accuracy: 0.7300
2026-05-14 09:46:18,208 - INFO - Epoch 164, Step:0, Avg Loss: 0.01742742210626602 lr:0.0008
2026-05-14 09:46:40,983 - INFO - Epoch 164, Step:100, Avg Loss: 0.05897666956589091 lr:0.0009
2026-05-14 09:47:00,743 - INFO - Epoch 164, Val Accuracy: 0.7071
2026-05-14 09:47:00,982 - INFO - Epoch 165, Step:0, Avg Loss: 0.13996835052967072 lr:0.0009
2026-05-14 09:47:24,305 - INFO - Epoch 165, Step:100, Avg Loss: 0.06773277405183763 lr:0.0009
2026-05-14 09:47:46,601 - INFO - Epoch 165, Val Accuracy: 0.7457
2026-05-14 09:47:46,836 - INFO - Epoch 166, Step:0, Avg Loss: 0.011658825911581516 lr:0.0009
2026-05-14 09:48:10,187 - INFO - Epoch 166, Step:100, Avg Loss: 0.06942370089702309 lr:0.0009
2026-05-14 09:48:33,037 - INFO - Epoch 166, Val Accuracy: 0.7471
2026-05-14 09:48:33,287 - INFO - Epoch 167, Step:0, Avg Loss: 0.13762815296649933 lr:0.0009
2026-05-14 09:48:56,844 - INFO - Epoch 167, Step:100, Avg Loss: 0.05681507016182877 lr:0.0010
2026-05-14 09:49:19,322 - INFO - Epoch 167, Val Accuracy: 0.7207
2026-05-14 09:49:19,554 - INFO - Epoch 168, Step:0, Avg Loss: 0.016796931624412537 lr:0.0010
2026-05-14 09:49:43,208 - INFO - Epoch 168, Step:100, Avg Loss: 0.07215838455595076 lr:0.0010
2026-05-14 09:50:05,420 - INFO - Epoch 168, Val Accuracy: 0.7036
2026-05-14 09:50:05,676 - INFO - Epoch 169, Step:0, Avg Loss: 0.09525318443775177 lr:0.0010
2026-05-14 09:50:28,819 - INFO - Epoch 169, Step:100, Avg Loss: 0.11267047717235983 lr:0.0010
2026-05-14 09:50:51,492 - INFO - Epoch 169, Val Accuracy: 0.7179
2026-05-14 09:50:51,749 - INFO - Epoch 170, Step:0, Avg Loss: 0.21263623237609863 lr:0.0010
2026-05-14 09:51:15,446 - INFO - Epoch 170, Step:100, Avg Loss: 0.0791787465242669 lr:0.0010
2026-05-14 09:51:37,899 - INFO - Epoch 170, Val Accuracy: 0.7657
2026-05-14 09:51:38,157 - INFO - Epoch 171, Step:0, Avg Loss: 0.01934501715004444 lr:0.0010
2026-05-14 09:52:02,379 - INFO - Epoch 171, Step:100, Avg Loss: 0.08039548087632284 lr:0.0010
2026-05-14 09:52:25,459 - INFO - Epoch 171, Val Accuracy: 0.7343
2026-05-14 09:52:25,591 - INFO - Epoch 172, Step:0, Avg Loss: 0.3030944764614105 lr:0.0010
2026-05-14 09:52:45,408 - INFO - Epoch 172, Step:100, Avg Loss: 0.08230504484265111 lr:0.0010
2026-05-14 09:53:08,061 - INFO - Epoch 172, Val Accuracy: 0.7279
2026-05-14 09:53:08,302 - INFO - Epoch 173, Step:0, Avg Loss: 0.04423438012599945 lr:0.0010
2026-05-14 09:53:31,463 - INFO - Epoch 173, Step:100, Avg Loss: 0.07425691807409748 lr:0.0010
2026-05-14 09:53:53,465 - INFO - Epoch 173, Val Accuracy: 0.7464
2026-05-14 09:53:53,726 - INFO - Epoch 174, Step:0, Avg Loss: 0.0003506345674395561 lr:0.0010
2026-05-14 09:54:16,758 - INFO - Epoch 174, Step:100, Avg Loss: 0.06472042898647487 lr:0.0010
2026-05-14 09:54:28,484 - INFO - Epoch 174, Val Accuracy: 0.7493
2026-05-14 09:54:28,533 - INFO - Epoch 175, Step:0, Avg Loss: 0.008487969636917114 lr:0.0010
2026-05-14 09:54:33,245 - INFO - Epoch 175, Step:100, Avg Loss: 0.04485328215640038 lr:0.0009
2026-05-14 09:54:37,850 - INFO - Epoch 175, Val Accuracy: 0.7393
2026-05-14 09:54:37,900 - INFO - Epoch 176, Step:0, Avg Loss: 0.014357691630721092 lr:0.0009
2026-05-14 09:54:42,683 - INFO - Epoch 176, Step:100, Avg Loss: 0.07868779311073013 lr:0.0009
2026-05-14 09:54:47,284 - INFO - Epoch 176, Val Accuracy: 0.7586
2026-05-14 09:54:47,331 - INFO - Epoch 177, Step:0, Avg Loss: 0.006142703350633383 lr:0.0009
2026-05-14 09:54:52,042 - INFO - Epoch 177, Step:100, Avg Loss: 0.034781254492118024 lr:0.0009
2026-05-14 09:54:56,648 - INFO - Epoch 177, Val Accuracy: 0.7243
2026-05-14 09:54:56,697 - INFO - Epoch 178, Step:0, Avg Loss: 0.003155868500471115 lr:0.0009
2026-05-14 09:55:01,402 - INFO - Epoch 178, Step:100, Avg Loss: 0.029364376320154408 lr:0.0009
2026-05-14 09:55:06,003 - INFO - Epoch 178, Val Accuracy: 0.7400
2026-05-14 09:55:06,052 - INFO - Epoch 179, Step:0, Avg Loss: 0.00012869370402768254 lr:0.0008
2026-05-14 09:55:10,762 - INFO - Epoch 179, Step:100, Avg Loss: 0.061965033404994756 lr:0.0008
2026-05-14 09:55:15,360 - INFO - Epoch 179, Val Accuracy: 0.7379
2026-05-14 09:55:15,408 - INFO - Epoch 180, Step:0, Avg Loss: 0.009956203401088715 lr:0.0008
2026-05-14 09:55:20,122 - INFO - Epoch 180, Step:100, Avg Loss: 0.039085506679839455 lr:0.0008
2026-05-14 09:55:28,993 - INFO - Epoch 180, Val Accuracy: 0.7436
2026-05-14 09:55:29,106 - INFO - Epoch 181, Step:0, Avg Loss: 0.04776953533291817 lr:0.0007
2026-05-14 09:55:39,696 - INFO - Epoch 181, Step:100, Avg Loss: 0.042675968799449036 lr:0.0007
2026-05-14 09:55:50,682 - INFO - Epoch 181, Val Accuracy: 0.7507
2026-05-14 09:55:50,799 - INFO - Epoch 182, Step:0, Avg Loss: 0.0012526466744020581 lr:0.0007
2026-05-14 09:56:02,146 - INFO - Epoch 182, Step:100, Avg Loss: 0.037547289611247835 lr:0.0007
2026-05-14 09:56:13,097 - INFO - Epoch 182, New best accuracy: 0.7771, model saved
2026-05-14 09:56:13,097 - INFO - Epoch 182, Val Accuracy: 0.7771
2026-05-14 09:56:13,225 - INFO - Epoch 183, Step:0, Avg Loss: 0.0010266818571835756 lr:0.0007
2026-05-14 09:56:24,202 - INFO - Epoch 183, Step:100, Avg Loss: 0.013735969608387678 lr:0.0006
2026-05-14 09:56:34,684 - INFO - Epoch 183, Val Accuracy: 0.7643
2026-05-14 09:56:34,796 - INFO - Epoch 184, Step:0, Avg Loss: 0.002411838388070464 lr:0.0006
2026-05-14 09:56:45,531 - INFO - Epoch 184, Step:100, Avg Loss: 0.017053477831759666 lr:0.0006
2026-05-14 09:56:56,513 - INFO - Epoch 184, Val Accuracy: 0.7407
2026-05-14 09:56:56,639 - INFO - Epoch 185, Step:0, Avg Loss: 0.007754295598715544 lr:0.0005
2026-05-14 09:57:07,394 - INFO - Epoch 185, Step:100, Avg Loss: 0.024458995328313905 lr:0.0005
2026-05-14 09:57:18,017 - INFO - Epoch 185, Val Accuracy: 0.7664
2026-05-14 09:57:18,194 - INFO - Epoch 186, Step:0, Avg Loss: 0.007239423226565123 lr:0.0005
2026-05-14 09:57:29,041 - INFO - Epoch 186, Step:100, Avg Loss: 0.007344382921519355 lr:0.0005
2026-05-14 09:57:39,406 - INFO - Epoch 186, Val Accuracy: 0.7621
2026-05-14 09:57:39,523 - INFO - Epoch 187, Step:0, Avg Loss: 0.0013006033841520548 lr:0.0004
2026-05-14 09:57:50,407 - INFO - Epoch 187, Step:100, Avg Loss: 0.015059559399269347 lr:0.0004
2026-05-14 09:58:01,252 - INFO - Epoch 187, Val Accuracy: 0.7450
2026-05-14 09:58:01,369 - INFO - Epoch 188, Step:0, Avg Loss: 0.00015526053903158754 lr:0.0004
2026-05-14 09:58:12,199 - INFO - Epoch 188, Step:100, Avg Loss: 0.003830525501016382 lr:0.0004
2026-05-14 09:58:23,106 - INFO - Epoch 188, Val Accuracy: 0.7736
2026-05-14 09:58:23,233 - INFO - Epoch 189, Step:0, Avg Loss: 0.001626308774575591 lr:0.0003
2026-05-14 09:58:34,016 - INFO - Epoch 189, Step:100, Avg Loss: 0.007075628794482327 lr:0.0003
2026-05-14 09:58:44,399 - INFO - Epoch 189, Val Accuracy: 0.7564
2026-05-14 09:58:44,516 - INFO - Epoch 190, Step:0, Avg Loss: 0.0002117682306561619 lr:0.0003
2026-05-14 09:58:55,526 - INFO - Epoch 190, Step:100, Avg Loss: 0.00227593440462897 lr:0.0003
2026-05-14 09:59:06,023 - INFO - Epoch 190, Val Accuracy: 0.7621
2026-05-14 09:59:06,141 - INFO - Epoch 191, Step:0, Avg Loss: 0.00017999699048232287 lr:0.0002
2026-05-14 09:59:16,871 - INFO - Epoch 191, Step:100, Avg Loss: 0.000903980395578401 lr:0.0002
2026-05-14 09:59:32,287 - INFO - Epoch 191, Val Accuracy: 0.7657
2026-05-14 09:59:32,558 - INFO - Epoch 192, Step:0, Avg Loss: 0.00032714978442527354 lr:0.0002
2026-05-14 09:59:56,427 - INFO - Epoch 192, Step:100, Avg Loss: 0.0012596141255949078 lr:0.0002
2026-05-14 10:00:19,143 - INFO - Epoch 192, Val Accuracy: 0.7693
2026-05-14 10:00:19,384 - INFO - Epoch 193, Step:0, Avg Loss: 2.136229886673391e-05 lr:0.0001
2026-05-14 10:00:43,128 - INFO - Epoch 193, Step:100, Avg Loss: 0.0005880821289065353 lr:0.0001
2026-05-14 10:01:05,638 - INFO - Epoch 193, Val Accuracy: 0.7629
2026-05-14 10:01:05,896 - INFO - Epoch 194, Step:0, Avg Loss: 3.892354288836941e-05 lr:0.0001
2026-05-14 10:01:29,062 - INFO - Epoch 194, Step:100, Avg Loss: 0.0005731559358594041 lr:0.0001
2026-05-14 10:01:51,589 - INFO - Epoch 194, Val Accuracy: 0.7679
2026-05-14 10:01:51,838 - INFO - Epoch 195, Step:0, Avg Loss: 0.00021053937962278724 lr:0.0001
2026-05-14 10:02:15,214 - INFO - Epoch 195, Step:100, Avg Loss: 0.0014059522314141758 lr:0.0001
2026-05-14 10:02:36,981 - INFO - Epoch 195, Val Accuracy: 0.7714
2026-05-14 10:02:37,230 - INFO - Epoch 196, Step:0, Avg Loss: 0.0016772225499153137 lr:0.0001
2026-05-14 10:03:00,546 - INFO - Epoch 196, Step:100, Avg Loss: 0.0011918569559497883 lr:0.0000
2026-05-14 10:03:23,326 - INFO - Epoch 196, Val Accuracy: 0.7686
2026-05-14 10:03:23,579 - INFO - Epoch 197, Step:0, Avg Loss: 4.9187641707248986e-05 lr:0.0000
2026-05-14 10:03:46,976 - INFO - Epoch 197, Step:100, Avg Loss: 0.00029421060362437855 lr:0.0000
2026-05-14 10:04:09,706 - INFO - Epoch 197, Val Accuracy: 0.7671
2026-05-14 10:04:09,957 - INFO - Epoch 198, Step:0, Avg Loss: 0.0008607359486632049 lr:0.0000
2026-05-14 10:04:33,461 - INFO - Epoch 198, Step:100, Avg Loss: 0.001140933036417664 lr:0.0000
2026-05-14 10:04:55,999 - INFO - Epoch 198, Val Accuracy: 0.7657
2026-05-14 10:04:56,231 - INFO - Epoch 199, Step:0, Avg Loss: 0.00036971853114664555 lr:0.0000
2026-05-14 10:05:19,937 - INFO - Epoch 199, Step:100, Avg Loss: 0.0004432488266638757 lr:0.0000
2026-05-14 10:05:42,547 - INFO - Epoch 199, Val Accuracy: 0.7643
